2023-03-08 15:34:56,054 ERROR [main][LoggingFailureAnalysisReporter.java:40] - 

***************************
APPLICATION FAILED TO START
***************************

Description:

A component required a bean named 'authorizationServerTokenServicesCustom' that could not be found.


Action:

Consider defining a bean named 'authorizationServerTokenServicesCustom' in your configuration.

2023-03-08 15:35:19,245 ERROR [main][LoggingFailureAnalysisReporter.java:40] - 

***************************
APPLICATION FAILED TO START
***************************

Description:

A component required a bean named 'authorizationServerTokenServicesCustom' that could not be found.


Action:

Consider defining a bean named 'authorizationServerTokenServicesCustom' in your configuration.

2023-03-08 15:38:13,083 ERROR [main][LoggingFailureAnalysisReporter.java:40] - 

***************************
APPLICATION FAILED TO START
***************************

Description:

A component required a bean named 'authorizationServerTokenServicesCustom' that could not be found.


Action:

Consider defining a bean named 'authorizationServerTokenServicesCustom' in your configuration.

2023-03-08 15:40:40,832 ERROR [main][LoggingFailureAnalysisReporter.java:40] - 

***************************
APPLICATION FAILED TO START
***************************

Description:

A component required a bean named 'authorizationServerTokenServicesCustom' that could not be found.


Action:

Consider defining a bean named 'authorizationServerTokenServicesCustom' in your configuration.

2023-03-08 15:45:01,201 ERROR [main][LoggingFailureAnalysisReporter.java:40] - 

***************************
APPLICATION FAILED TO START
***************************

Description:

A component required a bean named 'authorizationServerTokenServicesCustom' that could not be found.


Action:

Consider defining a bean named 'authorizationServerTokenServicesCustom' in your configuration.

