2023-03-10 20:54:08,063 INFO [main][SpringApplication.java:655] - The following profiles are active: dev
2023-03-10 20:54:08,063 INFO [main][SpringApplication.java:655] - The following profiles are active: dev
2023-03-10 20:54:09,184 DEBUG [main][LogFactory.java:105] - Logging initialized using 'class org.apache.ibatis.logging.slf4j.Slf4jImpl' adapter.
2023-03-10 20:54:09,184 DEBUG [main][LogFactory.java:105] - Logging initialized using 'class org.apache.ibatis.logging.slf4j.Slf4jImpl' adapter.
2023-03-10 20:54:09,302 INFO [main][GenericScope.java:295] - BeanFactory id=a93b8e63-a5bd-3ef1-9ced-005731fdbedf
2023-03-10 20:54:09,302 INFO [main][GenericScope.java:295] - BeanFactory id=a93b8e63-a5bd-3ef1-9ced-005731fdbedf
2023-03-10 20:54:09,645 WARN [main][URLConfigurationSource.java:121] - No URLs will be polled as dynamic configuration sources.
2023-03-10 20:54:09,645 WARN [main][URLConfigurationSource.java:121] - No URLs will be polled as dynamic configuration sources.
2023-03-10 20:54:09,645 INFO [main][URLConfigurationSource.java:122] - To enable URLs as dynamic configuration sources, define System property archaius.configurationSource.additionalUrls or make config.properties available on classpath.
2023-03-10 20:54:09,645 INFO [main][URLConfigurationSource.java:122] - To enable URLs as dynamic configuration sources, define System property archaius.configurationSource.additionalUrls or make config.properties available on classpath.
2023-03-10 20:54:09,653 WARN [main][URLConfigurationSource.java:121] - No URLs will be polled as dynamic configuration sources.
2023-03-10 20:54:09,653 WARN [main][URLConfigurationSource.java:121] - No URLs will be polled as dynamic configuration sources.
2023-03-10 20:54:09,653 INFO [main][URLConfigurationSource.java:122] - To enable URLs as dynamic configuration sources, define System property archaius.configurationSource.additionalUrls or make config.properties available on classpath.
2023-03-10 20:54:09,653 INFO [main][URLConfigurationSource.java:122] - To enable URLs as dynamic configuration sources, define System property archaius.configurationSource.additionalUrls or make config.properties available on classpath.
2023-03-10 20:54:11,713 INFO [main][InetUtils.java:170] - Cannot determine local hostname
2023-03-10 20:54:11,713 INFO [main][InetUtils.java:170] - Cannot determine local hostname
2023-03-10 20:54:11,730 INFO [main][ExecutorConfigurationSupport.java:181] - Initializing ExecutorService 'Nacos-Watch-Task-Scheduler'
2023-03-10 20:54:11,730 INFO [main][ExecutorConfigurationSupport.java:181] - Initializing ExecutorService 'Nacos-Watch-Task-Scheduler'
2023-03-10 20:54:11,886 WARN [main][AbstractApplicationContext.java:559] - Exception encountered during context initialization - cancelling refresh attempt: org.springframework.beans.factory.BeanCreationException: Error creating bean with name 'dataSource' defined in class path resource [org/springframework/boot/autoconfigure/jdbc/DataSourceConfiguration$Hikari.class]: Bean instantiation via factory method failed; nested exception is org.springframework.beans.BeanInstantiationException: Failed to instantiate [com.zaxxer.hikari.HikariDataSource]: Factory method 'dataSource' threw exception; nested exception is org.springframework.boot.autoconfigure.jdbc.DataSourceProperties$DataSourceBeanCreationException: Failed to determine a suitable driver class
2023-03-10 20:54:11,886 WARN [main][AbstractApplicationContext.java:559] - Exception encountered during context initialization - cancelling refresh attempt: org.springframework.beans.factory.BeanCreationException: Error creating bean with name 'dataSource' defined in class path resource [org/springframework/boot/autoconfigure/jdbc/DataSourceConfiguration$Hikari.class]: Bean instantiation via factory method failed; nested exception is org.springframework.beans.BeanInstantiationException: Failed to instantiate [com.zaxxer.hikari.HikariDataSource]: Factory method 'dataSource' threw exception; nested exception is org.springframework.boot.autoconfigure.jdbc.DataSourceProperties$DataSourceBeanCreationException: Failed to determine a suitable driver class
2023-03-10 20:54:11,887 WARN [main][DisposableBeanAdapter.java:349] - Destroy method 'close' on bean with name 'nacosServiceRegistry' threw an exception: java.lang.NullPointerException
2023-03-10 20:54:11,887 WARN [main][DisposableBeanAdapter.java:349] - Destroy method 'close' on bean with name 'nacosServiceRegistry' threw an exception: java.lang.NullPointerException
2023-03-10 20:54:11,899 INFO [main][ConditionEvaluationReportLoggingListener.java:136] - 

Error starting ApplicationContext. To display the conditions report re-run your application with 'debug' enabled.
2023-03-10 20:54:11,899 INFO [main][ConditionEvaluationReportLoggingListener.java:136] - 

Error starting ApplicationContext. To display the conditions report re-run your application with 'debug' enabled.
2023-03-10 20:54:11,902 ERROR [main][LoggingFailureAnalysisReporter.java:40] - 

***************************
APPLICATION FAILED TO START
***************************

Description:

Failed to configure a DataSource: 'url' attribute is not specified and no embedded datasource could be configured.

Reason: Failed to determine a suitable driver class


Action:

Consider the following:
	If you want an embedded database (H2, HSQL or Derby), please put it on the classpath.
	If you have database settings to be loaded from a particular profile you may need to activate it (no profiles are currently active).

2023-03-10 20:54:11,902 ERROR [main][LoggingFailureAnalysisReporter.java:40] - 

***************************
APPLICATION FAILED TO START
***************************

Description:

Failed to configure a DataSource: 'url' attribute is not specified and no embedded datasource could be configured.

Reason: Failed to determine a suitable driver class


Action:

Consider the following:
	If you want an embedded database (H2, HSQL or Derby), please put it on the classpath.
	If you have database settings to be loaded from a particular profile you may need to activate it (no profiles are currently active).

2023-03-10 20:54:17,107 INFO [main][SpringApplication.java:655] - The following profiles are active: dev
2023-03-10 20:54:17,107 INFO [main][SpringApplication.java:655] - The following profiles are active: dev
2023-03-10 20:54:17,550 INFO [main][GenericScope.java:295] - BeanFactory id=a93b8e63-a5bd-3ef1-9ced-005731fdbedf
2023-03-10 20:54:17,550 INFO [main][GenericScope.java:295] - BeanFactory id=a93b8e63-a5bd-3ef1-9ced-005731fdbedf
2023-03-10 20:54:17,868 WARN [main][URLConfigurationSource.java:121] - No URLs will be polled as dynamic configuration sources.
2023-03-10 20:54:17,868 WARN [main][URLConfigurationSource.java:121] - No URLs will be polled as dynamic configuration sources.
2023-03-10 20:54:17,868 INFO [main][URLConfigurationSource.java:122] - To enable URLs as dynamic configuration sources, define System property archaius.configurationSource.additionalUrls or make config.properties available on classpath.
2023-03-10 20:54:17,868 INFO [main][URLConfigurationSource.java:122] - To enable URLs as dynamic configuration sources, define System property archaius.configurationSource.additionalUrls or make config.properties available on classpath.
2023-03-10 20:54:20,042 INFO [main][InetUtils.java:170] - Cannot determine local hostname
2023-03-10 20:54:20,042 INFO [main][InetUtils.java:170] - Cannot determine local hostname
2023-03-10 20:54:20,051 INFO [main][ExecutorConfigurationSupport.java:181] - Initializing ExecutorService 'Nacos-Watch-Task-Scheduler'
2023-03-10 20:54:20,051 INFO [main][ExecutorConfigurationSupport.java:181] - Initializing ExecutorService 'Nacos-Watch-Task-Scheduler'
2023-03-10 20:54:20,153 WARN [main][AbstractApplicationContext.java:559] - Exception encountered during context initialization - cancelling refresh attempt: org.springframework.beans.factory.BeanCreationException: Error creating bean with name 'dataSource' defined in class path resource [org/springframework/boot/autoconfigure/jdbc/DataSourceConfiguration$Hikari.class]: Bean instantiation via factory method failed; nested exception is org.springframework.beans.BeanInstantiationException: Failed to instantiate [com.zaxxer.hikari.HikariDataSource]: Factory method 'dataSource' threw exception; nested exception is org.springframework.boot.autoconfigure.jdbc.DataSourceProperties$DataSourceBeanCreationException: Failed to determine a suitable driver class
2023-03-10 20:54:20,153 WARN [main][AbstractApplicationContext.java:559] - Exception encountered during context initialization - cancelling refresh attempt: org.springframework.beans.factory.BeanCreationException: Error creating bean with name 'dataSource' defined in class path resource [org/springframework/boot/autoconfigure/jdbc/DataSourceConfiguration$Hikari.class]: Bean instantiation via factory method failed; nested exception is org.springframework.beans.BeanInstantiationException: Failed to instantiate [com.zaxxer.hikari.HikariDataSource]: Factory method 'dataSource' threw exception; nested exception is org.springframework.boot.autoconfigure.jdbc.DataSourceProperties$DataSourceBeanCreationException: Failed to determine a suitable driver class
2023-03-10 20:54:20,159 WARN [main][DisposableBeanAdapter.java:349] - Destroy method 'close' on bean with name 'nacosServiceRegistry' threw an exception: java.lang.NullPointerException
2023-03-10 20:54:20,159 WARN [main][DisposableBeanAdapter.java:349] - Destroy method 'close' on bean with name 'nacosServiceRegistry' threw an exception: java.lang.NullPointerException
2023-03-10 20:54:20,163 INFO [main][ConditionEvaluationReportLoggingListener.java:136] - 

Error starting ApplicationContext. To display the conditions report re-run your application with 'debug' enabled.
2023-03-10 20:54:20,163 INFO [main][ConditionEvaluationReportLoggingListener.java:136] - 

Error starting ApplicationContext. To display the conditions report re-run your application with 'debug' enabled.
2023-03-10 20:54:20,164 ERROR [main][LoggingFailureAnalysisReporter.java:40] - 

***************************
APPLICATION FAILED TO START
***************************

Description:

Failed to configure a DataSource: 'url' attribute is not specified and no embedded datasource could be configured.

Reason: Failed to determine a suitable driver class


Action:

Consider the following:
	If you want an embedded database (H2, HSQL or Derby), please put it on the classpath.
	If you have database settings to be loaded from a particular profile you may need to activate it (no profiles are currently active).

2023-03-10 20:54:20,164 ERROR [main][LoggingFailureAnalysisReporter.java:40] - 

***************************
APPLICATION FAILED TO START
***************************

Description:

Failed to configure a DataSource: 'url' attribute is not specified and no embedded datasource could be configured.

Reason: Failed to determine a suitable driver class


Action:

Consider the following:
	If you want an embedded database (H2, HSQL or Derby), please put it on the classpath.
	If you have database settings to be loaded from a particular profile you may need to activate it (no profiles are currently active).

2023-03-10 20:54:20,165 ERROR [main][TestContextManager.java:248] - Caught exception while allowing TestExecutionListener [org.springframework.boot.test.autoconfigure.SpringBootDependencyInjectionTestExecutionListener@73fbdf68] to prepare test instance [com.xuecheng.orders.Test1@32f1fafe]
java.lang.IllegalStateException: Failed to load ApplicationContext
	at org.springframework.test.context.cache.DefaultCacheAwareContextLoaderDelegate.loadContext(DefaultCacheAwareContextLoaderDelegate.java:132)
	at org.springframework.test.context.support.DefaultTestContext.getApplicationContext(DefaultTestContext.java:123)
	at org.springframework.test.context.support.DependencyInjectionTestExecutionListener.injectDependencies(DependencyInjectionTestExecutionListener.java:118)
	at org.springframework.test.context.support.DependencyInjectionTestExecutionListener.prepareTestInstance(DependencyInjectionTestExecutionListener.java:83)
	at org.springframework.boot.test.autoconfigure.SpringBootDependencyInjectionTestExecutionListener.prepareTestInstance(SpringBootDependencyInjectionTestExecutionListener.java:43)
	at org.springframework.test.context.TestContextManager.prepareTestInstance(TestContextManager.java:244)
	at org.springframework.test.context.junit.jupiter.SpringExtension.postProcessTestInstance(SpringExtension.java:98)
	at org.junit.jupiter.engine.descriptor.ClassBasedTestDescriptor.lambda$invokeTestInstancePostProcessors$5(ClassBasedTestDescriptor.java:341)
	at org.junit.jupiter.engine.descriptor.ClassBasedTestDescriptor.executeAndMaskThrowable(ClassBasedTestDescriptor.java:346)
	at org.junit.jupiter.engine.descriptor.ClassBasedTestDescriptor.lambda$invokeTestInstancePostProcessors$6(ClassBasedTestDescriptor.java:341)
	at java.util.stream.ReferencePipeline$3$1.accept(ReferencePipeline.java:193)
	at java.util.stream.ReferencePipeline$2$1.accept(ReferencePipeline.java:175)
	at java.util.ArrayList$ArrayListSpliterator.forEachRemaining(ArrayList.java:1374)
	at java.util.stream.AbstractPipeline.copyInto(AbstractPipeline.java:481)
	at java.util.stream.AbstractPipeline.wrapAndCopyInto(AbstractPipeline.java:471)
	at java.util.stream.StreamSpliterators$WrappingSpliterator.forEachRemaining(StreamSpliterators.java:312)
	at java.util.stream.Streams$ConcatSpliterator.forEachRemaining(Streams.java:743)
	at java.util.stream.Streams$ConcatSpliterator.forEachRemaining(Streams.java:742)
	at java.util.stream.ReferencePipeline$Head.forEach(ReferencePipeline.java:580)
	at org.junit.jupiter.engine.descriptor.ClassBasedTestDescriptor.invokeTestInstancePostProcessors(ClassBasedTestDescriptor.java:340)
	at org.junit.jupiter.engine.descriptor.ClassBasedTestDescriptor.instantiateAndPostProcessTestInstance(ClassBasedTestDescriptor.java:263)
	at org.junit.jupiter.engine.descriptor.ClassBasedTestDescriptor.lambda$testInstancesProvider$2(ClassBasedTestDescriptor.java:256)
	at java.util.Optional.orElseGet(Optional.java:267)
	at org.junit.jupiter.engine.descriptor.ClassBasedTestDescriptor.lambda$testInstancesProvider$3(ClassBasedTestDescriptor.java:255)
	at org.junit.jupiter.engine.execution.TestInstancesProvider.getTestInstances(TestInstancesProvider.java:29)
	at org.junit.jupiter.engine.descriptor.TestMethodTestDescriptor.lambda$prepare$0(TestMethodTestDescriptor.java:108)
	at org.junit.platform.engine.support.hierarchical.ThrowableCollector.execute(ThrowableCollector.java:73)
	at org.junit.jupiter.engine.descriptor.TestMethodTestDescriptor.prepare(TestMethodTestDescriptor.java:107)
	at org.junit.jupiter.engine.descriptor.TestMethodTestDescriptor.prepare(TestMethodTestDescriptor.java:71)
	at org.junit.platform.engine.support.hierarchical.NodeTestTask.lambda$prepare$1(NodeTestTask.java:107)
	at org.junit.platform.engine.support.hierarchical.ThrowableCollector.execute(ThrowableCollector.java:73)
	at org.junit.platform.engine.support.hierarchical.NodeTestTask.prepare(NodeTestTask.java:107)
	at org.junit.platform.engine.support.hierarchical.NodeTestTask.execute(NodeTestTask.java:75)
	at java.util.ArrayList.forEach(ArrayList.java:1249)
	at org.junit.platform.engine.support.hierarchical.SameThreadHierarchicalTestExecutorService.invokeAll(SameThreadHierarchicalTestExecutorService.java:38)
	at org.junit.platform.engine.support.hierarchical.NodeTestTask.lambda$executeRecursively$5(NodeTestTask.java:139)
	at org.junit.platform.engine.support.hierarchical.ThrowableCollector.execute(ThrowableCollector.java:73)
	at org.junit.platform.engine.support.hierarchical.NodeTestTask.lambda$executeRecursively$7(NodeTestTask.java:125)
	at org.junit.platform.engine.support.hierarchical.Node.around(Node.java:135)
	at org.junit.platform.engine.support.hierarchical.NodeTestTask.lambda$executeRecursively$8(NodeTestTask.java:123)
	at org.junit.platform.engine.support.hierarchical.ThrowableCollector.execute(ThrowableCollector.java:73)
	at org.junit.platform.engine.support.hierarchical.NodeTestTask.executeRecursively(NodeTestTask.java:122)
	at org.junit.platform.engine.support.hierarchical.NodeTestTask.execute(NodeTestTask.java:80)
	at java.util.ArrayList.forEach(ArrayList.java:1249)
	at org.junit.platform.engine.support.hierarchical.SameThreadHierarchicalTestExecutorService.invokeAll(SameThreadHierarchicalTestExecutorService.java:38)
	at org.junit.platform.engine.support.hierarchical.NodeTestTask.lambda$executeRecursively$5(NodeTestTask.java:139)
	at org.junit.platform.engine.support.hierarchical.ThrowableCollector.execute(ThrowableCollector.java:73)
	at org.junit.platform.engine.support.hierarchical.NodeTestTask.lambda$executeRecursively$7(NodeTestTask.java:125)
	at org.junit.platform.engine.support.hierarchical.Node.around(Node.java:135)
	at org.junit.platform.engine.support.hierarchical.NodeTestTask.lambda$executeRecursively$8(NodeTestTask.java:123)
	at org.junit.platform.engine.support.hierarchical.ThrowableCollector.execute(ThrowableCollector.java:73)
	at org.junit.platform.engine.support.hierarchical.NodeTestTask.executeRecursively(NodeTestTask.java:122)
	at org.junit.platform.engine.support.hierarchical.NodeTestTask.execute(NodeTestTask.java:80)
	at org.junit.platform.engine.support.hierarchical.SameThreadHierarchicalTestExecutorService.submit(SameThreadHierarchicalTestExecutorService.java:32)
	at org.junit.platform.engine.support.hierarchical.HierarchicalTestExecutor.execute(HierarchicalTestExecutor.java:57)
	at org.junit.platform.engine.support.hierarchical.HierarchicalTestEngine.execute(HierarchicalTestEngine.java:51)
	at org.junit.platform.launcher.core.DefaultLauncher.execute(DefaultLauncher.java:248)
	at org.junit.platform.launcher.core.DefaultLauncher.lambda$execute$5(DefaultLauncher.java:211)
	at org.junit.platform.launcher.core.DefaultLauncher.withInterceptedStreams(DefaultLauncher.java:226)
	at org.junit.platform.launcher.core.DefaultLauncher.execute(DefaultLauncher.java:199)
	at org.junit.platform.launcher.core.DefaultLauncher.execute(DefaultLauncher.java:132)
	at com.intellij.junit5.JUnit5IdeaTestRunner.startRunnerWithArgs(JUnit5IdeaTestRunner.java:71)
	at com.intellij.rt.junit.IdeaTestRunner$Repeater.startRunnerWithArgs(IdeaTestRunner.java:33)
	at com.intellij.rt.junit.JUnitStarter.prepareStreamsAndStart(JUnitStarter.java:220)
	at com.intellij.rt.junit.JUnitStarter.main(JUnitStarter.java:53)
Caused by: org.springframework.beans.factory.BeanCreationException: Error creating bean with name 'dataSource' defined in class path resource [org/springframework/boot/autoconfigure/jdbc/DataSourceConfiguration$Hikari.class]: Bean instantiation via factory method failed; nested exception is org.springframework.beans.BeanInstantiationException: Failed to instantiate [com.zaxxer.hikari.HikariDataSource]: Factory method 'dataSource' threw exception; nested exception is org.springframework.boot.autoconfigure.jdbc.DataSourceProperties$DataSourceBeanCreationException: Failed to determine a suitable driver class
	at org.springframework.beans.factory.support.ConstructorResolver.instantiate(ConstructorResolver.java:657)
	at org.springframework.beans.factory.support.ConstructorResolver.instantiateUsingFactoryMethod(ConstructorResolver.java:637)
	at org.springframework.beans.factory.support.AbstractAutowireCapableBeanFactory.instantiateUsingFactoryMethod(AbstractAutowireCapableBeanFactory.java:1336)
	at org.springframework.beans.factory.support.AbstractAutowireCapableBeanFactory.createBeanInstance(AbstractAutowireCapableBeanFactory.java:1176)
	at org.springframework.beans.factory.support.AbstractAutowireCapableBeanFactory.doCreateBean(AbstractAutowireCapableBeanFactory.java:556)
	at org.springframework.beans.factory.support.AbstractAutowireCapableBeanFactory.createBean(AbstractAutowireCapableBeanFactory.java:516)
	at org.springframework.beans.factory.support.AbstractBeanFactory.lambda$doGetBean$0(AbstractBeanFactory.java:324)
	at org.springframework.beans.factory.support.DefaultSingletonBeanRegistry.getSingleton(DefaultSingletonBeanRegistry.java:234)
	at org.springframework.beans.factory.support.AbstractBeanFactory.doGetBean(AbstractBeanFactory.java:322)
	at org.springframework.beans.factory.support.AbstractBeanFactory.getBean(AbstractBeanFactory.java:202)
	at org.springframework.beans.factory.support.DefaultListableBeanFactory.preInstantiateSingletons(DefaultListableBeanFactory.java:897)
	at org.springframework.context.support.AbstractApplicationContext.finishBeanFactoryInitialization(AbstractApplicationContext.java:879)
	at org.springframework.context.support.AbstractApplicationContext.refresh(AbstractApplicationContext.java:551)
	at org.springframework.boot.SpringApplication.refresh(SpringApplication.java:758)
	at org.springframework.boot.SpringApplication.refresh(SpringApplication.java:750)
	at org.springframework.boot.SpringApplication.refreshContext(SpringApplication.java:405)
	at org.springframework.boot.SpringApplication.run(SpringApplication.java:315)
	at org.springframework.boot.test.context.SpringBootContextLoader.loadContext(SpringBootContextLoader.java:120)
	at org.springframework.test.context.cache.DefaultCacheAwareContextLoaderDelegate.loadContextInternal(DefaultCacheAwareContextLoaderDelegate.java:99)
	at org.springframework.test.context.cache.DefaultCacheAwareContextLoaderDelegate.loadContext(DefaultCacheAwareContextLoaderDelegate.java:124)
	... 64 more
Caused by: org.springframework.beans.BeanInstantiationException: Failed to instantiate [com.zaxxer.hikari.HikariDataSource]: Factory method 'dataSource' threw exception; nested exception is org.springframework.boot.autoconfigure.jdbc.DataSourceProperties$DataSourceBeanCreationException: Failed to determine a suitable driver class
	at org.springframework.beans.factory.support.SimpleInstantiationStrategy.instantiate(SimpleInstantiationStrategy.java:185)
	at org.springframework.beans.factory.support.ConstructorResolver.instantiate(ConstructorResolver.java:652)
	... 83 more
Caused by: org.springframework.boot.autoconfigure.jdbc.DataSourceProperties$DataSourceBeanCreationException: Failed to determine a suitable driver class
	at org.springframework.boot.autoconfigure.jdbc.DataSourceProperties.determineDriverClassName(DataSourceProperties.java:235)
	at org.springframework.boot.autoconfigure.jdbc.DataSourceProperties.initializeDataSourceBuilder(DataSourceProperties.java:176)
	at org.springframework.boot.autoconfigure.jdbc.DataSourceConfiguration.createDataSource(DataSourceConfiguration.java:43)
	at org.springframework.boot.autoconfigure.jdbc.DataSourceConfiguration$Hikari.dataSource(DataSourceConfiguration.java:85)
	at sun.reflect.NativeMethodAccessorImpl.invoke0(Native Method)
	at sun.reflect.NativeMethodAccessorImpl.invoke(NativeMethodAccessorImpl.java:62)
	at sun.reflect.DelegatingMethodAccessorImpl.invoke(DelegatingMethodAccessorImpl.java:43)
	at java.lang.reflect.Method.invoke(Method.java:498)
	at org.springframework.beans.factory.support.SimpleInstantiationStrategy.instantiate(SimpleInstantiationStrategy.java:154)
	... 84 more
2023-03-10 20:54:20,165 ERROR [main][TestContextManager.java:248] - Caught exception while allowing TestExecutionListener [org.springframework.boot.test.autoconfigure.SpringBootDependencyInjectionTestExecutionListener@73fbdf68] to prepare test instance [com.xuecheng.orders.Test1@32f1fafe]
java.lang.IllegalStateException: Failed to load ApplicationContext
	at org.springframework.test.context.cache.DefaultCacheAwareContextLoaderDelegate.loadContext(DefaultCacheAwareContextLoaderDelegate.java:132)
	at org.springframework.test.context.support.DefaultTestContext.getApplicationContext(DefaultTestContext.java:123)
	at org.springframework.test.context.support.DependencyInjectionTestExecutionListener.injectDependencies(DependencyInjectionTestExecutionListener.java:118)
	at org.springframework.test.context.support.DependencyInjectionTestExecutionListener.prepareTestInstance(DependencyInjectionTestExecutionListener.java:83)
	at org.springframework.boot.test.autoconfigure.SpringBootDependencyInjectionTestExecutionListener.prepareTestInstance(SpringBootDependencyInjectionTestExecutionListener.java:43)
	at org.springframework.test.context.TestContextManager.prepareTestInstance(TestContextManager.java:244)
	at org.springframework.test.context.junit.jupiter.SpringExtension.postProcessTestInstance(SpringExtension.java:98)
	at org.junit.jupiter.engine.descriptor.ClassBasedTestDescriptor.lambda$invokeTestInstancePostProcessors$5(ClassBasedTestDescriptor.java:341)
	at org.junit.jupiter.engine.descriptor.ClassBasedTestDescriptor.executeAndMaskThrowable(ClassBasedTestDescriptor.java:346)
	at org.junit.jupiter.engine.descriptor.ClassBasedTestDescriptor.lambda$invokeTestInstancePostProcessors$6(ClassBasedTestDescriptor.java:341)
	at java.util.stream.ReferencePipeline$3$1.accept(ReferencePipeline.java:193)
	at java.util.stream.ReferencePipeline$2$1.accept(ReferencePipeline.java:175)
	at java.util.ArrayList$ArrayListSpliterator.forEachRemaining(ArrayList.java:1374)
	at java.util.stream.AbstractPipeline.copyInto(AbstractPipeline.java:481)
	at java.util.stream.AbstractPipeline.wrapAndCopyInto(AbstractPipeline.java:471)
	at java.util.stream.StreamSpliterators$WrappingSpliterator.forEachRemaining(StreamSpliterators.java:312)
	at java.util.stream.Streams$ConcatSpliterator.forEachRemaining(Streams.java:743)
	at java.util.stream.Streams$ConcatSpliterator.forEachRemaining(Streams.java:742)
	at java.util.stream.ReferencePipeline$Head.forEach(ReferencePipeline.java:580)
	at org.junit.jupiter.engine.descriptor.ClassBasedTestDescriptor.invokeTestInstancePostProcessors(ClassBasedTestDescriptor.java:340)
	at org.junit.jupiter.engine.descriptor.ClassBasedTestDescriptor.instantiateAndPostProcessTestInstance(ClassBasedTestDescriptor.java:263)
	at org.junit.jupiter.engine.descriptor.ClassBasedTestDescriptor.lambda$testInstancesProvider$2(ClassBasedTestDescriptor.java:256)
	at java.util.Optional.orElseGet(Optional.java:267)
	at org.junit.jupiter.engine.descriptor.ClassBasedTestDescriptor.lambda$testInstancesProvider$3(ClassBasedTestDescriptor.java:255)
	at org.junit.jupiter.engine.execution.TestInstancesProvider.getTestInstances(TestInstancesProvider.java:29)
	at org.junit.jupiter.engine.descriptor.TestMethodTestDescriptor.lambda$prepare$0(TestMethodTestDescriptor.java:108)
	at org.junit.platform.engine.support.hierarchical.ThrowableCollector.execute(ThrowableCollector.java:73)
	at org.junit.jupiter.engine.descriptor.TestMethodTestDescriptor.prepare(TestMethodTestDescriptor.java:107)
	at org.junit.jupiter.engine.descriptor.TestMethodTestDescriptor.prepare(TestMethodTestDescriptor.java:71)
	at org.junit.platform.engine.support.hierarchical.NodeTestTask.lambda$prepare$1(NodeTestTask.java:107)
	at org.junit.platform.engine.support.hierarchical.ThrowableCollector.execute(ThrowableCollector.java:73)
	at org.junit.platform.engine.support.hierarchical.NodeTestTask.prepare(NodeTestTask.java:107)
	at org.junit.platform.engine.support.hierarchical.NodeTestTask.execute(NodeTestTask.java:75)
	at java.util.ArrayList.forEach(ArrayList.java:1249)
	at org.junit.platform.engine.support.hierarchical.SameThreadHierarchicalTestExecutorService.invokeAll(SameThreadHierarchicalTestExecutorService.java:38)
	at org.junit.platform.engine.support.hierarchical.NodeTestTask.lambda$executeRecursively$5(NodeTestTask.java:139)
	at org.junit.platform.engine.support.hierarchical.ThrowableCollector.execute(ThrowableCollector.java:73)
	at org.junit.platform.engine.support.hierarchical.NodeTestTask.lambda$executeRecursively$7(NodeTestTask.java:125)
	at org.junit.platform.engine.support.hierarchical.Node.around(Node.java:135)
	at org.junit.platform.engine.support.hierarchical.NodeTestTask.lambda$executeRecursively$8(NodeTestTask.java:123)
	at org.junit.platform.engine.support.hierarchical.ThrowableCollector.execute(ThrowableCollector.java:73)
	at org.junit.platform.engine.support.hierarchical.NodeTestTask.executeRecursively(NodeTestTask.java:122)
	at org.junit.platform.engine.support.hierarchical.NodeTestTask.execute(NodeTestTask.java:80)
	at java.util.ArrayList.forEach(ArrayList.java:1249)
	at org.junit.platform.engine.support.hierarchical.SameThreadHierarchicalTestExecutorService.invokeAll(SameThreadHierarchicalTestExecutorService.java:38)
	at org.junit.platform.engine.support.hierarchical.NodeTestTask.lambda$executeRecursively$5(NodeTestTask.java:139)
	at org.junit.platform.engine.support.hierarchical.ThrowableCollector.execute(ThrowableCollector.java:73)
	at org.junit.platform.engine.support.hierarchical.NodeTestTask.lambda$executeRecursively$7(NodeTestTask.java:125)
	at org.junit.platform.engine.support.hierarchical.Node.around(Node.java:135)
	at org.junit.platform.engine.support.hierarchical.NodeTestTask.lambda$executeRecursively$8(NodeTestTask.java:123)
	at org.junit.platform.engine.support.hierarchical.ThrowableCollector.execute(ThrowableCollector.java:73)
	at org.junit.platform.engine.support.hierarchical.NodeTestTask.executeRecursively(NodeTestTask.java:122)
	at org.junit.platform.engine.support.hierarchical.NodeTestTask.execute(NodeTestTask.java:80)
	at org.junit.platform.engine.support.hierarchical.SameThreadHierarchicalTestExecutorService.submit(SameThreadHierarchicalTestExecutorService.java:32)
	at org.junit.platform.engine.support.hierarchical.HierarchicalTestExecutor.execute(HierarchicalTestExecutor.java:57)
	at org.junit.platform.engine.support.hierarchical.HierarchicalTestEngine.execute(HierarchicalTestEngine.java:51)
	at org.junit.platform.launcher.core.DefaultLauncher.execute(DefaultLauncher.java:248)
	at org.junit.platform.launcher.core.DefaultLauncher.lambda$execute$5(DefaultLauncher.java:211)
	at org.junit.platform.launcher.core.DefaultLauncher.withInterceptedStreams(DefaultLauncher.java:226)
	at org.junit.platform.launcher.core.DefaultLauncher.execute(DefaultLauncher.java:199)
	at org.junit.platform.launcher.core.DefaultLauncher.execute(DefaultLauncher.java:132)
	at com.intellij.junit5.JUnit5IdeaTestRunner.startRunnerWithArgs(JUnit5IdeaTestRunner.java:71)
	at com.intellij.rt.junit.IdeaTestRunner$Repeater.startRunnerWithArgs(IdeaTestRunner.java:33)
	at com.intellij.rt.junit.JUnitStarter.prepareStreamsAndStart(JUnitStarter.java:220)
	at com.intellij.rt.junit.JUnitStarter.main(JUnitStarter.java:53)
Caused by: org.springframework.beans.factory.BeanCreationException: Error creating bean with name 'dataSource' defined in class path resource [org/springframework/boot/autoconfigure/jdbc/DataSourceConfiguration$Hikari.class]: Bean instantiation via factory method failed; nested exception is org.springframework.beans.BeanInstantiationException: Failed to instantiate [com.zaxxer.hikari.HikariDataSource]: Factory method 'dataSource' threw exception; nested exception is org.springframework.boot.autoconfigure.jdbc.DataSourceProperties$DataSourceBeanCreationException: Failed to determine a suitable driver class
	at org.springframework.beans.factory.support.ConstructorResolver.instantiate(ConstructorResolver.java:657)
	at org.springframework.beans.factory.support.ConstructorResolver.instantiateUsingFactoryMethod(ConstructorResolver.java:637)
	at org.springframework.beans.factory.support.AbstractAutowireCapableBeanFactory.instantiateUsingFactoryMethod(AbstractAutowireCapableBeanFactory.java:1336)
	at org.springframework.beans.factory.support.AbstractAutowireCapableBeanFactory.createBeanInstance(AbstractAutowireCapableBeanFactory.java:1176)
	at org.springframework.beans.factory.support.AbstractAutowireCapableBeanFactory.doCreateBean(AbstractAutowireCapableBeanFactory.java:556)
	at org.springframework.beans.factory.support.AbstractAutowireCapableBeanFactory.createBean(AbstractAutowireCapableBeanFactory.java:516)
	at org.springframework.beans.factory.support.AbstractBeanFactory.lambda$doGetBean$0(AbstractBeanFactory.java:324)
	at org.springframework.beans.factory.support.DefaultSingletonBeanRegistry.getSingleton(DefaultSingletonBeanRegistry.java:234)
	at org.springframework.beans.factory.support.AbstractBeanFactory.doGetBean(AbstractBeanFactory.java:322)
	at org.springframework.beans.factory.support.AbstractBeanFactory.getBean(AbstractBeanFactory.java:202)
	at org.springframework.beans.factory.support.DefaultListableBeanFactory.preInstantiateSingletons(DefaultListableBeanFactory.java:897)
	at org.springframework.context.support.AbstractApplicationContext.finishBeanFactoryInitialization(AbstractApplicationContext.java:879)
	at org.springframework.context.support.AbstractApplicationContext.refresh(AbstractApplicationContext.java:551)
	at org.springframework.boot.SpringApplication.refresh(SpringApplication.java:758)
	at org.springframework.boot.SpringApplication.refresh(SpringApplication.java:750)
	at org.springframework.boot.SpringApplication.refreshContext(SpringApplication.java:405)
	at org.springframework.boot.SpringApplication.run(SpringApplication.java:315)
	at org.springframework.boot.test.context.SpringBootContextLoader.loadContext(SpringBootContextLoader.java:120)
	at org.springframework.test.context.cache.DefaultCacheAwareContextLoaderDelegate.loadContextInternal(DefaultCacheAwareContextLoaderDelegate.java:99)
	at org.springframework.test.context.cache.DefaultCacheAwareContextLoaderDelegate.loadContext(DefaultCacheAwareContextLoaderDelegate.java:124)
	... 64 more
Caused by: org.springframework.beans.BeanInstantiationException: Failed to instantiate [com.zaxxer.hikari.HikariDataSource]: Factory method 'dataSource' threw exception; nested exception is org.springframework.boot.autoconfigure.jdbc.DataSourceProperties$DataSourceBeanCreationException: Failed to determine a suitable driver class
	at org.springframework.beans.factory.support.SimpleInstantiationStrategy.instantiate(SimpleInstantiationStrategy.java:185)
	at org.springframework.beans.factory.support.ConstructorResolver.instantiate(ConstructorResolver.java:652)
	... 83 more
Caused by: org.springframework.boot.autoconfigure.jdbc.DataSourceProperties$DataSourceBeanCreationException: Failed to determine a suitable driver class
	at org.springframework.boot.autoconfigure.jdbc.DataSourceProperties.determineDriverClassName(DataSourceProperties.java:235)
	at org.springframework.boot.autoconfigure.jdbc.DataSourceProperties.initializeDataSourceBuilder(DataSourceProperties.java:176)
	at org.springframework.boot.autoconfigure.jdbc.DataSourceConfiguration.createDataSource(DataSourceConfiguration.java:43)
	at org.springframework.boot.autoconfigure.jdbc.DataSourceConfiguration$Hikari.dataSource(DataSourceConfiguration.java:85)
	at sun.reflect.NativeMethodAccessorImpl.invoke0(Native Method)
	at sun.reflect.NativeMethodAccessorImpl.invoke(NativeMethodAccessorImpl.java:62)
	at sun.reflect.DelegatingMethodAccessorImpl.invoke(DelegatingMethodAccessorImpl.java:43)
	at java.lang.reflect.Method.invoke(Method.java:498)
	at org.springframework.beans.factory.support.SimpleInstantiationStrategy.instantiate(SimpleInstantiationStrategy.java:154)
	... 84 more
2023-03-10 20:54:20,198 WARN [Thread-2][HttpClientBeanHolder.java:108] - [HttpClientBeanHolder] Start destroying common HttpClient
2023-03-10 20:54:20,198 WARN [Thread-2][HttpClientBeanHolder.java:108] - [HttpClientBeanHolder] Start destroying common HttpClient
2023-03-10 20:54:20,199 WARN [Thread-2][HttpClientBeanHolder.java:114] - [HttpClientBeanHolder] Destruction of the end
2023-03-10 20:58:22,624 INFO [main][SpringApplication.java:655] - The following profiles are active: dev
2023-03-10 20:58:22,624 INFO [main][SpringApplication.java:655] - The following profiles are active: dev
2023-03-10 20:58:23,325 DEBUG [main][LogFactory.java:105] - Logging initialized using 'class org.apache.ibatis.logging.slf4j.Slf4jImpl' adapter.
2023-03-10 20:58:23,325 DEBUG [main][LogFactory.java:105] - Logging initialized using 'class org.apache.ibatis.logging.slf4j.Slf4jImpl' adapter.
2023-03-10 20:58:23,451 INFO [main][GenericScope.java:295] - BeanFactory id=a93b8e63-a5bd-3ef1-9ced-005731fdbedf
2023-03-10 20:58:23,451 INFO [main][GenericScope.java:295] - BeanFactory id=a93b8e63-a5bd-3ef1-9ced-005731fdbedf
2023-03-10 20:58:23,794 WARN [main][URLConfigurationSource.java:121] - No URLs will be polled as dynamic configuration sources.
2023-03-10 20:58:23,794 WARN [main][URLConfigurationSource.java:121] - No URLs will be polled as dynamic configuration sources.
2023-03-10 20:58:23,795 INFO [main][URLConfigurationSource.java:122] - To enable URLs as dynamic configuration sources, define System property archaius.configurationSource.additionalUrls or make config.properties available on classpath.
2023-03-10 20:58:23,795 INFO [main][URLConfigurationSource.java:122] - To enable URLs as dynamic configuration sources, define System property archaius.configurationSource.additionalUrls or make config.properties available on classpath.
2023-03-10 20:58:23,802 WARN [main][URLConfigurationSource.java:121] - No URLs will be polled as dynamic configuration sources.
2023-03-10 20:58:23,802 WARN [main][URLConfigurationSource.java:121] - No URLs will be polled as dynamic configuration sources.
2023-03-10 20:58:23,803 INFO [main][URLConfigurationSource.java:122] - To enable URLs as dynamic configuration sources, define System property archaius.configurationSource.additionalUrls or make config.properties available on classpath.
2023-03-10 20:58:23,803 INFO [main][URLConfigurationSource.java:122] - To enable URLs as dynamic configuration sources, define System property archaius.configurationSource.additionalUrls or make config.properties available on classpath.
2023-03-10 20:58:25,607 INFO [main][InetUtils.java:170] - Cannot determine local hostname
2023-03-10 20:58:25,607 INFO [main][InetUtils.java:170] - Cannot determine local hostname
2023-03-10 20:58:25,621 INFO [main][ExecutorConfigurationSupport.java:181] - Initializing ExecutorService 'Nacos-Watch-Task-Scheduler'
2023-03-10 20:58:25,621 INFO [main][ExecutorConfigurationSupport.java:181] - Initializing ExecutorService 'Nacos-Watch-Task-Scheduler'
2023-03-10 20:58:25,858 DEBUG [main][HikariConfig.java:946] - Driver class com.mysql.cj.jdbc.Driver found in Thread context class loader sun.misc.Launcher$AppClassLoader@18b4aac2
2023-03-10 20:58:25,858 DEBUG [main][HikariConfig.java:946] - Driver class com.mysql.cj.jdbc.Driver found in Thread context class loader sun.misc.Launcher$AppClassLoader@18b4aac2
2023-03-10 20:58:26,080 DEBUG [main][Logger.java:49] - Registered plugin: 'com.baomidou.mybatisplus.extension.plugins.MybatisPlusInterceptor@42cc183e'
2023-03-10 20:58:26,080 DEBUG [main][Logger.java:49] - Registered plugin: 'com.baomidou.mybatisplus.extension.plugins.MybatisPlusInterceptor@42cc183e'
2023-03-10 20:58:26,082 DEBUG [main][Logger.java:49] - Property 'mapperLocations' was not specified.
2023-03-10 20:58:26,082 DEBUG [main][Logger.java:49] - Property 'mapperLocations' was not specified.
2023-03-10 20:58:27,948 DEBUG [main][ResourceBundleMessageInterpolator.java:172] - Loaded expression factory via original TCCL
2023-03-10 20:58:27,948 DEBUG [main][ResourceBundleMessageInterpolator.java:172] - Loaded expression factory via original TCCL
2023-03-10 20:58:27,973 DEBUG [main][AbstractConfigurationImpl.java:171] - Setting custom MessageInterpolator of type org.springframework.validation.beanvalidation.LocaleContextMessageInterpolator
2023-03-10 20:58:27,975 DEBUG [main][AbstractConfigurationImpl.java:203] - Setting custom ConstraintValidatorFactory of type org.springframework.validation.beanvalidation.SpringConstraintValidatorFactory
2023-03-10 20:58:27,973 DEBUG [main][AbstractConfigurationImpl.java:171] - Setting custom MessageInterpolator of type org.springframework.validation.beanvalidation.LocaleContextMessageInterpolator
2023-03-10 20:58:27,975 DEBUG [main][AbstractConfigurationImpl.java:203] - Setting custom ConstraintValidatorFactory of type org.springframework.validation.beanvalidation.SpringConstraintValidatorFactory
2023-03-10 20:58:27,980 DEBUG [main][AbstractConfigurationImpl.java:217] - Setting custom ParameterNameProvider of type org.springframework.validation.beanvalidation.LocalValidatorFactoryBean$1
2023-03-10 20:58:27,980 DEBUG [main][AbstractConfigurationImpl.java:217] - Setting custom ParameterNameProvider of type org.springframework.validation.beanvalidation.LocalValidatorFactoryBean$1
2023-03-10 20:58:27,999 DEBUG [main][ValidationXmlParser.java:120] - Trying to load META-INF/validation.xml for XML based Validator configuration.
2023-03-10 20:58:27,999 DEBUG [main][ValidationXmlParser.java:120] - Trying to load META-INF/validation.xml for XML based Validator configuration.
2023-03-10 20:58:28,000 DEBUG [main][ResourceLoaderHelper.java:53] - Trying to load META-INF/validation.xml via user class loader
2023-03-10 20:58:28,000 DEBUG [main][ResourceLoaderHelper.java:53] - Trying to load META-INF/validation.xml via user class loader
2023-03-10 20:58:28,002 DEBUG [main][ResourceLoaderHelper.java:60] - Trying to load META-INF/validation.xml via TCCL
2023-03-10 20:58:28,002 DEBUG [main][ResourceLoaderHelper.java:60] - Trying to load META-INF/validation.xml via TCCL
2023-03-10 20:58:28,003 DEBUG [main][ResourceLoaderHelper.java:66] - Trying to load META-INF/validation.xml via Hibernate Validator's class loader
2023-03-10 20:58:28,003 DEBUG [main][ResourceLoaderHelper.java:66] - Trying to load META-INF/validation.xml via Hibernate Validator's class loader
2023-03-10 20:58:28,004 DEBUG [main][ValidationXmlParser.java:127] - No META-INF/validation.xml found. Using annotation based configuration only.
2023-03-10 20:58:28,004 DEBUG [main][ValidationXmlParser.java:127] - No META-INF/validation.xml found. Using annotation based configuration only.
2023-03-10 20:58:28,006 DEBUG [main][TraversableResolvers.java:60] - Cannot find javax.persistence.Persistence on classpath. Assuming non JPA 2 environment. All properties will per default be traversable.
2023-03-10 20:58:28,006 DEBUG [main][TraversableResolvers.java:60] - Cannot find javax.persistence.Persistence on classpath. Assuming non JPA 2 environment. All properties will per default be traversable.
2023-03-10 20:58:28,008 DEBUG [main][ValidatorFactoryConfigurationHelper.java:300] - HV000252: Using org.hibernate.validator.internal.engine.DefaultPropertyNodeNameProvider as property node name provider.
2023-03-10 20:58:28,008 DEBUG [main][ValidatorFactoryConfigurationHelper.java:300] - HV000252: Using org.hibernate.validator.internal.engine.DefaultPropertyNodeNameProvider as property node name provider.
2023-03-10 20:58:28,009 DEBUG [main][ValidatorFactoryConfigurationHelper.java:375] - HV000234: Using org.springframework.validation.beanvalidation.LocaleContextMessageInterpolator as ValidatorFactory-scoped message interpolator.
2023-03-10 20:58:28,009 DEBUG [main][ValidatorFactoryConfigurationHelper.java:375] - HV000234: Using org.springframework.validation.beanvalidation.LocaleContextMessageInterpolator as ValidatorFactory-scoped message interpolator.
2023-03-10 20:58:28,010 DEBUG [main][ValidatorFactoryConfigurationHelper.java:376] - HV000234: Using org.hibernate.validator.internal.engine.resolver.TraverseAllTraversableResolver as ValidatorFactory-scoped traversable resolver.
2023-03-10 20:58:28,010 DEBUG [main][ValidatorFactoryConfigurationHelper.java:376] - HV000234: Using org.hibernate.validator.internal.engine.resolver.TraverseAllTraversableResolver as ValidatorFactory-scoped traversable resolver.
2023-03-10 20:58:28,010 DEBUG [main][ValidatorFactoryConfigurationHelper.java:377] - HV000234: Using org.hibernate.validator.internal.util.ExecutableParameterNameProvider as ValidatorFactory-scoped parameter name provider.
2023-03-10 20:58:28,010 DEBUG [main][ValidatorFactoryConfigurationHelper.java:377] - HV000234: Using org.hibernate.validator.internal.util.ExecutableParameterNameProvider as ValidatorFactory-scoped parameter name provider.
2023-03-10 20:58:28,012 DEBUG [main][ValidatorFactoryConfigurationHelper.java:378] - HV000234: Using org.hibernate.validator.internal.engine.DefaultClockProvider as ValidatorFactory-scoped clock provider.
2023-03-10 20:58:28,012 DEBUG [main][ValidatorFactoryConfigurationHelper.java:378] - HV000234: Using org.hibernate.validator.internal.engine.DefaultClockProvider as ValidatorFactory-scoped clock provider.
2023-03-10 20:58:28,013 DEBUG [main][ValidatorFactoryConfigurationHelper.java:379] - HV000234: Using org.hibernate.validator.internal.engine.scripting.DefaultScriptEvaluatorFactory as ValidatorFactory-scoped script evaluator factory.
2023-03-10 20:58:28,013 DEBUG [main][ValidatorFactoryConfigurationHelper.java:379] - HV000234: Using org.hibernate.validator.internal.engine.scripting.DefaultScriptEvaluatorFactory as ValidatorFactory-scoped script evaluator factory.
2023-03-10 20:58:28,290 WARN [main][FreeMarkerAutoConfiguration.java:65] - Cannot find template location(s): [classpath:/templates/] (please add some templates, check your FreeMarker configuration, or set spring.freemarker.checkTemplateLocation=false)
2023-03-10 20:58:28,290 WARN [main][FreeMarkerAutoConfiguration.java:65] - Cannot find template location(s): [classpath:/templates/] (please add some templates, check your FreeMarker configuration, or set spring.freemarker.checkTemplateLocation=false)
2023-03-10 20:58:30,708 INFO [main][InetUtils.java:170] - Cannot determine local hostname
2023-03-10 20:58:30,708 INFO [main][InetUtils.java:170] - Cannot determine local hostname
2023-03-10 20:58:31,358 DEBUG [main][MybatisConfiguration.java:128] - addMappedStatement: com.xuecheng.orders.mapper.XcOrdersGoodsMapper.insert
2023-03-10 20:58:31,358 DEBUG [main][MybatisConfiguration.java:128] - addMappedStatement: com.xuecheng.orders.mapper.XcOrdersGoodsMapper.insert
2023-03-10 20:58:31,370 DEBUG [main][MybatisConfiguration.java:128] - addMappedStatement: com.xuecheng.orders.mapper.XcOrdersGoodsMapper.delete
2023-03-10 20:58:31,370 DEBUG [main][MybatisConfiguration.java:128] - addMappedStatement: com.xuecheng.orders.mapper.XcOrdersGoodsMapper.delete
2023-03-10 20:58:31,395 DEBUG [main][MybatisConfiguration.java:128] - addMappedStatement: com.xuecheng.orders.mapper.XcOrdersGoodsMapper.deleteByMap
2023-03-10 20:58:31,395 DEBUG [main][MybatisConfiguration.java:128] - addMappedStatement: com.xuecheng.orders.mapper.XcOrdersGoodsMapper.deleteByMap
2023-03-10 20:58:31,457 DEBUG [main][MybatisConfiguration.java:128] - addMappedStatement: com.xuecheng.orders.mapper.XcOrdersGoodsMapper.deleteById
2023-03-10 20:58:31,457 DEBUG [main][MybatisConfiguration.java:128] - addMappedStatement: com.xuecheng.orders.mapper.XcOrdersGoodsMapper.deleteById
2023-03-10 20:58:31,462 DEBUG [main][MybatisConfiguration.java:128] - addMappedStatement: com.xuecheng.orders.mapper.XcOrdersGoodsMapper.deleteBatchIds
2023-03-10 20:58:31,462 DEBUG [main][MybatisConfiguration.java:128] - addMappedStatement: com.xuecheng.orders.mapper.XcOrdersGoodsMapper.deleteBatchIds
2023-03-10 20:58:31,469 DEBUG [main][MybatisConfiguration.java:128] - addMappedStatement: com.xuecheng.orders.mapper.XcOrdersGoodsMapper.update
2023-03-10 20:58:31,469 DEBUG [main][MybatisConfiguration.java:128] - addMappedStatement: com.xuecheng.orders.mapper.XcOrdersGoodsMapper.update
2023-03-10 20:58:31,472 DEBUG [main][MybatisConfiguration.java:128] - addMappedStatement: com.xuecheng.orders.mapper.XcOrdersGoodsMapper.updateById
2023-03-10 20:58:31,472 DEBUG [main][MybatisConfiguration.java:128] - addMappedStatement: com.xuecheng.orders.mapper.XcOrdersGoodsMapper.updateById
2023-03-10 20:58:31,474 DEBUG [main][MybatisConfiguration.java:128] - addMappedStatement: com.xuecheng.orders.mapper.XcOrdersGoodsMapper.selectById
2023-03-10 20:58:31,474 DEBUG [main][MybatisConfiguration.java:128] - addMappedStatement: com.xuecheng.orders.mapper.XcOrdersGoodsMapper.selectById
2023-03-10 20:58:31,478 DEBUG [main][MybatisConfiguration.java:128] - addMappedStatement: com.xuecheng.orders.mapper.XcOrdersGoodsMapper.selectBatchIds
2023-03-10 20:58:31,478 DEBUG [main][MybatisConfiguration.java:128] - addMappedStatement: com.xuecheng.orders.mapper.XcOrdersGoodsMapper.selectBatchIds
2023-03-10 20:58:31,482 DEBUG [main][MybatisConfiguration.java:128] - addMappedStatement: com.xuecheng.orders.mapper.XcOrdersGoodsMapper.selectByMap
2023-03-10 20:58:31,487 DEBUG [main][MybatisConfiguration.java:128] - addMappedStatement: com.xuecheng.orders.mapper.XcOrdersGoodsMapper.selectOne
2023-03-10 20:58:31,482 DEBUG [main][MybatisConfiguration.java:128] - addMappedStatement: com.xuecheng.orders.mapper.XcOrdersGoodsMapper.selectByMap
2023-03-10 20:58:31,487 DEBUG [main][MybatisConfiguration.java:128] - addMappedStatement: com.xuecheng.orders.mapper.XcOrdersGoodsMapper.selectOne
2023-03-10 20:58:31,490 DEBUG [main][MybatisConfiguration.java:128] - addMappedStatement: com.xuecheng.orders.mapper.XcOrdersGoodsMapper.selectCount
2023-03-10 20:58:31,490 DEBUG [main][MybatisConfiguration.java:128] - addMappedStatement: com.xuecheng.orders.mapper.XcOrdersGoodsMapper.selectCount
2023-03-10 20:58:31,494 DEBUG [main][MybatisConfiguration.java:128] - addMappedStatement: com.xuecheng.orders.mapper.XcOrdersGoodsMapper.selectMaps
2023-03-10 20:58:31,494 DEBUG [main][MybatisConfiguration.java:128] - addMappedStatement: com.xuecheng.orders.mapper.XcOrdersGoodsMapper.selectMaps
2023-03-10 20:58:31,498 DEBUG [main][MybatisConfiguration.java:128] - addMappedStatement: com.xuecheng.orders.mapper.XcOrdersGoodsMapper.selectMapsPage
2023-03-10 20:58:31,498 DEBUG [main][MybatisConfiguration.java:128] - addMappedStatement: com.xuecheng.orders.mapper.XcOrdersGoodsMapper.selectMapsPage
2023-03-10 20:58:31,503 DEBUG [main][MybatisConfiguration.java:128] - addMappedStatement: com.xuecheng.orders.mapper.XcOrdersGoodsMapper.selectObjs
2023-03-10 20:58:31,503 DEBUG [main][MybatisConfiguration.java:128] - addMappedStatement: com.xuecheng.orders.mapper.XcOrdersGoodsMapper.selectObjs
2023-03-10 20:58:31,510 DEBUG [main][MybatisConfiguration.java:128] - addMappedStatement: com.xuecheng.orders.mapper.XcOrdersGoodsMapper.selectList
2023-03-10 20:58:31,510 DEBUG [main][MybatisConfiguration.java:128] - addMappedStatement: com.xuecheng.orders.mapper.XcOrdersGoodsMapper.selectList
2023-03-10 20:58:31,514 DEBUG [main][MybatisConfiguration.java:128] - addMappedStatement: com.xuecheng.orders.mapper.XcOrdersGoodsMapper.selectPage
2023-03-10 20:58:31,514 DEBUG [main][MybatisConfiguration.java:128] - addMappedStatement: com.xuecheng.orders.mapper.XcOrdersGoodsMapper.selectPage
2023-03-10 20:58:31,553 DEBUG [main][MybatisConfiguration.java:128] - addMappedStatement: com.xuecheng.orders.mapper.XcOrdersMapper.insert
2023-03-10 20:58:31,553 DEBUG [main][MybatisConfiguration.java:128] - addMappedStatement: com.xuecheng.orders.mapper.XcOrdersMapper.insert
2023-03-10 20:58:31,556 DEBUG [main][MybatisConfiguration.java:128] - addMappedStatement: com.xuecheng.orders.mapper.XcOrdersMapper.delete
2023-03-10 20:58:31,556 DEBUG [main][MybatisConfiguration.java:128] - addMappedStatement: com.xuecheng.orders.mapper.XcOrdersMapper.delete
2023-03-10 20:58:31,559 DEBUG [main][MybatisConfiguration.java:128] - addMappedStatement: com.xuecheng.orders.mapper.XcOrdersMapper.deleteByMap
2023-03-10 20:58:31,559 DEBUG [main][MybatisConfiguration.java:128] - addMappedStatement: com.xuecheng.orders.mapper.XcOrdersMapper.deleteByMap
2023-03-10 20:58:31,562 DEBUG [main][MybatisConfiguration.java:128] - addMappedStatement: com.xuecheng.orders.mapper.XcOrdersMapper.deleteById
2023-03-10 20:58:31,562 DEBUG [main][MybatisConfiguration.java:128] - addMappedStatement: com.xuecheng.orders.mapper.XcOrdersMapper.deleteById
2023-03-10 20:58:31,565 DEBUG [main][MybatisConfiguration.java:128] - addMappedStatement: com.xuecheng.orders.mapper.XcOrdersMapper.deleteBatchIds
2023-03-10 20:58:31,565 DEBUG [main][MybatisConfiguration.java:128] - addMappedStatement: com.xuecheng.orders.mapper.XcOrdersMapper.deleteBatchIds
2023-03-10 20:58:31,568 DEBUG [main][MybatisConfiguration.java:128] - addMappedStatement: com.xuecheng.orders.mapper.XcOrdersMapper.update
2023-03-10 20:58:31,568 DEBUG [main][MybatisConfiguration.java:128] - addMappedStatement: com.xuecheng.orders.mapper.XcOrdersMapper.update
2023-03-10 20:58:31,572 DEBUG [main][MybatisConfiguration.java:128] - addMappedStatement: com.xuecheng.orders.mapper.XcOrdersMapper.updateById
2023-03-10 20:58:31,572 DEBUG [main][MybatisConfiguration.java:128] - addMappedStatement: com.xuecheng.orders.mapper.XcOrdersMapper.updateById
2023-03-10 20:58:31,573 DEBUG [main][MybatisConfiguration.java:128] - addMappedStatement: com.xuecheng.orders.mapper.XcOrdersMapper.selectById
2023-03-10 20:58:31,573 DEBUG [main][MybatisConfiguration.java:128] - addMappedStatement: com.xuecheng.orders.mapper.XcOrdersMapper.selectById
2023-03-10 20:58:31,579 DEBUG [main][MybatisConfiguration.java:128] - addMappedStatement: com.xuecheng.orders.mapper.XcOrdersMapper.selectBatchIds
2023-03-10 20:58:31,579 DEBUG [main][MybatisConfiguration.java:128] - addMappedStatement: com.xuecheng.orders.mapper.XcOrdersMapper.selectBatchIds
2023-03-10 20:58:31,583 DEBUG [main][MybatisConfiguration.java:128] - addMappedStatement: com.xuecheng.orders.mapper.XcOrdersMapper.selectByMap
2023-03-10 20:58:31,583 DEBUG [main][MybatisConfiguration.java:128] - addMappedStatement: com.xuecheng.orders.mapper.XcOrdersMapper.selectByMap
2023-03-10 20:58:31,597 DEBUG [main][MybatisConfiguration.java:128] - addMappedStatement: com.xuecheng.orders.mapper.XcOrdersMapper.selectOne
2023-03-10 20:58:31,597 DEBUG [main][MybatisConfiguration.java:128] - addMappedStatement: com.xuecheng.orders.mapper.XcOrdersMapper.selectOne
2023-03-10 20:58:31,602 DEBUG [main][MybatisConfiguration.java:128] - addMappedStatement: com.xuecheng.orders.mapper.XcOrdersMapper.selectCount
2023-03-10 20:58:31,602 DEBUG [main][MybatisConfiguration.java:128] - addMappedStatement: com.xuecheng.orders.mapper.XcOrdersMapper.selectCount
2023-03-10 20:58:31,605 DEBUG [main][MybatisConfiguration.java:128] - addMappedStatement: com.xuecheng.orders.mapper.XcOrdersMapper.selectMaps
2023-03-10 20:58:31,605 DEBUG [main][MybatisConfiguration.java:128] - addMappedStatement: com.xuecheng.orders.mapper.XcOrdersMapper.selectMaps
2023-03-10 20:58:31,608 DEBUG [main][MybatisConfiguration.java:128] - addMappedStatement: com.xuecheng.orders.mapper.XcOrdersMapper.selectMapsPage
2023-03-10 20:58:31,608 DEBUG [main][MybatisConfiguration.java:128] - addMappedStatement: com.xuecheng.orders.mapper.XcOrdersMapper.selectMapsPage
2023-03-10 20:58:31,618 DEBUG [main][MybatisConfiguration.java:128] - addMappedStatement: com.xuecheng.orders.mapper.XcOrdersMapper.selectObjs
2023-03-10 20:58:31,618 DEBUG [main][MybatisConfiguration.java:128] - addMappedStatement: com.xuecheng.orders.mapper.XcOrdersMapper.selectObjs
2023-03-10 20:58:31,621 DEBUG [main][MybatisConfiguration.java:128] - addMappedStatement: com.xuecheng.orders.mapper.XcOrdersMapper.selectList
2023-03-10 20:58:31,621 DEBUG [main][MybatisConfiguration.java:128] - addMappedStatement: com.xuecheng.orders.mapper.XcOrdersMapper.selectList
2023-03-10 20:58:31,623 DEBUG [main][MybatisConfiguration.java:128] - addMappedStatement: com.xuecheng.orders.mapper.XcOrdersMapper.selectPage
2023-03-10 20:58:31,623 DEBUG [main][MybatisConfiguration.java:128] - addMappedStatement: com.xuecheng.orders.mapper.XcOrdersMapper.selectPage
2023-03-10 20:58:31,645 DEBUG [main][MybatisConfiguration.java:128] - addMappedStatement: com.xuecheng.orders.mapper.XcPayOrdersMapper.insert
2023-03-10 20:58:31,648 DEBUG [main][MybatisConfiguration.java:128] - addMappedStatement: com.xuecheng.orders.mapper.XcPayOrdersMapper.delete
2023-03-10 20:58:31,645 DEBUG [main][MybatisConfiguration.java:128] - addMappedStatement: com.xuecheng.orders.mapper.XcPayOrdersMapper.insert
2023-03-10 20:58:31,648 DEBUG [main][MybatisConfiguration.java:128] - addMappedStatement: com.xuecheng.orders.mapper.XcPayOrdersMapper.delete
2023-03-10 20:58:31,651 DEBUG [main][MybatisConfiguration.java:128] - addMappedStatement: com.xuecheng.orders.mapper.XcPayOrdersMapper.deleteByMap
2023-03-10 20:58:31,651 DEBUG [main][MybatisConfiguration.java:128] - addMappedStatement: com.xuecheng.orders.mapper.XcPayOrdersMapper.deleteByMap
2023-03-10 20:58:31,656 DEBUG [main][MybatisConfiguration.java:128] - addMappedStatement: com.xuecheng.orders.mapper.XcPayOrdersMapper.deleteById
2023-03-10 20:58:31,656 DEBUG [main][MybatisConfiguration.java:128] - addMappedStatement: com.xuecheng.orders.mapper.XcPayOrdersMapper.deleteById
2023-03-10 20:58:31,662 DEBUG [main][MybatisConfiguration.java:128] - addMappedStatement: com.xuecheng.orders.mapper.XcPayOrdersMapper.deleteBatchIds
2023-03-10 20:58:31,662 DEBUG [main][MybatisConfiguration.java:128] - addMappedStatement: com.xuecheng.orders.mapper.XcPayOrdersMapper.deleteBatchIds
2023-03-10 20:58:31,665 DEBUG [main][MybatisConfiguration.java:128] - addMappedStatement: com.xuecheng.orders.mapper.XcPayOrdersMapper.update
2023-03-10 20:58:31,665 DEBUG [main][MybatisConfiguration.java:128] - addMappedStatement: com.xuecheng.orders.mapper.XcPayOrdersMapper.update
2023-03-10 20:58:31,668 DEBUG [main][MybatisConfiguration.java:128] - addMappedStatement: com.xuecheng.orders.mapper.XcPayOrdersMapper.updateById
2023-03-10 20:58:31,668 DEBUG [main][MybatisConfiguration.java:128] - addMappedStatement: com.xuecheng.orders.mapper.XcPayOrdersMapper.updateById
2023-03-10 20:58:31,669 DEBUG [main][MybatisConfiguration.java:128] - addMappedStatement: com.xuecheng.orders.mapper.XcPayOrdersMapper.selectById
2023-03-10 20:58:31,669 DEBUG [main][MybatisConfiguration.java:128] - addMappedStatement: com.xuecheng.orders.mapper.XcPayOrdersMapper.selectById
2023-03-10 20:58:31,679 DEBUG [main][MybatisConfiguration.java:128] - addMappedStatement: com.xuecheng.orders.mapper.XcPayOrdersMapper.selectBatchIds
2023-03-10 20:58:31,679 DEBUG [main][MybatisConfiguration.java:128] - addMappedStatement: com.xuecheng.orders.mapper.XcPayOrdersMapper.selectBatchIds
2023-03-10 20:58:31,683 DEBUG [main][MybatisConfiguration.java:128] - addMappedStatement: com.xuecheng.orders.mapper.XcPayOrdersMapper.selectByMap
2023-03-10 20:58:31,683 DEBUG [main][MybatisConfiguration.java:128] - addMappedStatement: com.xuecheng.orders.mapper.XcPayOrdersMapper.selectByMap
2023-03-10 20:58:31,692 DEBUG [main][MybatisConfiguration.java:128] - addMappedStatement: com.xuecheng.orders.mapper.XcPayOrdersMapper.selectOne
2023-03-10 20:58:31,692 DEBUG [main][MybatisConfiguration.java:128] - addMappedStatement: com.xuecheng.orders.mapper.XcPayOrdersMapper.selectOne
2023-03-10 20:58:31,703 DEBUG [main][MybatisConfiguration.java:128] - addMappedStatement: com.xuecheng.orders.mapper.XcPayOrdersMapper.selectCount
2023-03-10 20:58:31,703 DEBUG [main][MybatisConfiguration.java:128] - addMappedStatement: com.xuecheng.orders.mapper.XcPayOrdersMapper.selectCount
2023-03-10 20:58:31,713 DEBUG [main][MybatisConfiguration.java:128] - addMappedStatement: com.xuecheng.orders.mapper.XcPayOrdersMapper.selectMaps
2023-03-10 20:58:31,713 DEBUG [main][MybatisConfiguration.java:128] - addMappedStatement: com.xuecheng.orders.mapper.XcPayOrdersMapper.selectMaps
2023-03-10 20:58:31,716 DEBUG [main][MybatisConfiguration.java:128] - addMappedStatement: com.xuecheng.orders.mapper.XcPayOrdersMapper.selectMapsPage
2023-03-10 20:58:31,716 DEBUG [main][MybatisConfiguration.java:128] - addMappedStatement: com.xuecheng.orders.mapper.XcPayOrdersMapper.selectMapsPage
2023-03-10 20:58:31,718 DEBUG [main][MybatisConfiguration.java:128] - addMappedStatement: com.xuecheng.orders.mapper.XcPayOrdersMapper.selectObjs
2023-03-10 20:58:31,718 DEBUG [main][MybatisConfiguration.java:128] - addMappedStatement: com.xuecheng.orders.mapper.XcPayOrdersMapper.selectObjs
2023-03-10 20:58:31,721 DEBUG [main][MybatisConfiguration.java:128] - addMappedStatement: com.xuecheng.orders.mapper.XcPayOrdersMapper.selectList
2023-03-10 20:58:31,721 DEBUG [main][MybatisConfiguration.java:128] - addMappedStatement: com.xuecheng.orders.mapper.XcPayOrdersMapper.selectList
2023-03-10 20:58:31,723 DEBUG [main][MybatisConfiguration.java:128] - addMappedStatement: com.xuecheng.orders.mapper.XcPayOrdersMapper.selectPage
2023-03-10 20:58:31,723 DEBUG [main][MybatisConfiguration.java:128] - addMappedStatement: com.xuecheng.orders.mapper.XcPayOrdersMapper.selectPage
2023-03-10 20:58:31,737 DEBUG [main][MybatisConfiguration.java:128] - addMappedStatement: com.xuecheng.orders.mapper.XcPayRecordMapper.insert
2023-03-10 20:58:31,739 DEBUG [main][MybatisConfiguration.java:128] - addMappedStatement: com.xuecheng.orders.mapper.XcPayRecordMapper.delete
2023-03-10 20:58:31,737 DEBUG [main][MybatisConfiguration.java:128] - addMappedStatement: com.xuecheng.orders.mapper.XcPayRecordMapper.insert
2023-03-10 20:58:31,739 DEBUG [main][MybatisConfiguration.java:128] - addMappedStatement: com.xuecheng.orders.mapper.XcPayRecordMapper.delete
2023-03-10 20:58:31,741 DEBUG [main][MybatisConfiguration.java:128] - addMappedStatement: com.xuecheng.orders.mapper.XcPayRecordMapper.deleteByMap
2023-03-10 20:58:31,741 DEBUG [main][MybatisConfiguration.java:128] - addMappedStatement: com.xuecheng.orders.mapper.XcPayRecordMapper.deleteByMap
2023-03-10 20:58:31,744 DEBUG [main][MybatisConfiguration.java:128] - addMappedStatement: com.xuecheng.orders.mapper.XcPayRecordMapper.deleteById
2023-03-10 20:58:31,746 DEBUG [main][MybatisConfiguration.java:128] - addMappedStatement: com.xuecheng.orders.mapper.XcPayRecordMapper.deleteBatchIds
2023-03-10 20:58:31,744 DEBUG [main][MybatisConfiguration.java:128] - addMappedStatement: com.xuecheng.orders.mapper.XcPayRecordMapper.deleteById
2023-03-10 20:58:31,746 DEBUG [main][MybatisConfiguration.java:128] - addMappedStatement: com.xuecheng.orders.mapper.XcPayRecordMapper.deleteBatchIds
2023-03-10 20:58:31,749 DEBUG [main][MybatisConfiguration.java:128] - addMappedStatement: com.xuecheng.orders.mapper.XcPayRecordMapper.update
2023-03-10 20:58:31,749 DEBUG [main][MybatisConfiguration.java:128] - addMappedStatement: com.xuecheng.orders.mapper.XcPayRecordMapper.update
2023-03-10 20:58:31,752 DEBUG [main][MybatisConfiguration.java:128] - addMappedStatement: com.xuecheng.orders.mapper.XcPayRecordMapper.updateById
2023-03-10 20:58:31,753 DEBUG [main][MybatisConfiguration.java:128] - addMappedStatement: com.xuecheng.orders.mapper.XcPayRecordMapper.selectById
2023-03-10 20:58:31,752 DEBUG [main][MybatisConfiguration.java:128] - addMappedStatement: com.xuecheng.orders.mapper.XcPayRecordMapper.updateById
2023-03-10 20:58:31,753 DEBUG [main][MybatisConfiguration.java:128] - addMappedStatement: com.xuecheng.orders.mapper.XcPayRecordMapper.selectById
2023-03-10 20:58:31,755 DEBUG [main][MybatisConfiguration.java:128] - addMappedStatement: com.xuecheng.orders.mapper.XcPayRecordMapper.selectBatchIds
2023-03-10 20:58:31,755 DEBUG [main][MybatisConfiguration.java:128] - addMappedStatement: com.xuecheng.orders.mapper.XcPayRecordMapper.selectBatchIds
2023-03-10 20:58:31,757 DEBUG [main][MybatisConfiguration.java:128] - addMappedStatement: com.xuecheng.orders.mapper.XcPayRecordMapper.selectByMap
2023-03-10 20:58:31,757 DEBUG [main][MybatisConfiguration.java:128] - addMappedStatement: com.xuecheng.orders.mapper.XcPayRecordMapper.selectByMap
2023-03-10 20:58:31,759 DEBUG [main][MybatisConfiguration.java:128] - addMappedStatement: com.xuecheng.orders.mapper.XcPayRecordMapper.selectOne
2023-03-10 20:58:31,759 DEBUG [main][MybatisConfiguration.java:128] - addMappedStatement: com.xuecheng.orders.mapper.XcPayRecordMapper.selectOne
2023-03-10 20:58:31,762 DEBUG [main][MybatisConfiguration.java:128] - addMappedStatement: com.xuecheng.orders.mapper.XcPayRecordMapper.selectCount
2023-03-10 20:58:31,762 DEBUG [main][MybatisConfiguration.java:128] - addMappedStatement: com.xuecheng.orders.mapper.XcPayRecordMapper.selectCount
2023-03-10 20:58:31,765 DEBUG [main][MybatisConfiguration.java:128] - addMappedStatement: com.xuecheng.orders.mapper.XcPayRecordMapper.selectMaps
2023-03-10 20:58:31,765 DEBUG [main][MybatisConfiguration.java:128] - addMappedStatement: com.xuecheng.orders.mapper.XcPayRecordMapper.selectMaps
2023-03-10 20:58:31,767 DEBUG [main][MybatisConfiguration.java:128] - addMappedStatement: com.xuecheng.orders.mapper.XcPayRecordMapper.selectMapsPage
2023-03-10 20:58:31,767 DEBUG [main][MybatisConfiguration.java:128] - addMappedStatement: com.xuecheng.orders.mapper.XcPayRecordMapper.selectMapsPage
2023-03-10 20:58:31,769 DEBUG [main][MybatisConfiguration.java:128] - addMappedStatement: com.xuecheng.orders.mapper.XcPayRecordMapper.selectObjs
2023-03-10 20:58:31,769 DEBUG [main][MybatisConfiguration.java:128] - addMappedStatement: com.xuecheng.orders.mapper.XcPayRecordMapper.selectObjs
2023-03-10 20:58:31,772 DEBUG [main][MybatisConfiguration.java:128] - addMappedStatement: com.xuecheng.orders.mapper.XcPayRecordMapper.selectList
2023-03-10 20:58:31,772 DEBUG [main][MybatisConfiguration.java:128] - addMappedStatement: com.xuecheng.orders.mapper.XcPayRecordMapper.selectList
2023-03-10 20:58:31,774 DEBUG [main][MybatisConfiguration.java:128] - addMappedStatement: com.xuecheng.orders.mapper.XcPayRecordMapper.selectPage
2023-03-10 20:58:31,774 DEBUG [main][MybatisConfiguration.java:128] - addMappedStatement: com.xuecheng.orders.mapper.XcPayRecordMapper.selectPage
2023-03-10 20:58:31,833 INFO [main][InitUtils.java:65] - initializer namespace from System Property :null
2023-03-10 20:58:31,833 INFO [main][InitUtils.java:65] - initializer namespace from System Property :null
2023-03-10 20:58:31,835 INFO [main][InitUtils.java:74] - initializer namespace from System Environment :null
2023-03-10 20:58:31,835 INFO [main][InitUtils.java:74] - initializer namespace from System Environment :null
2023-03-10 20:58:31,835 INFO [main][InitUtils.java:84] - initializer namespace from System Property :null
2023-03-10 20:58:31,835 INFO [main][InitUtils.java:84] - initializer namespace from System Property :null
2023-03-10 20:58:31,850 DEBUG [main][NamingProxy.java:195] - server list provided by user: [39.105.221.68:8848]
2023-03-10 20:58:31,850 DEBUG [main][NamingProxy.java:195] - server list provided by user: [39.105.221.68:8848]
2023-03-10 20:58:31,875 DEBUG [com.alibaba.nacos.client.naming.updater][NamingProxy.java:195] - server list provided by user: [39.105.221.68:8848]
2023-03-10 20:58:31,875 DEBUG [com.alibaba.nacos.client.naming.updater][NamingProxy.java:195] - server list provided by user: [39.105.221.68:8848]
2023-03-10 20:58:31,887 DEBUG [com.alibaba.nacos.naming.failover][FailoverReactor.java:147] - failover switch is not found, failover00-00---000-VIPSRV_FAILOVER_SWITCH-000---00-00
2023-03-10 20:58:31,887 DEBUG [com.alibaba.nacos.naming.failover][FailoverReactor.java:147] - failover switch is not found, failover00-00---000-VIPSRV_FAILOVER_SWITCH-000---00-00
2023-03-10 20:58:31,905 DEBUG [main][HostReactor.java:306] - failover-mode: false
2023-03-10 20:58:31,905 DEBUG [main][HostReactor.java:306] - failover-mode: false
2023-03-10 20:58:31,922 DEBUG [main][NacosRestTemplate.java:476] - HTTP method: GET, url: http://39.105.221.68:8848/nacos/v1/ns/instance/list?app=unknown&healthyOnly=false&namespaceId=dev148&clientIP=192.168.101.1&serviceName=xuecheng-plus-project%40%40orders-service&udpPort=53342&clusters=DEFAULT, body: {}
2023-03-10 20:58:31,922 DEBUG [main][NacosRestTemplate.java:476] - HTTP method: GET, url: http://39.105.221.68:8848/nacos/v1/ns/instance/list?app=unknown&healthyOnly=false&namespaceId=dev148&clientIP=192.168.101.1&serviceName=xuecheng-plus-project%40%40orders-service&udpPort=53342&clusters=DEFAULT, body: {}
2023-03-10 20:58:32,138 INFO [main][StartupInfoLogger.java:61] - Started Test1 in 15.588 seconds (JVM running for 18.76)
2023-03-10 20:58:32,138 INFO [main][StartupInfoLogger.java:61] - Started Test1 in 15.588 seconds (JVM running for 18.76)
2023-03-10 20:58:32,143 INFO [main][ClientWorker.java:169] - [fixed-39.105.221.68_8848-dev148] [subscribe] orders-service.yaml+xuecheng-plus-project+dev148
2023-03-10 20:58:32,143 INFO [main][ClientWorker.java:169] - [fixed-39.105.221.68_8848-dev148] [subscribe] orders-service.yaml+xuecheng-plus-project+dev148
2023-03-10 20:58:32,146 INFO [main][CacheData.java:92] - [fixed-39.105.221.68_8848-dev148] [add-listener] ok, tenant=dev148, dataId=orders-service.yaml, group=xuecheng-plus-project, cnt=1
2023-03-10 20:58:32,146 INFO [main][CacheData.java:92] - [fixed-39.105.221.68_8848-dev148] [add-listener] ok, tenant=dev148, dataId=orders-service.yaml, group=xuecheng-plus-project, cnt=1
2023-03-10 20:58:32,147 INFO [main][ClientWorker.java:169] - [fixed-39.105.221.68_8848-dev148] [subscribe] orders-service+xuecheng-plus-project+dev148
2023-03-10 20:58:32,147 INFO [main][ClientWorker.java:169] - [fixed-39.105.221.68_8848-dev148] [subscribe] orders-service+xuecheng-plus-project+dev148
2023-03-10 20:58:32,147 INFO [main][CacheData.java:92] - [fixed-39.105.221.68_8848-dev148] [add-listener] ok, tenant=dev148, dataId=orders-service, group=xuecheng-plus-project, cnt=1
2023-03-10 20:58:32,147 INFO [main][CacheData.java:92] - [fixed-39.105.221.68_8848-dev148] [add-listener] ok, tenant=dev148, dataId=orders-service, group=xuecheng-plus-project, cnt=1
2023-03-10 20:58:32,149 INFO [main][ClientWorker.java:169] - [fixed-39.105.221.68_8848-dev148] [subscribe] orders-service-dev.yaml+xuecheng-plus-project+dev148
2023-03-10 20:58:32,150 INFO [main][CacheData.java:92] - [fixed-39.105.221.68_8848-dev148] [add-listener] ok, tenant=dev148, dataId=orders-service-dev.yaml, group=xuecheng-plus-project, cnt=1
2023-03-10 20:58:32,151 INFO [main][ClientWorker.java:169] - [fixed-39.105.221.68_8848-dev148] [subscribe] logging-dev.yaml+xuecheng-plus-common+dev148
2023-03-10 20:58:32,152 INFO [main][CacheData.java:92] - [fixed-39.105.221.68_8848-dev148] [add-listener] ok, tenant=dev148, dataId=logging-dev.yaml, group=xuecheng-plus-common, cnt=1
2023-03-10 20:58:32,149 INFO [main][ClientWorker.java:169] - [fixed-39.105.221.68_8848-dev148] [subscribe] orders-service-dev.yaml+xuecheng-plus-project+dev148
2023-03-10 20:58:32,150 INFO [main][CacheData.java:92] - [fixed-39.105.221.68_8848-dev148] [add-listener] ok, tenant=dev148, dataId=orders-service-dev.yaml, group=xuecheng-plus-project, cnt=1
2023-03-10 20:58:32,151 INFO [main][ClientWorker.java:169] - [fixed-39.105.221.68_8848-dev148] [subscribe] logging-dev.yaml+xuecheng-plus-common+dev148
2023-03-10 20:58:32,152 INFO [main][CacheData.java:92] - [fixed-39.105.221.68_8848-dev148] [add-listener] ok, tenant=dev148, dataId=logging-dev.yaml, group=xuecheng-plus-common, cnt=1
2023-03-10 20:58:32,181 DEBUG [com.alibaba.nacos.client.Worker.longPolling.fixed-39.105.221.68_8848-dev148][NacosRestTemplate.java:476] - HTTP method: POST, url: http://39.105.221.68:8848/nacos/v1/cs/configs/listener, body: {Listening-Configs=orders-service-dev.yamlxuecheng-plus-project04f8c12b65640a990000fa0c82eb69e8dev148orders-service.yamlxuecheng-plus-projectdev148logging-dev.yamlxuecheng-plus-commoncf8b1af28beb25b242f97519c8f2c560dev148orders-servicexuecheng-plus-projectdev148, tenant=dev148}
2023-03-10 20:58:32,182 DEBUG [com.alibaba.nacos.client.Worker.longPolling.fixed-39.105.221.68_8848-dev148][NacosRestTemplate.java:494] - Execute via interceptors :[com.alibaba.nacos.client.config.impl.ConfigHttpClientManager$LimiterHttpClientRequestInterceptor@35f90985]
2023-03-10 20:58:32,181 DEBUG [com.alibaba.nacos.client.Worker.longPolling.fixed-39.105.221.68_8848-dev148][NacosRestTemplate.java:476] - HTTP method: POST, url: http://39.105.221.68:8848/nacos/v1/cs/configs/listener, body: {Listening-Configs=orders-service-dev.yamlxuecheng-plus-project04f8c12b65640a990000fa0c82eb69e8dev148orders-service.yamlxuecheng-plus-projectdev148logging-dev.yamlxuecheng-plus-commoncf8b1af28beb25b242f97519c8f2c560dev148orders-servicexuecheng-plus-projectdev148, tenant=dev148}
2023-03-10 20:58:32,182 DEBUG [com.alibaba.nacos.client.Worker.longPolling.fixed-39.105.221.68_8848-dev148][NacosRestTemplate.java:494] - Execute via interceptors :[com.alibaba.nacos.client.config.impl.ConfigHttpClientManager$LimiterHttpClientRequestInterceptor@35f90985]
2023-03-10 20:58:32,207 ERROR [main][TestContextManager.java:248] - Caught exception while allowing TestExecutionListener [org.springframework.boot.test.autoconfigure.SpringBootDependencyInjectionTestExecutionListener@129c4d19] to prepare test instance [com.xuecheng.orders.Test1@11810917]
org.springframework.beans.factory.BeanCreationException: Error creating bean with name 'com.xuecheng.orders.Test1': Injection of autowired dependencies failed; nested exception is java.lang.IllegalArgumentException: Could not resolve placeholder 'pay.alipay.ALIPAY_PUBLIC_KEY' in value "${pay.alipay.ALIPAY_PUBLIC_KEY}"
	at org.springframework.beans.factory.annotation.AutowiredAnnotationBeanPostProcessor.postProcessProperties(AutowiredAnnotationBeanPostProcessor.java:405)
	at org.springframework.beans.factory.support.AbstractAutowireCapableBeanFactory.populateBean(AbstractAutowireCapableBeanFactory.java:1420)
	at org.springframework.beans.factory.support.AbstractAutowireCapableBeanFactory.autowireBeanProperties(AbstractAutowireCapableBeanFactory.java:392)
	at org.springframework.test.context.support.DependencyInjectionTestExecutionListener.injectDependencies(DependencyInjectionTestExecutionListener.java:119)
	at org.springframework.test.context.support.DependencyInjectionTestExecutionListener.prepareTestInstance(DependencyInjectionTestExecutionListener.java:83)
	at org.springframework.boot.test.autoconfigure.SpringBootDependencyInjectionTestExecutionListener.prepareTestInstance(SpringBootDependencyInjectionTestExecutionListener.java:43)
	at org.springframework.test.context.TestContextManager.prepareTestInstance(TestContextManager.java:244)
	at org.springframework.test.context.junit.jupiter.SpringExtension.postProcessTestInstance(SpringExtension.java:98)
	at org.junit.jupiter.engine.descriptor.ClassBasedTestDescriptor.lambda$invokeTestInstancePostProcessors$5(ClassBasedTestDescriptor.java:341)
	at org.junit.jupiter.engine.descriptor.ClassBasedTestDescriptor.executeAndMaskThrowable(ClassBasedTestDescriptor.java:346)
	at org.junit.jupiter.engine.descriptor.ClassBasedTestDescriptor.lambda$invokeTestInstancePostProcessors$6(ClassBasedTestDescriptor.java:341)
	at java.util.stream.ReferencePipeline$3$1.accept(ReferencePipeline.java:193)
	at java.util.stream.ReferencePipeline$2$1.accept(ReferencePipeline.java:175)
	at java.util.ArrayList$ArrayListSpliterator.forEachRemaining(ArrayList.java:1374)
	at java.util.stream.AbstractPipeline.copyInto(AbstractPipeline.java:481)
	at java.util.stream.AbstractPipeline.wrapAndCopyInto(AbstractPipeline.java:471)
	at java.util.stream.StreamSpliterators$WrappingSpliterator.forEachRemaining(StreamSpliterators.java:312)
	at java.util.stream.Streams$ConcatSpliterator.forEachRemaining(Streams.java:743)
	at java.util.stream.Streams$ConcatSpliterator.forEachRemaining(Streams.java:742)
	at java.util.stream.ReferencePipeline$Head.forEach(ReferencePipeline.java:580)
	at org.junit.jupiter.engine.descriptor.ClassBasedTestDescriptor.invokeTestInstancePostProcessors(ClassBasedTestDescriptor.java:340)
	at org.junit.jupiter.engine.descriptor.ClassBasedTestDescriptor.instantiateAndPostProcessTestInstance(ClassBasedTestDescriptor.java:263)
	at org.junit.jupiter.engine.descriptor.ClassBasedTestDescriptor.lambda$testInstancesProvider$2(ClassBasedTestDescriptor.java:256)
	at java.util.Optional.orElseGet(Optional.java:267)
	at org.junit.jupiter.engine.descriptor.ClassBasedTestDescriptor.lambda$testInstancesProvider$3(ClassBasedTestDescriptor.java:255)
	at org.junit.jupiter.engine.execution.TestInstancesProvider.getTestInstances(TestInstancesProvider.java:29)
	at org.junit.jupiter.engine.descriptor.TestMethodTestDescriptor.lambda$prepare$0(TestMethodTestDescriptor.java:108)
	at org.junit.platform.engine.support.hierarchical.ThrowableCollector.execute(ThrowableCollector.java:73)
	at org.junit.jupiter.engine.descriptor.TestMethodTestDescriptor.prepare(TestMethodTestDescriptor.java:107)
	at org.junit.jupiter.engine.descriptor.TestMethodTestDescriptor.prepare(TestMethodTestDescriptor.java:71)
	at org.junit.platform.engine.support.hierarchical.NodeTestTask.lambda$prepare$1(NodeTestTask.java:107)
	at org.junit.platform.engine.support.hierarchical.ThrowableCollector.execute(ThrowableCollector.java:73)
	at org.junit.platform.engine.support.hierarchical.NodeTestTask.prepare(NodeTestTask.java:107)
	at org.junit.platform.engine.support.hierarchical.NodeTestTask.execute(NodeTestTask.java:75)
	at java.util.ArrayList.forEach(ArrayList.java:1249)
	at org.junit.platform.engine.support.hierarchical.SameThreadHierarchicalTestExecutorService.invokeAll(SameThreadHierarchicalTestExecutorService.java:38)
	at org.junit.platform.engine.support.hierarchical.NodeTestTask.lambda$executeRecursively$5(NodeTestTask.java:139)
	at org.junit.platform.engine.support.hierarchical.ThrowableCollector.execute(ThrowableCollector.java:73)
	at org.junit.platform.engine.support.hierarchical.NodeTestTask.lambda$executeRecursively$7(NodeTestTask.java:125)
	at org.junit.platform.engine.support.hierarchical.Node.around(Node.java:135)
	at org.junit.platform.engine.support.hierarchical.NodeTestTask.lambda$executeRecursively$8(NodeTestTask.java:123)
	at org.junit.platform.engine.support.hierarchical.ThrowableCollector.execute(ThrowableCollector.java:73)
	at org.junit.platform.engine.support.hierarchical.NodeTestTask.executeRecursively(NodeTestTask.java:122)
	at org.junit.platform.engine.support.hierarchical.NodeTestTask.execute(NodeTestTask.java:80)
	at java.util.ArrayList.forEach(ArrayList.java:1249)
	at org.junit.platform.engine.support.hierarchical.SameThreadHierarchicalTestExecutorService.invokeAll(SameThreadHierarchicalTestExecutorService.java:38)
	at org.junit.platform.engine.support.hierarchical.NodeTestTask.lambda$executeRecursively$5(NodeTestTask.java:139)
	at org.junit.platform.engine.support.hierarchical.ThrowableCollector.execute(ThrowableCollector.java:73)
	at org.junit.platform.engine.support.hierarchical.NodeTestTask.lambda$executeRecursively$7(NodeTestTask.java:125)
	at org.junit.platform.engine.support.hierarchical.Node.around(Node.java:135)
	at org.junit.platform.engine.support.hierarchical.NodeTestTask.lambda$executeRecursively$8(NodeTestTask.java:123)
	at org.junit.platform.engine.support.hierarchical.ThrowableCollector.execute(ThrowableCollector.java:73)
	at org.junit.platform.engine.support.hierarchical.NodeTestTask.executeRecursively(NodeTestTask.java:122)
	at org.junit.platform.engine.support.hierarchical.NodeTestTask.execute(NodeTestTask.java:80)
	at org.junit.platform.engine.support.hierarchical.SameThreadHierarchicalTestExecutorService.submit(SameThreadHierarchicalTestExecutorService.java:32)
	at org.junit.platform.engine.support.hierarchical.HierarchicalTestExecutor.execute(HierarchicalTestExecutor.java:57)
	at org.junit.platform.engine.support.hierarchical.HierarchicalTestEngine.execute(HierarchicalTestEngine.java:51)
	at org.junit.platform.launcher.core.DefaultLauncher.execute(DefaultLauncher.java:248)
	at org.junit.platform.launcher.core.DefaultLauncher.lambda$execute$5(DefaultLauncher.java:211)
	at org.junit.platform.launcher.core.DefaultLauncher.withInterceptedStreams(DefaultLauncher.java:226)
	at org.junit.platform.launcher.core.DefaultLauncher.execute(DefaultLauncher.java:199)
	at org.junit.platform.launcher.core.DefaultLauncher.execute(DefaultLauncher.java:132)
	at com.intellij.junit5.JUnit5IdeaTestRunner.startRunnerWithArgs(JUnit5IdeaTestRunner.java:71)
	at com.intellij.rt.junit.IdeaTestRunner$Repeater.startRunnerWithArgs(IdeaTestRunner.java:33)
	at com.intellij.rt.junit.JUnitStarter.prepareStreamsAndStart(JUnitStarter.java:220)
	at com.intellij.rt.junit.JUnitStarter.main(JUnitStarter.java:53)
Caused by: java.lang.IllegalArgumentException: Could not resolve placeholder 'pay.alipay.ALIPAY_PUBLIC_KEY' in value "${pay.alipay.ALIPAY_PUBLIC_KEY}"
	at org.springframework.util.PropertyPlaceholderHelper.parseStringValue(PropertyPlaceholderHelper.java:178)
	at org.springframework.util.PropertyPlaceholderHelper.replacePlaceholders(PropertyPlaceholderHelper.java:124)
	at org.springframework.core.env.AbstractPropertyResolver.doResolvePlaceholders(AbstractPropertyResolver.java:239)
	at org.springframework.core.env.AbstractPropertyResolver.resolveRequiredPlaceholders(AbstractPropertyResolver.java:210)
	at org.springframework.context.support.PropertySourcesPlaceholderConfigurer.lambda$processProperties$0(PropertySourcesPlaceholderConfigurer.java:175)
	at org.springframework.beans.factory.support.AbstractBeanFactory.resolveEmbeddedValue(AbstractBeanFactory.java:918)
	at org.springframework.beans.factory.support.DefaultListableBeanFactory.doResolveDependency(DefaultListableBeanFactory.java:1248)
	at org.springframework.beans.factory.support.DefaultListableBeanFactory.resolveDependency(DefaultListableBeanFactory.java:1227)
	at org.springframework.beans.factory.annotation.AutowiredAnnotationBeanPostProcessor$AutowiredFieldElement.inject(AutowiredAnnotationBeanPostProcessor.java:640)
	at org.springframework.beans.factory.annotation.InjectionMetadata.inject(InjectionMetadata.java:119)
	at org.springframework.beans.factory.annotation.AutowiredAnnotationBeanPostProcessor.postProcessProperties(AutowiredAnnotationBeanPostProcessor.java:399)
	... 65 more
2023-03-10 20:58:32,207 ERROR [main][TestContextManager.java:248] - Caught exception while allowing TestExecutionListener [org.springframework.boot.test.autoconfigure.SpringBootDependencyInjectionTestExecutionListener@129c4d19] to prepare test instance [com.xuecheng.orders.Test1@11810917]
org.springframework.beans.factory.BeanCreationException: Error creating bean with name 'com.xuecheng.orders.Test1': Injection of autowired dependencies failed; nested exception is java.lang.IllegalArgumentException: Could not resolve placeholder 'pay.alipay.ALIPAY_PUBLIC_KEY' in value "${pay.alipay.ALIPAY_PUBLIC_KEY}"
	at org.springframework.beans.factory.annotation.AutowiredAnnotationBeanPostProcessor.postProcessProperties(AutowiredAnnotationBeanPostProcessor.java:405)
	at org.springframework.beans.factory.support.AbstractAutowireCapableBeanFactory.populateBean(AbstractAutowireCapableBeanFactory.java:1420)
	at org.springframework.beans.factory.support.AbstractAutowireCapableBeanFactory.autowireBeanProperties(AbstractAutowireCapableBeanFactory.java:392)
	at org.springframework.test.context.support.DependencyInjectionTestExecutionListener.injectDependencies(DependencyInjectionTestExecutionListener.java:119)
	at org.springframework.test.context.support.DependencyInjectionTestExecutionListener.prepareTestInstance(DependencyInjectionTestExecutionListener.java:83)
	at org.springframework.boot.test.autoconfigure.SpringBootDependencyInjectionTestExecutionListener.prepareTestInstance(SpringBootDependencyInjectionTestExecutionListener.java:43)
	at org.springframework.test.context.TestContextManager.prepareTestInstance(TestContextManager.java:244)
	at org.springframework.test.context.junit.jupiter.SpringExtension.postProcessTestInstance(SpringExtension.java:98)
	at org.junit.jupiter.engine.descriptor.ClassBasedTestDescriptor.lambda$invokeTestInstancePostProcessors$5(ClassBasedTestDescriptor.java:341)
	at org.junit.jupiter.engine.descriptor.ClassBasedTestDescriptor.executeAndMaskThrowable(ClassBasedTestDescriptor.java:346)
	at org.junit.jupiter.engine.descriptor.ClassBasedTestDescriptor.lambda$invokeTestInstancePostProcessors$6(ClassBasedTestDescriptor.java:341)
	at java.util.stream.ReferencePipeline$3$1.accept(ReferencePipeline.java:193)
	at java.util.stream.ReferencePipeline$2$1.accept(ReferencePipeline.java:175)
	at java.util.ArrayList$ArrayListSpliterator.forEachRemaining(ArrayList.java:1374)
	at java.util.stream.AbstractPipeline.copyInto(AbstractPipeline.java:481)
	at java.util.stream.AbstractPipeline.wrapAndCopyInto(AbstractPipeline.java:471)
	at java.util.stream.StreamSpliterators$WrappingSpliterator.forEachRemaining(StreamSpliterators.java:312)
	at java.util.stream.Streams$ConcatSpliterator.forEachRemaining(Streams.java:743)
	at java.util.stream.Streams$ConcatSpliterator.forEachRemaining(Streams.java:742)
	at java.util.stream.ReferencePipeline$Head.forEach(ReferencePipeline.java:580)
	at org.junit.jupiter.engine.descriptor.ClassBasedTestDescriptor.invokeTestInstancePostProcessors(ClassBasedTestDescriptor.java:340)
	at org.junit.jupiter.engine.descriptor.ClassBasedTestDescriptor.instantiateAndPostProcessTestInstance(ClassBasedTestDescriptor.java:263)
	at org.junit.jupiter.engine.descriptor.ClassBasedTestDescriptor.lambda$testInstancesProvider$2(ClassBasedTestDescriptor.java:256)
	at java.util.Optional.orElseGet(Optional.java:267)
	at org.junit.jupiter.engine.descriptor.ClassBasedTestDescriptor.lambda$testInstancesProvider$3(ClassBasedTestDescriptor.java:255)
	at org.junit.jupiter.engine.execution.TestInstancesProvider.getTestInstances(TestInstancesProvider.java:29)
	at org.junit.jupiter.engine.descriptor.TestMethodTestDescriptor.lambda$prepare$0(TestMethodTestDescriptor.java:108)
	at org.junit.platform.engine.support.hierarchical.ThrowableCollector.execute(ThrowableCollector.java:73)
	at org.junit.jupiter.engine.descriptor.TestMethodTestDescriptor.prepare(TestMethodTestDescriptor.java:107)
	at org.junit.jupiter.engine.descriptor.TestMethodTestDescriptor.prepare(TestMethodTestDescriptor.java:71)
	at org.junit.platform.engine.support.hierarchical.NodeTestTask.lambda$prepare$1(NodeTestTask.java:107)
	at org.junit.platform.engine.support.hierarchical.ThrowableCollector.execute(ThrowableCollector.java:73)
	at org.junit.platform.engine.support.hierarchical.NodeTestTask.prepare(NodeTestTask.java:107)
	at org.junit.platform.engine.support.hierarchical.NodeTestTask.execute(NodeTestTask.java:75)
	at java.util.ArrayList.forEach(ArrayList.java:1249)
	at org.junit.platform.engine.support.hierarchical.SameThreadHierarchicalTestExecutorService.invokeAll(SameThreadHierarchicalTestExecutorService.java:38)
	at org.junit.platform.engine.support.hierarchical.NodeTestTask.lambda$executeRecursively$5(NodeTestTask.java:139)
	at org.junit.platform.engine.support.hierarchical.ThrowableCollector.execute(ThrowableCollector.java:73)
	at org.junit.platform.engine.support.hierarchical.NodeTestTask.lambda$executeRecursively$7(NodeTestTask.java:125)
	at org.junit.platform.engine.support.hierarchical.Node.around(Node.java:135)
	at org.junit.platform.engine.support.hierarchical.NodeTestTask.lambda$executeRecursively$8(NodeTestTask.java:123)
	at org.junit.platform.engine.support.hierarchical.ThrowableCollector.execute(ThrowableCollector.java:73)
	at org.junit.platform.engine.support.hierarchical.NodeTestTask.executeRecursively(NodeTestTask.java:122)
	at org.junit.platform.engine.support.hierarchical.NodeTestTask.execute(NodeTestTask.java:80)
	at java.util.ArrayList.forEach(ArrayList.java:1249)
	at org.junit.platform.engine.support.hierarchical.SameThreadHierarchicalTestExecutorService.invokeAll(SameThreadHierarchicalTestExecutorService.java:38)
	at org.junit.platform.engine.support.hierarchical.NodeTestTask.lambda$executeRecursively$5(NodeTestTask.java:139)
	at org.junit.platform.engine.support.hierarchical.ThrowableCollector.execute(ThrowableCollector.java:73)
	at org.junit.platform.engine.support.hierarchical.NodeTestTask.lambda$executeRecursively$7(NodeTestTask.java:125)
	at org.junit.platform.engine.support.hierarchical.Node.around(Node.java:135)
	at org.junit.platform.engine.support.hierarchical.NodeTestTask.lambda$executeRecursively$8(NodeTestTask.java:123)
	at org.junit.platform.engine.support.hierarchical.ThrowableCollector.execute(ThrowableCollector.java:73)
	at org.junit.platform.engine.support.hierarchical.NodeTestTask.executeRecursively(NodeTestTask.java:122)
	at org.junit.platform.engine.support.hierarchical.NodeTestTask.execute(NodeTestTask.java:80)
	at org.junit.platform.engine.support.hierarchical.SameThreadHierarchicalTestExecutorService.submit(SameThreadHierarchicalTestExecutorService.java:32)
	at org.junit.platform.engine.support.hierarchical.HierarchicalTestExecutor.execute(HierarchicalTestExecutor.java:57)
	at org.junit.platform.engine.support.hierarchical.HierarchicalTestEngine.execute(HierarchicalTestEngine.java:51)
	at org.junit.platform.launcher.core.DefaultLauncher.execute(DefaultLauncher.java:248)
	at org.junit.platform.launcher.core.DefaultLauncher.lambda$execute$5(DefaultLauncher.java:211)
	at org.junit.platform.launcher.core.DefaultLauncher.withInterceptedStreams(DefaultLauncher.java:226)
	at org.junit.platform.launcher.core.DefaultLauncher.execute(DefaultLauncher.java:199)
	at org.junit.platform.launcher.core.DefaultLauncher.execute(DefaultLauncher.java:132)
	at com.intellij.junit5.JUnit5IdeaTestRunner.startRunnerWithArgs(JUnit5IdeaTestRunner.java:71)
	at com.intellij.rt.junit.IdeaTestRunner$Repeater.startRunnerWithArgs(IdeaTestRunner.java:33)
	at com.intellij.rt.junit.JUnitStarter.prepareStreamsAndStart(JUnitStarter.java:220)
	at com.intellij.rt.junit.JUnitStarter.main(JUnitStarter.java:53)
Caused by: java.lang.IllegalArgumentException: Could not resolve placeholder 'pay.alipay.ALIPAY_PUBLIC_KEY' in value "${pay.alipay.ALIPAY_PUBLIC_KEY}"
	at org.springframework.util.PropertyPlaceholderHelper.parseStringValue(PropertyPlaceholderHelper.java:178)
	at org.springframework.util.PropertyPlaceholderHelper.replacePlaceholders(PropertyPlaceholderHelper.java:124)
	at org.springframework.core.env.AbstractPropertyResolver.doResolvePlaceholders(AbstractPropertyResolver.java:239)
	at org.springframework.core.env.AbstractPropertyResolver.resolveRequiredPlaceholders(AbstractPropertyResolver.java:210)
	at org.springframework.context.support.PropertySourcesPlaceholderConfigurer.lambda$processProperties$0(PropertySourcesPlaceholderConfigurer.java:175)
	at org.springframework.beans.factory.support.AbstractBeanFactory.resolveEmbeddedValue(AbstractBeanFactory.java:918)
	at org.springframework.beans.factory.support.DefaultListableBeanFactory.doResolveDependency(DefaultListableBeanFactory.java:1248)
	at org.springframework.beans.factory.support.DefaultListableBeanFactory.resolveDependency(DefaultListableBeanFactory.java:1227)
	at org.springframework.beans.factory.annotation.AutowiredAnnotationBeanPostProcessor$AutowiredFieldElement.inject(AutowiredAnnotationBeanPostProcessor.java:640)
	at org.springframework.beans.factory.annotation.InjectionMetadata.inject(InjectionMetadata.java:119)
	at org.springframework.beans.factory.annotation.AutowiredAnnotationBeanPostProcessor.postProcessProperties(AutowiredAnnotationBeanPostProcessor.java:399)
	... 65 more
2023-03-10 20:58:32,240 DEBUG [com.alibaba.nacos.client.Worker.longPolling.fixed-39.105.221.68_8848-dev148][NacosRestTemplate.java:476] - HTTP method: POST, url: http://39.105.221.68:8848/nacos/v1/cs/configs/listener, body: {Listening-Configs=orders-service-dev.yamlxuecheng-plus-project04f8c12b65640a990000fa0c82eb69e8dev148orders-service.yamlxuecheng-plus-projectdev148logging-dev.yamlxuecheng-plus-commoncf8b1af28beb25b242f97519c8f2c560dev148orders-servicexuecheng-plus-projectdev148, tenant=dev148}
2023-03-10 20:58:32,241 DEBUG [com.alibaba.nacos.client.Worker.longPolling.fixed-39.105.221.68_8848-dev148][NacosRestTemplate.java:494] - Execute via interceptors :[com.alibaba.nacos.client.config.impl.ConfigHttpClientManager$LimiterHttpClientRequestInterceptor@35f90985]
2023-03-10 20:58:32,240 DEBUG [com.alibaba.nacos.client.Worker.longPolling.fixed-39.105.221.68_8848-dev148][NacosRestTemplate.java:476] - HTTP method: POST, url: http://39.105.221.68:8848/nacos/v1/cs/configs/listener, body: {Listening-Configs=orders-service-dev.yamlxuecheng-plus-project04f8c12b65640a990000fa0c82eb69e8dev148orders-service.yamlxuecheng-plus-projectdev148logging-dev.yamlxuecheng-plus-commoncf8b1af28beb25b242f97519c8f2c560dev148orders-servicexuecheng-plus-projectdev148, tenant=dev148}
2023-03-10 20:58:32,241 DEBUG [com.alibaba.nacos.client.Worker.longPolling.fixed-39.105.221.68_8848-dev148][NacosRestTemplate.java:494] - Execute via interceptors :[com.alibaba.nacos.client.config.impl.ConfigHttpClientManager$LimiterHttpClientRequestInterceptor@35f90985]
2023-03-10 20:58:32,264 WARN [Thread-13][NotifyCenter.java:145] - [NotifyCenter] Start destroying Publisher
2023-03-10 20:58:32,264 WARN [Thread-13][NotifyCenter.java:145] - [NotifyCenter] Start destroying Publisher
2023-03-10 20:58:32,265 WARN [Thread-13][NotifyCenter.java:162] - [NotifyCenter] Destruction of the end
2023-03-10 20:58:32,265 WARN [Thread-13][NotifyCenter.java:162] - [NotifyCenter] Destruction of the end
2023-03-10 20:58:32,268 WARN [Thread-2][HttpClientBeanHolder.java:108] - [HttpClientBeanHolder] Start destroying common HttpClient
2023-03-10 20:58:32,268 WARN [Thread-2][HttpClientBeanHolder.java:108] - [HttpClientBeanHolder] Start destroying common HttpClient
2023-03-10 20:58:32,270 WARN [Thread-2][HttpClientBeanHolder.java:114] - [HttpClientBeanHolder] Destruction of the end
2023-03-10 20:58:32,270 WARN [Thread-2][HttpClientBeanHolder.java:114] - [HttpClientBeanHolder] Destruction of the end
2023-03-10 20:58:32,273 INFO [SpringContextShutdownHook][ExecutorConfigurationSupport.java:218] - Shutting down ExecutorService 'Nacos-Watch-Task-Scheduler'
2023-03-10 20:58:32,273 INFO [SpringContextShutdownHook][ExecutorConfigurationSupport.java:218] - Shutting down ExecutorService 'Nacos-Watch-Task-Scheduler'
2023-03-10 20:58:32,316 INFO [SpringContextShutdownHook][BeatReactor.java:147] - com.alibaba.nacos.client.naming.beat.BeatReactor do shutdown begin
2023-03-10 20:58:32,316 INFO [SpringContextShutdownHook][BeatReactor.java:147] - com.alibaba.nacos.client.naming.beat.BeatReactor do shutdown begin
2023-03-10 20:58:32,317 INFO [SpringContextShutdownHook][BeatReactor.java:149] - com.alibaba.nacos.client.naming.beat.BeatReactor do shutdown stop
2023-03-10 20:58:32,317 INFO [SpringContextShutdownHook][BeatReactor.java:149] - com.alibaba.nacos.client.naming.beat.BeatReactor do shutdown stop
2023-03-10 20:58:32,317 INFO [SpringContextShutdownHook][HostReactor.java:413] - com.alibaba.nacos.client.naming.core.HostReactor do shutdown begin
2023-03-10 20:58:32,317 INFO [SpringContextShutdownHook][HostReactor.java:413] - com.alibaba.nacos.client.naming.core.HostReactor do shutdown begin
2023-03-10 20:58:33,108 DEBUG [com.alibaba.nacos.client.naming.updater][NacosRestTemplate.java:476] - HTTP method: GET, url: http://39.105.221.68:8848/nacos/v1/ns/instance/list?app=unknown&healthyOnly=false&namespaceId=dev148&clientIP=192.168.101.1&serviceName=xuecheng-plus-project%40%40orders-service&udpPort=53342&clusters=DEFAULT, body: {}
2023-03-10 20:58:33,108 DEBUG [com.alibaba.nacos.client.naming.updater][NacosRestTemplate.java:476] - HTTP method: GET, url: http://39.105.221.68:8848/nacos/v1/ns/instance/list?app=unknown&healthyOnly=false&namespaceId=dev148&clientIP=192.168.101.1&serviceName=xuecheng-plus-project%40%40orders-service&udpPort=53342&clusters=DEFAULT, body: {}
2023-03-10 20:58:33,211 INFO [SpringContextShutdownHook][PushReceiver.java:132] - com.alibaba.nacos.client.naming.core.PushReceiver do shutdown begin
2023-03-10 20:58:33,211 INFO [SpringContextShutdownHook][PushReceiver.java:132] - com.alibaba.nacos.client.naming.core.PushReceiver do shutdown begin
2023-03-10 20:58:36,240 INFO [SpringContextShutdownHook][PushReceiver.java:136] - com.alibaba.nacos.client.naming.core.PushReceiver do shutdown stop
2023-03-10 20:58:36,240 INFO [SpringContextShutdownHook][PushReceiver.java:136] - com.alibaba.nacos.client.naming.core.PushReceiver do shutdown stop
2023-03-10 20:58:36,241 INFO [SpringContextShutdownHook][FailoverReactor.java:132] - com.alibaba.nacos.client.naming.backups.FailoverReactor do shutdown begin
2023-03-10 20:58:36,241 INFO [SpringContextShutdownHook][FailoverReactor.java:132] - com.alibaba.nacos.client.naming.backups.FailoverReactor do shutdown begin
2023-03-10 20:58:39,264 INFO [SpringContextShutdownHook][FailoverReactor.java:134] - com.alibaba.nacos.client.naming.backups.FailoverReactor do shutdown stop
2023-03-10 20:58:39,264 INFO [SpringContextShutdownHook][FailoverReactor.java:134] - com.alibaba.nacos.client.naming.backups.FailoverReactor do shutdown stop
2023-03-10 20:58:39,265 INFO [SpringContextShutdownHook][HostReactor.java:418] - com.alibaba.nacos.client.naming.core.HostReactor do shutdown stop
2023-03-10 20:58:39,265 INFO [SpringContextShutdownHook][HostReactor.java:418] - com.alibaba.nacos.client.naming.core.HostReactor do shutdown stop
2023-03-10 20:58:39,265 INFO [SpringContextShutdownHook][NamingProxy.java:719] - com.alibaba.nacos.client.naming.net.NamingProxy do shutdown begin
2023-03-10 20:58:39,265 INFO [SpringContextShutdownHook][NamingProxy.java:719] - com.alibaba.nacos.client.naming.net.NamingProxy do shutdown begin
2023-03-10 20:58:39,266 WARN [SpringContextShutdownHook][NamingHttpClientManager.java:72] - [NamingHttpClientManager] Start destroying NacosRestTemplate
2023-03-10 20:58:39,266 WARN [SpringContextShutdownHook][NamingHttpClientManager.java:72] - [NamingHttpClientManager] Start destroying NacosRestTemplate
2023-03-10 20:58:39,267 WARN [SpringContextShutdownHook][NamingHttpClientManager.java:79] - [NamingHttpClientManager] Destruction of the end
2023-03-10 20:58:39,267 WARN [SpringContextShutdownHook][NamingHttpClientManager.java:79] - [NamingHttpClientManager] Destruction of the end
2023-03-10 20:58:39,268 INFO [SpringContextShutdownHook][CredentialWatcher.java:105] - [null] CredentialWatcher is stopped
2023-03-10 20:58:39,268 INFO [SpringContextShutdownHook][CredentialWatcher.java:105] - [null] CredentialWatcher is stopped
2023-03-10 20:58:39,268 INFO [SpringContextShutdownHook][CredentialService.java:98] - [null] CredentialService is freed
2023-03-10 20:58:39,268 INFO [SpringContextShutdownHook][CredentialService.java:98] - [null] CredentialService is freed
2023-03-10 20:58:39,269 INFO [SpringContextShutdownHook][NamingProxy.java:723] - com.alibaba.nacos.client.naming.net.NamingProxy do shutdown stop
2023-03-10 20:58:39,269 INFO [SpringContextShutdownHook][NamingProxy.java:723] - com.alibaba.nacos.client.naming.net.NamingProxy do shutdown stop
