2023-03-01 10:58:53,528 INFO [main][SpringApplication.java:655] - The following profiles are active: dev
2023-03-01 10:58:53,528 INFO [main][SpringApplication.java:655] - The following profiles are active: dev
2023-03-01 10:58:55,869 DEBUG [main][LogFactory.java:105] - Logging initialized using 'class org.apache.ibatis.logging.slf4j.Slf4jImpl' adapter.
2023-03-01 10:58:55,869 DEBUG [main][LogFactory.java:105] - Logging initialized using 'class org.apache.ibatis.logging.slf4j.Slf4jImpl' adapter.
2023-03-01 10:58:56,024 INFO [main][GenericScope.java:295] - BeanFactory id=55b86b31-2336-3166-8094-044b3a61c4c7
2023-03-01 10:58:56,024 INFO [main][GenericScope.java:295] - BeanFactory id=55b86b31-2336-3166-8094-044b3a61c4c7
2023-03-01 10:58:57,227 INFO [main][TomcatWebServer.java:108] - Tomcat initialized with port(s): 63040 (http)
2023-03-01 10:58:57,227 INFO [main][TomcatWebServer.java:108] - Tomcat initialized with port(s): 63040 (http)
2023-03-01 10:58:57,243 INFO [main][DirectJDKLog.java:173] - Initializing ProtocolHandler ["http-nio-63040"]
2023-03-01 10:58:57,243 INFO [main][DirectJDKLog.java:173] - Initializing ProtocolHandler ["http-nio-63040"]
2023-03-01 10:58:57,244 INFO [main][DirectJDKLog.java:173] - Starting service [Tomcat]
2023-03-01 10:58:57,244 INFO [main][DirectJDKLog.java:173] - Starting service [Tomcat]
2023-03-01 10:58:57,244 INFO [main][DirectJDKLog.java:173] - Starting Servlet engine: [Apache Tomcat/9.0.41]
2023-03-01 10:58:57,244 INFO [main][DirectJDKLog.java:173] - Starting Servlet engine: [Apache Tomcat/9.0.41]
2023-03-01 10:58:57,247 INFO [main][DirectJDKLog.java:173] - Loaded Apache Tomcat Native library [1.2.35] using APR version [1.7.0].
2023-03-01 10:58:57,247 INFO [main][DirectJDKLog.java:173] - Loaded Apache Tomcat Native library [1.2.35] using APR version [1.7.0].
2023-03-01 10:58:57,248 INFO [main][DirectJDKLog.java:173] - APR capabilities: IPv6 [true], sendfile [true], accept filters [false], random [true].
2023-03-01 10:58:57,248 INFO [main][DirectJDKLog.java:173] - APR capabilities: IPv6 [true], sendfile [true], accept filters [false], random [true].
2023-03-01 10:58:57,248 INFO [main][DirectJDKLog.java:173] - APR/OpenSSL configuration: useAprConnector [false], useOpenSSL [true]
2023-03-01 10:58:57,248 INFO [main][DirectJDKLog.java:173] - APR/OpenSSL configuration: useAprConnector [false], useOpenSSL [true]
2023-03-01 10:58:57,269 INFO [main][DirectJDKLog.java:173] - OpenSSL successfully initialized [OpenSSL 1.1.1q  5 Jul 2022]
2023-03-01 10:58:57,269 INFO [main][DirectJDKLog.java:173] - OpenSSL successfully initialized [OpenSSL 1.1.1q  5 Jul 2022]
2023-03-01 10:58:57,734 INFO [main][DirectJDKLog.java:173] - Initializing Spring embedded WebApplicationContext
2023-03-01 10:58:57,734 INFO [main][DirectJDKLog.java:173] - Initializing Spring embedded WebApplicationContext
2023-03-01 10:58:57,735 INFO [main][ServletWebServerApplicationContext.java:285] - Root WebApplicationContext: initialization completed in 4179 ms
2023-03-01 10:58:57,735 INFO [main][ServletWebServerApplicationContext.java:285] - Root WebApplicationContext: initialization completed in 4179 ms
2023-03-01 10:58:58,082 DEBUG [main][HikariConfig.java:946] - Driver class com.mysql.cj.jdbc.Driver found in Thread context class loader sun.misc.Launcher$AppClassLoader@18b4aac2
2023-03-01 10:58:58,082 DEBUG [main][HikariConfig.java:946] - Driver class com.mysql.cj.jdbc.Driver found in Thread context class loader sun.misc.Launcher$AppClassLoader@18b4aac2
2023-03-01 10:58:58,189 DEBUG [main][Logger.java:49] - Registered plugin: 'com.baomidou.mybatisplus.extension.plugins.MybatisPlusInterceptor@6d33a66e'
2023-03-01 10:58:58,189 DEBUG [main][Logger.java:49] - Registered plugin: 'com.baomidou.mybatisplus.extension.plugins.MybatisPlusInterceptor@6d33a66e'
2023-03-01 10:58:58,191 DEBUG [main][Logger.java:49] - Property 'mapperLocations' was not specified.
2023-03-01 10:58:58,191 DEBUG [main][Logger.java:49] - Property 'mapperLocations' was not specified.
2023-03-01 10:58:59,657 DEBUG [main][MybatisConfiguration.java:128] - addMappedStatement: com.xuecheng.content.mapper.CourseBaseMapper.insert
2023-03-01 10:58:59,657 DEBUG [main][MybatisConfiguration.java:128] - addMappedStatement: com.xuecheng.content.mapper.CourseBaseMapper.insert
2023-03-01 10:58:59,665 DEBUG [main][MybatisConfiguration.java:128] - addMappedStatement: com.xuecheng.content.mapper.CourseBaseMapper.delete
2023-03-01 10:58:59,665 DEBUG [main][MybatisConfiguration.java:128] - addMappedStatement: com.xuecheng.content.mapper.CourseBaseMapper.delete
2023-03-01 10:58:59,669 DEBUG [main][MybatisConfiguration.java:128] - addMappedStatement: com.xuecheng.content.mapper.CourseBaseMapper.deleteByMap
2023-03-01 10:58:59,669 DEBUG [main][MybatisConfiguration.java:128] - addMappedStatement: com.xuecheng.content.mapper.CourseBaseMapper.deleteByMap
2023-03-01 10:58:59,710 DEBUG [main][MybatisConfiguration.java:128] - addMappedStatement: com.xuecheng.content.mapper.CourseBaseMapper.deleteById
2023-03-01 10:58:59,710 DEBUG [main][MybatisConfiguration.java:128] - addMappedStatement: com.xuecheng.content.mapper.CourseBaseMapper.deleteById
2023-03-01 10:58:59,715 DEBUG [main][MybatisConfiguration.java:128] - addMappedStatement: com.xuecheng.content.mapper.CourseBaseMapper.deleteBatchIds
2023-03-01 10:58:59,715 DEBUG [main][MybatisConfiguration.java:128] - addMappedStatement: com.xuecheng.content.mapper.CourseBaseMapper.deleteBatchIds
2023-03-01 10:58:59,726 DEBUG [main][MybatisConfiguration.java:128] - addMappedStatement: com.xuecheng.content.mapper.CourseBaseMapper.update
2023-03-01 10:58:59,726 DEBUG [main][MybatisConfiguration.java:128] - addMappedStatement: com.xuecheng.content.mapper.CourseBaseMapper.update
2023-03-01 10:58:59,730 DEBUG [main][MybatisConfiguration.java:128] - addMappedStatement: com.xuecheng.content.mapper.CourseBaseMapper.updateById
2023-03-01 10:58:59,730 DEBUG [main][MybatisConfiguration.java:128] - addMappedStatement: com.xuecheng.content.mapper.CourseBaseMapper.updateById
2023-03-01 10:58:59,734 DEBUG [main][MybatisConfiguration.java:128] - addMappedStatement: com.xuecheng.content.mapper.CourseBaseMapper.selectById
2023-03-01 10:58:59,734 DEBUG [main][MybatisConfiguration.java:128] - addMappedStatement: com.xuecheng.content.mapper.CourseBaseMapper.selectById
2023-03-01 10:58:59,738 DEBUG [main][MybatisConfiguration.java:128] - addMappedStatement: com.xuecheng.content.mapper.CourseBaseMapper.selectBatchIds
2023-03-01 10:58:59,738 DEBUG [main][MybatisConfiguration.java:128] - addMappedStatement: com.xuecheng.content.mapper.CourseBaseMapper.selectBatchIds
2023-03-01 10:58:59,741 DEBUG [main][MybatisConfiguration.java:128] - addMappedStatement: com.xuecheng.content.mapper.CourseBaseMapper.selectByMap
2023-03-01 10:58:59,741 DEBUG [main][MybatisConfiguration.java:128] - addMappedStatement: com.xuecheng.content.mapper.CourseBaseMapper.selectByMap
2023-03-01 10:58:59,744 DEBUG [main][MybatisConfiguration.java:128] - addMappedStatement: com.xuecheng.content.mapper.CourseBaseMapper.selectOne
2023-03-01 10:58:59,744 DEBUG [main][MybatisConfiguration.java:128] - addMappedStatement: com.xuecheng.content.mapper.CourseBaseMapper.selectOne
2023-03-01 10:58:59,749 DEBUG [main][MybatisConfiguration.java:128] - addMappedStatement: com.xuecheng.content.mapper.CourseBaseMapper.selectCount
2023-03-01 10:58:59,749 DEBUG [main][MybatisConfiguration.java:128] - addMappedStatement: com.xuecheng.content.mapper.CourseBaseMapper.selectCount
2023-03-01 10:58:59,754 DEBUG [main][MybatisConfiguration.java:128] - addMappedStatement: com.xuecheng.content.mapper.CourseBaseMapper.selectMaps
2023-03-01 10:58:59,754 DEBUG [main][MybatisConfiguration.java:128] - addMappedStatement: com.xuecheng.content.mapper.CourseBaseMapper.selectMaps
2023-03-01 10:58:59,760 DEBUG [main][MybatisConfiguration.java:128] - addMappedStatement: com.xuecheng.content.mapper.CourseBaseMapper.selectMapsPage
2023-03-01 10:58:59,760 DEBUG [main][MybatisConfiguration.java:128] - addMappedStatement: com.xuecheng.content.mapper.CourseBaseMapper.selectMapsPage
2023-03-01 10:58:59,765 DEBUG [main][MybatisConfiguration.java:128] - addMappedStatement: com.xuecheng.content.mapper.CourseBaseMapper.selectObjs
2023-03-01 10:58:59,765 DEBUG [main][MybatisConfiguration.java:128] - addMappedStatement: com.xuecheng.content.mapper.CourseBaseMapper.selectObjs
2023-03-01 10:58:59,769 DEBUG [main][MybatisConfiguration.java:128] - addMappedStatement: com.xuecheng.content.mapper.CourseBaseMapper.selectList
2023-03-01 10:58:59,769 DEBUG [main][MybatisConfiguration.java:128] - addMappedStatement: com.xuecheng.content.mapper.CourseBaseMapper.selectList
2023-03-01 10:58:59,772 DEBUG [main][MybatisConfiguration.java:128] - addMappedStatement: com.xuecheng.content.mapper.CourseBaseMapper.selectPage
2023-03-01 10:58:59,772 DEBUG [main][MybatisConfiguration.java:128] - addMappedStatement: com.xuecheng.content.mapper.CourseBaseMapper.selectPage
2023-03-01 10:58:59,800 DEBUG [main][MybatisConfiguration.java:128] - addMappedStatement: com.xuecheng.content.mapper.CourseMarketMapper.insert
2023-03-01 10:58:59,800 DEBUG [main][MybatisConfiguration.java:128] - addMappedStatement: com.xuecheng.content.mapper.CourseMarketMapper.insert
2023-03-01 10:58:59,803 DEBUG [main][MybatisConfiguration.java:128] - addMappedStatement: com.xuecheng.content.mapper.CourseMarketMapper.delete
2023-03-01 10:58:59,803 DEBUG [main][MybatisConfiguration.java:128] - addMappedStatement: com.xuecheng.content.mapper.CourseMarketMapper.delete
2023-03-01 10:58:59,805 DEBUG [main][MybatisConfiguration.java:128] - addMappedStatement: com.xuecheng.content.mapper.CourseMarketMapper.deleteByMap
2023-03-01 10:58:59,805 DEBUG [main][MybatisConfiguration.java:128] - addMappedStatement: com.xuecheng.content.mapper.CourseMarketMapper.deleteByMap
2023-03-01 10:58:59,807 DEBUG [main][MybatisConfiguration.java:128] - addMappedStatement: com.xuecheng.content.mapper.CourseMarketMapper.deleteById
2023-03-01 10:58:59,807 DEBUG [main][MybatisConfiguration.java:128] - addMappedStatement: com.xuecheng.content.mapper.CourseMarketMapper.deleteById
2023-03-01 10:58:59,809 DEBUG [main][MybatisConfiguration.java:128] - addMappedStatement: com.xuecheng.content.mapper.CourseMarketMapper.deleteBatchIds
2023-03-01 10:58:59,809 DEBUG [main][MybatisConfiguration.java:128] - addMappedStatement: com.xuecheng.content.mapper.CourseMarketMapper.deleteBatchIds
2023-03-01 10:58:59,811 DEBUG [main][MybatisConfiguration.java:128] - addMappedStatement: com.xuecheng.content.mapper.CourseMarketMapper.update
2023-03-01 10:58:59,811 DEBUG [main][MybatisConfiguration.java:128] - addMappedStatement: com.xuecheng.content.mapper.CourseMarketMapper.update
2023-03-01 10:58:59,816 DEBUG [main][MybatisConfiguration.java:128] - addMappedStatement: com.xuecheng.content.mapper.CourseMarketMapper.updateById
2023-03-01 10:58:59,816 DEBUG [main][MybatisConfiguration.java:128] - addMappedStatement: com.xuecheng.content.mapper.CourseMarketMapper.updateById
2023-03-01 10:58:59,818 DEBUG [main][MybatisConfiguration.java:128] - addMappedStatement: com.xuecheng.content.mapper.CourseMarketMapper.selectById
2023-03-01 10:58:59,818 DEBUG [main][MybatisConfiguration.java:128] - addMappedStatement: com.xuecheng.content.mapper.CourseMarketMapper.selectById
2023-03-01 10:58:59,820 DEBUG [main][MybatisConfiguration.java:128] - addMappedStatement: com.xuecheng.content.mapper.CourseMarketMapper.selectBatchIds
2023-03-01 10:58:59,820 DEBUG [main][MybatisConfiguration.java:128] - addMappedStatement: com.xuecheng.content.mapper.CourseMarketMapper.selectBatchIds
2023-03-01 10:58:59,822 DEBUG [main][MybatisConfiguration.java:128] - addMappedStatement: com.xuecheng.content.mapper.CourseMarketMapper.selectByMap
2023-03-01 10:58:59,822 DEBUG [main][MybatisConfiguration.java:128] - addMappedStatement: com.xuecheng.content.mapper.CourseMarketMapper.selectByMap
2023-03-01 10:58:59,825 DEBUG [main][MybatisConfiguration.java:128] - addMappedStatement: com.xuecheng.content.mapper.CourseMarketMapper.selectOne
2023-03-01 10:58:59,825 DEBUG [main][MybatisConfiguration.java:128] - addMappedStatement: com.xuecheng.content.mapper.CourseMarketMapper.selectOne
2023-03-01 10:58:59,827 DEBUG [main][MybatisConfiguration.java:128] - addMappedStatement: com.xuecheng.content.mapper.CourseMarketMapper.selectCount
2023-03-01 10:58:59,827 DEBUG [main][MybatisConfiguration.java:128] - addMappedStatement: com.xuecheng.content.mapper.CourseMarketMapper.selectCount
2023-03-01 10:58:59,830 DEBUG [main][MybatisConfiguration.java:128] - addMappedStatement: com.xuecheng.content.mapper.CourseMarketMapper.selectMaps
2023-03-01 10:58:59,830 DEBUG [main][MybatisConfiguration.java:128] - addMappedStatement: com.xuecheng.content.mapper.CourseMarketMapper.selectMaps
2023-03-01 10:58:59,834 DEBUG [main][MybatisConfiguration.java:128] - addMappedStatement: com.xuecheng.content.mapper.CourseMarketMapper.selectMapsPage
2023-03-01 10:58:59,834 DEBUG [main][MybatisConfiguration.java:128] - addMappedStatement: com.xuecheng.content.mapper.CourseMarketMapper.selectMapsPage
2023-03-01 10:58:59,837 DEBUG [main][MybatisConfiguration.java:128] - addMappedStatement: com.xuecheng.content.mapper.CourseMarketMapper.selectObjs
2023-03-01 10:58:59,837 DEBUG [main][MybatisConfiguration.java:128] - addMappedStatement: com.xuecheng.content.mapper.CourseMarketMapper.selectObjs
2023-03-01 10:58:59,839 DEBUG [main][MybatisConfiguration.java:128] - addMappedStatement: com.xuecheng.content.mapper.CourseMarketMapper.selectList
2023-03-01 10:58:59,839 DEBUG [main][MybatisConfiguration.java:128] - addMappedStatement: com.xuecheng.content.mapper.CourseMarketMapper.selectList
2023-03-01 10:58:59,842 DEBUG [main][MybatisConfiguration.java:128] - addMappedStatement: com.xuecheng.content.mapper.CourseMarketMapper.selectPage
2023-03-01 10:58:59,842 DEBUG [main][MybatisConfiguration.java:128] - addMappedStatement: com.xuecheng.content.mapper.CourseMarketMapper.selectPage
2023-03-01 10:58:59,860 DEBUG [main][MybatisConfiguration.java:128] - addMappedStatement: com.xuecheng.content.mapper.CourseCategoryMapper.selectTreeNodes
2023-03-01 10:58:59,860 DEBUG [main][MybatisConfiguration.java:128] - addMappedStatement: com.xuecheng.content.mapper.CourseCategoryMapper.selectTreeNodes
2023-03-01 10:58:59,865 DEBUG [main][MybatisConfiguration.java:128] - addMappedStatement: com.xuecheng.content.mapper.CourseCategoryMapper.insert
2023-03-01 10:58:59,865 DEBUG [main][MybatisConfiguration.java:128] - addMappedStatement: com.xuecheng.content.mapper.CourseCategoryMapper.insert
2023-03-01 10:58:59,867 DEBUG [main][MybatisConfiguration.java:128] - addMappedStatement: com.xuecheng.content.mapper.CourseCategoryMapper.delete
2023-03-01 10:58:59,867 DEBUG [main][MybatisConfiguration.java:128] - addMappedStatement: com.xuecheng.content.mapper.CourseCategoryMapper.delete
2023-03-01 10:58:59,870 DEBUG [main][MybatisConfiguration.java:128] - addMappedStatement: com.xuecheng.content.mapper.CourseCategoryMapper.deleteByMap
2023-03-01 10:58:59,870 DEBUG [main][MybatisConfiguration.java:128] - addMappedStatement: com.xuecheng.content.mapper.CourseCategoryMapper.deleteByMap
2023-03-01 10:58:59,872 DEBUG [main][MybatisConfiguration.java:128] - addMappedStatement: com.xuecheng.content.mapper.CourseCategoryMapper.deleteById
2023-03-01 10:58:59,872 DEBUG [main][MybatisConfiguration.java:128] - addMappedStatement: com.xuecheng.content.mapper.CourseCategoryMapper.deleteById
2023-03-01 10:58:59,874 DEBUG [main][MybatisConfiguration.java:128] - addMappedStatement: com.xuecheng.content.mapper.CourseCategoryMapper.deleteBatchIds
2023-03-01 10:58:59,874 DEBUG [main][MybatisConfiguration.java:128] - addMappedStatement: com.xuecheng.content.mapper.CourseCategoryMapper.deleteBatchIds
2023-03-01 10:58:59,877 DEBUG [main][MybatisConfiguration.java:128] - addMappedStatement: com.xuecheng.content.mapper.CourseCategoryMapper.update
2023-03-01 10:58:59,877 DEBUG [main][MybatisConfiguration.java:128] - addMappedStatement: com.xuecheng.content.mapper.CourseCategoryMapper.update
2023-03-01 10:58:59,880 DEBUG [main][MybatisConfiguration.java:128] - addMappedStatement: com.xuecheng.content.mapper.CourseCategoryMapper.updateById
2023-03-01 10:58:59,880 DEBUG [main][MybatisConfiguration.java:128] - addMappedStatement: com.xuecheng.content.mapper.CourseCategoryMapper.updateById
2023-03-01 10:58:59,880 DEBUG [main][MybatisConfiguration.java:128] - addMappedStatement: com.xuecheng.content.mapper.CourseCategoryMapper.selectById
2023-03-01 10:58:59,880 DEBUG [main][MybatisConfiguration.java:128] - addMappedStatement: com.xuecheng.content.mapper.CourseCategoryMapper.selectById
2023-03-01 10:58:59,884 DEBUG [main][MybatisConfiguration.java:128] - addMappedStatement: com.xuecheng.content.mapper.CourseCategoryMapper.selectBatchIds
2023-03-01 10:58:59,884 DEBUG [main][MybatisConfiguration.java:128] - addMappedStatement: com.xuecheng.content.mapper.CourseCategoryMapper.selectBatchIds
2023-03-01 10:58:59,886 DEBUG [main][MybatisConfiguration.java:128] - addMappedStatement: com.xuecheng.content.mapper.CourseCategoryMapper.selectByMap
2023-03-01 10:58:59,886 DEBUG [main][MybatisConfiguration.java:128] - addMappedStatement: com.xuecheng.content.mapper.CourseCategoryMapper.selectByMap
2023-03-01 10:58:59,888 DEBUG [main][MybatisConfiguration.java:128] - addMappedStatement: com.xuecheng.content.mapper.CourseCategoryMapper.selectOne
2023-03-01 10:58:59,888 DEBUG [main][MybatisConfiguration.java:128] - addMappedStatement: com.xuecheng.content.mapper.CourseCategoryMapper.selectOne
2023-03-01 10:58:59,891 DEBUG [main][MybatisConfiguration.java:128] - addMappedStatement: com.xuecheng.content.mapper.CourseCategoryMapper.selectCount
2023-03-01 10:58:59,891 DEBUG [main][MybatisConfiguration.java:128] - addMappedStatement: com.xuecheng.content.mapper.CourseCategoryMapper.selectCount
2023-03-01 10:58:59,893 DEBUG [main][MybatisConfiguration.java:128] - addMappedStatement: com.xuecheng.content.mapper.CourseCategoryMapper.selectMaps
2023-03-01 10:58:59,893 DEBUG [main][MybatisConfiguration.java:128] - addMappedStatement: com.xuecheng.content.mapper.CourseCategoryMapper.selectMaps
2023-03-01 10:58:59,896 DEBUG [main][MybatisConfiguration.java:128] - addMappedStatement: com.xuecheng.content.mapper.CourseCategoryMapper.selectMapsPage
2023-03-01 10:58:59,896 DEBUG [main][MybatisConfiguration.java:128] - addMappedStatement: com.xuecheng.content.mapper.CourseCategoryMapper.selectMapsPage
2023-03-01 10:58:59,899 DEBUG [main][MybatisConfiguration.java:128] - addMappedStatement: com.xuecheng.content.mapper.CourseCategoryMapper.selectObjs
2023-03-01 10:58:59,899 DEBUG [main][MybatisConfiguration.java:128] - addMappedStatement: com.xuecheng.content.mapper.CourseCategoryMapper.selectObjs
2023-03-01 10:58:59,902 DEBUG [main][MybatisConfiguration.java:128] - addMappedStatement: com.xuecheng.content.mapper.CourseCategoryMapper.selectList
2023-03-01 10:58:59,902 DEBUG [main][MybatisConfiguration.java:128] - addMappedStatement: com.xuecheng.content.mapper.CourseCategoryMapper.selectList
2023-03-01 10:58:59,904 DEBUG [main][MybatisConfiguration.java:128] - addMappedStatement: com.xuecheng.content.mapper.CourseCategoryMapper.selectPage
2023-03-01 10:58:59,904 DEBUG [main][MybatisConfiguration.java:128] - addMappedStatement: com.xuecheng.content.mapper.CourseCategoryMapper.selectPage
2023-03-01 10:59:00,003 DEBUG [main][MybatisConfiguration.java:128] - addMappedStatement: com.xuecheng.content.mapper.TeachplanMapper.selectTreeNodes
2023-03-01 10:59:00,003 DEBUG [main][MybatisConfiguration.java:128] - addMappedStatement: com.xuecheng.content.mapper.TeachplanMapper.selectTreeNodes
2023-03-01 10:59:00,009 DEBUG [main][MybatisConfiguration.java:128] - addMappedStatement: com.xuecheng.content.mapper.TeachplanMapper.insert
2023-03-01 10:59:00,009 DEBUG [main][MybatisConfiguration.java:128] - addMappedStatement: com.xuecheng.content.mapper.TeachplanMapper.insert
2023-03-01 10:59:00,019 DEBUG [main][MybatisConfiguration.java:128] - addMappedStatement: com.xuecheng.content.mapper.TeachplanMapper.delete
2023-03-01 10:59:00,024 DEBUG [main][MybatisConfiguration.java:128] - addMappedStatement: com.xuecheng.content.mapper.TeachplanMapper.deleteByMap
2023-03-01 10:59:00,019 DEBUG [main][MybatisConfiguration.java:128] - addMappedStatement: com.xuecheng.content.mapper.TeachplanMapper.delete
2023-03-01 10:59:00,024 DEBUG [main][MybatisConfiguration.java:128] - addMappedStatement: com.xuecheng.content.mapper.TeachplanMapper.deleteByMap
2023-03-01 10:59:00,027 DEBUG [main][MybatisConfiguration.java:128] - addMappedStatement: com.xuecheng.content.mapper.TeachplanMapper.deleteById
2023-03-01 10:59:00,027 DEBUG [main][MybatisConfiguration.java:128] - addMappedStatement: com.xuecheng.content.mapper.TeachplanMapper.deleteById
2023-03-01 10:59:00,031 DEBUG [main][MybatisConfiguration.java:128] - addMappedStatement: com.xuecheng.content.mapper.TeachplanMapper.deleteBatchIds
2023-03-01 10:59:00,031 DEBUG [main][MybatisConfiguration.java:128] - addMappedStatement: com.xuecheng.content.mapper.TeachplanMapper.deleteBatchIds
2023-03-01 10:59:00,042 DEBUG [main][MybatisConfiguration.java:128] - addMappedStatement: com.xuecheng.content.mapper.TeachplanMapper.update
2023-03-01 10:59:00,042 DEBUG [main][MybatisConfiguration.java:128] - addMappedStatement: com.xuecheng.content.mapper.TeachplanMapper.update
2023-03-01 10:59:00,045 DEBUG [main][MybatisConfiguration.java:128] - addMappedStatement: com.xuecheng.content.mapper.TeachplanMapper.updateById
2023-03-01 10:59:00,045 DEBUG [main][MybatisConfiguration.java:128] - addMappedStatement: com.xuecheng.content.mapper.TeachplanMapper.updateById
2023-03-01 10:59:00,054 DEBUG [main][MybatisConfiguration.java:128] - addMappedStatement: com.xuecheng.content.mapper.TeachplanMapper.selectById
2023-03-01 10:59:00,054 DEBUG [main][MybatisConfiguration.java:128] - addMappedStatement: com.xuecheng.content.mapper.TeachplanMapper.selectById
2023-03-01 10:59:00,057 DEBUG [main][MybatisConfiguration.java:128] - addMappedStatement: com.xuecheng.content.mapper.TeachplanMapper.selectBatchIds
2023-03-01 10:59:00,057 DEBUG [main][MybatisConfiguration.java:128] - addMappedStatement: com.xuecheng.content.mapper.TeachplanMapper.selectBatchIds
2023-03-01 10:59:00,060 DEBUG [main][MybatisConfiguration.java:128] - addMappedStatement: com.xuecheng.content.mapper.TeachplanMapper.selectByMap
2023-03-01 10:59:00,060 DEBUG [main][MybatisConfiguration.java:128] - addMappedStatement: com.xuecheng.content.mapper.TeachplanMapper.selectByMap
2023-03-01 10:59:00,063 DEBUG [main][MybatisConfiguration.java:128] - addMappedStatement: com.xuecheng.content.mapper.TeachplanMapper.selectOne
2023-03-01 10:59:00,063 DEBUG [main][MybatisConfiguration.java:128] - addMappedStatement: com.xuecheng.content.mapper.TeachplanMapper.selectOne
2023-03-01 10:59:00,071 DEBUG [main][MybatisConfiguration.java:128] - addMappedStatement: com.xuecheng.content.mapper.TeachplanMapper.selectCount
2023-03-01 10:59:00,071 DEBUG [main][MybatisConfiguration.java:128] - addMappedStatement: com.xuecheng.content.mapper.TeachplanMapper.selectCount
2023-03-01 10:59:00,074 DEBUG [main][MybatisConfiguration.java:128] - addMappedStatement: com.xuecheng.content.mapper.TeachplanMapper.selectMaps
2023-03-01 10:59:00,074 DEBUG [main][MybatisConfiguration.java:128] - addMappedStatement: com.xuecheng.content.mapper.TeachplanMapper.selectMaps
2023-03-01 10:59:00,077 DEBUG [main][MybatisConfiguration.java:128] - addMappedStatement: com.xuecheng.content.mapper.TeachplanMapper.selectMapsPage
2023-03-01 10:59:00,077 DEBUG [main][MybatisConfiguration.java:128] - addMappedStatement: com.xuecheng.content.mapper.TeachplanMapper.selectMapsPage
2023-03-01 10:59:00,084 DEBUG [main][MybatisConfiguration.java:128] - addMappedStatement: com.xuecheng.content.mapper.TeachplanMapper.selectObjs
2023-03-01 10:59:00,084 DEBUG [main][MybatisConfiguration.java:128] - addMappedStatement: com.xuecheng.content.mapper.TeachplanMapper.selectObjs
2023-03-01 10:59:00,093 DEBUG [main][MybatisConfiguration.java:128] - addMappedStatement: com.xuecheng.content.mapper.TeachplanMapper.selectList
2023-03-01 10:59:00,093 DEBUG [main][MybatisConfiguration.java:128] - addMappedStatement: com.xuecheng.content.mapper.TeachplanMapper.selectList
2023-03-01 10:59:00,099 DEBUG [main][MybatisConfiguration.java:128] - addMappedStatement: com.xuecheng.content.mapper.TeachplanMapper.selectPage
2023-03-01 10:59:00,099 DEBUG [main][MybatisConfiguration.java:128] - addMappedStatement: com.xuecheng.content.mapper.TeachplanMapper.selectPage
2023-03-01 10:59:00,141 DEBUG [main][MybatisConfiguration.java:128] - addMappedStatement: com.xuecheng.content.mapper.CourseTeacherMapper.insert
2023-03-01 10:59:00,141 DEBUG [main][MybatisConfiguration.java:128] - addMappedStatement: com.xuecheng.content.mapper.CourseTeacherMapper.insert
2023-03-01 10:59:00,145 DEBUG [main][MybatisConfiguration.java:128] - addMappedStatement: com.xuecheng.content.mapper.CourseTeacherMapper.delete
2023-03-01 10:59:00,145 DEBUG [main][MybatisConfiguration.java:128] - addMappedStatement: com.xuecheng.content.mapper.CourseTeacherMapper.delete
2023-03-01 10:59:00,150 DEBUG [main][MybatisConfiguration.java:128] - addMappedStatement: com.xuecheng.content.mapper.CourseTeacherMapper.deleteByMap
2023-03-01 10:59:00,150 DEBUG [main][MybatisConfiguration.java:128] - addMappedStatement: com.xuecheng.content.mapper.CourseTeacherMapper.deleteByMap
2023-03-01 10:59:00,153 DEBUG [main][MybatisConfiguration.java:128] - addMappedStatement: com.xuecheng.content.mapper.CourseTeacherMapper.deleteById
2023-03-01 10:59:00,153 DEBUG [main][MybatisConfiguration.java:128] - addMappedStatement: com.xuecheng.content.mapper.CourseTeacherMapper.deleteById
2023-03-01 10:59:00,155 DEBUG [main][MybatisConfiguration.java:128] - addMappedStatement: com.xuecheng.content.mapper.CourseTeacherMapper.deleteBatchIds
2023-03-01 10:59:00,155 DEBUG [main][MybatisConfiguration.java:128] - addMappedStatement: com.xuecheng.content.mapper.CourseTeacherMapper.deleteBatchIds
2023-03-01 10:59:00,158 DEBUG [main][MybatisConfiguration.java:128] - addMappedStatement: com.xuecheng.content.mapper.CourseTeacherMapper.update
2023-03-01 10:59:00,158 DEBUG [main][MybatisConfiguration.java:128] - addMappedStatement: com.xuecheng.content.mapper.CourseTeacherMapper.update
2023-03-01 10:59:00,161 DEBUG [main][MybatisConfiguration.java:128] - addMappedStatement: com.xuecheng.content.mapper.CourseTeacherMapper.updateById
2023-03-01 10:59:00,161 DEBUG [main][MybatisConfiguration.java:128] - addMappedStatement: com.xuecheng.content.mapper.CourseTeacherMapper.updateById
2023-03-01 10:59:00,162 DEBUG [main][MybatisConfiguration.java:128] - addMappedStatement: com.xuecheng.content.mapper.CourseTeacherMapper.selectById
2023-03-01 10:59:00,162 DEBUG [main][MybatisConfiguration.java:128] - addMappedStatement: com.xuecheng.content.mapper.CourseTeacherMapper.selectById
2023-03-01 10:59:00,169 DEBUG [main][MybatisConfiguration.java:128] - addMappedStatement: com.xuecheng.content.mapper.CourseTeacherMapper.selectBatchIds
2023-03-01 10:59:00,169 DEBUG [main][MybatisConfiguration.java:128] - addMappedStatement: com.xuecheng.content.mapper.CourseTeacherMapper.selectBatchIds
2023-03-01 10:59:00,172 DEBUG [main][MybatisConfiguration.java:128] - addMappedStatement: com.xuecheng.content.mapper.CourseTeacherMapper.selectByMap
2023-03-01 10:59:00,172 DEBUG [main][MybatisConfiguration.java:128] - addMappedStatement: com.xuecheng.content.mapper.CourseTeacherMapper.selectByMap
2023-03-01 10:59:00,174 DEBUG [main][MybatisConfiguration.java:128] - addMappedStatement: com.xuecheng.content.mapper.CourseTeacherMapper.selectOne
2023-03-01 10:59:00,174 DEBUG [main][MybatisConfiguration.java:128] - addMappedStatement: com.xuecheng.content.mapper.CourseTeacherMapper.selectOne
2023-03-01 10:59:00,178 DEBUG [main][MybatisConfiguration.java:128] - addMappedStatement: com.xuecheng.content.mapper.CourseTeacherMapper.selectCount
2023-03-01 10:59:00,178 DEBUG [main][MybatisConfiguration.java:128] - addMappedStatement: com.xuecheng.content.mapper.CourseTeacherMapper.selectCount
2023-03-01 10:59:00,190 DEBUG [main][MybatisConfiguration.java:128] - addMappedStatement: com.xuecheng.content.mapper.CourseTeacherMapper.selectMaps
2023-03-01 10:59:00,190 DEBUG [main][MybatisConfiguration.java:128] - addMappedStatement: com.xuecheng.content.mapper.CourseTeacherMapper.selectMaps
2023-03-01 10:59:00,193 DEBUG [main][MybatisConfiguration.java:128] - addMappedStatement: com.xuecheng.content.mapper.CourseTeacherMapper.selectMapsPage
2023-03-01 10:59:00,193 DEBUG [main][MybatisConfiguration.java:128] - addMappedStatement: com.xuecheng.content.mapper.CourseTeacherMapper.selectMapsPage
2023-03-01 10:59:00,196 DEBUG [main][MybatisConfiguration.java:128] - addMappedStatement: com.xuecheng.content.mapper.CourseTeacherMapper.selectObjs
2023-03-01 10:59:00,196 DEBUG [main][MybatisConfiguration.java:128] - addMappedStatement: com.xuecheng.content.mapper.CourseTeacherMapper.selectObjs
2023-03-01 10:59:00,206 DEBUG [main][MybatisConfiguration.java:128] - addMappedStatement: com.xuecheng.content.mapper.CourseTeacherMapper.selectList
2023-03-01 10:59:00,206 DEBUG [main][MybatisConfiguration.java:128] - addMappedStatement: com.xuecheng.content.mapper.CourseTeacherMapper.selectList
2023-03-01 10:59:00,209 DEBUG [main][MybatisConfiguration.java:128] - addMappedStatement: com.xuecheng.content.mapper.CourseTeacherMapper.selectPage
2023-03-01 10:59:00,209 DEBUG [main][MybatisConfiguration.java:128] - addMappedStatement: com.xuecheng.content.mapper.CourseTeacherMapper.selectPage
2023-03-01 10:59:00,357 DEBUG [main][MybatisConfiguration.java:128] - addMappedStatement: com.xuecheng.content.mapper.TeachplanMediaMapper.insert
2023-03-01 10:59:00,357 DEBUG [main][MybatisConfiguration.java:128] - addMappedStatement: com.xuecheng.content.mapper.TeachplanMediaMapper.insert
2023-03-01 10:59:00,359 DEBUG [main][MybatisConfiguration.java:128] - addMappedStatement: com.xuecheng.content.mapper.TeachplanMediaMapper.delete
2023-03-01 10:59:00,359 DEBUG [main][MybatisConfiguration.java:128] - addMappedStatement: com.xuecheng.content.mapper.TeachplanMediaMapper.delete
2023-03-01 10:59:00,362 DEBUG [main][MybatisConfiguration.java:128] - addMappedStatement: com.xuecheng.content.mapper.TeachplanMediaMapper.deleteByMap
2023-03-01 10:59:00,362 DEBUG [main][MybatisConfiguration.java:128] - addMappedStatement: com.xuecheng.content.mapper.TeachplanMediaMapper.deleteByMap
2023-03-01 10:59:00,372 DEBUG [main][MybatisConfiguration.java:128] - addMappedStatement: com.xuecheng.content.mapper.TeachplanMediaMapper.deleteById
2023-03-01 10:59:00,372 DEBUG [main][MybatisConfiguration.java:128] - addMappedStatement: com.xuecheng.content.mapper.TeachplanMediaMapper.deleteById
2023-03-01 10:59:00,374 DEBUG [main][MybatisConfiguration.java:128] - addMappedStatement: com.xuecheng.content.mapper.TeachplanMediaMapper.deleteBatchIds
2023-03-01 10:59:00,374 DEBUG [main][MybatisConfiguration.java:128] - addMappedStatement: com.xuecheng.content.mapper.TeachplanMediaMapper.deleteBatchIds
2023-03-01 10:59:00,377 DEBUG [main][MybatisConfiguration.java:128] - addMappedStatement: com.xuecheng.content.mapper.TeachplanMediaMapper.update
2023-03-01 10:59:00,377 DEBUG [main][MybatisConfiguration.java:128] - addMappedStatement: com.xuecheng.content.mapper.TeachplanMediaMapper.update
2023-03-01 10:59:00,383 DEBUG [main][MybatisConfiguration.java:128] - addMappedStatement: com.xuecheng.content.mapper.TeachplanMediaMapper.updateById
2023-03-01 10:59:00,383 DEBUG [main][MybatisConfiguration.java:128] - addMappedStatement: com.xuecheng.content.mapper.TeachplanMediaMapper.updateById
2023-03-01 10:59:00,386 DEBUG [main][MybatisConfiguration.java:128] - addMappedStatement: com.xuecheng.content.mapper.TeachplanMediaMapper.selectById
2023-03-01 10:59:00,386 DEBUG [main][MybatisConfiguration.java:128] - addMappedStatement: com.xuecheng.content.mapper.TeachplanMediaMapper.selectById
2023-03-01 10:59:00,391 DEBUG [main][MybatisConfiguration.java:128] - addMappedStatement: com.xuecheng.content.mapper.TeachplanMediaMapper.selectBatchIds
2023-03-01 10:59:00,391 DEBUG [main][MybatisConfiguration.java:128] - addMappedStatement: com.xuecheng.content.mapper.TeachplanMediaMapper.selectBatchIds
2023-03-01 10:59:00,393 DEBUG [main][MybatisConfiguration.java:128] - addMappedStatement: com.xuecheng.content.mapper.TeachplanMediaMapper.selectByMap
2023-03-01 10:59:00,393 DEBUG [main][MybatisConfiguration.java:128] - addMappedStatement: com.xuecheng.content.mapper.TeachplanMediaMapper.selectByMap
2023-03-01 10:59:00,399 DEBUG [main][MybatisConfiguration.java:128] - addMappedStatement: com.xuecheng.content.mapper.TeachplanMediaMapper.selectOne
2023-03-01 10:59:00,399 DEBUG [main][MybatisConfiguration.java:128] - addMappedStatement: com.xuecheng.content.mapper.TeachplanMediaMapper.selectOne
2023-03-01 10:59:00,407 DEBUG [main][MybatisConfiguration.java:128] - addMappedStatement: com.xuecheng.content.mapper.TeachplanMediaMapper.selectCount
2023-03-01 10:59:00,407 DEBUG [main][MybatisConfiguration.java:128] - addMappedStatement: com.xuecheng.content.mapper.TeachplanMediaMapper.selectCount
2023-03-01 10:59:00,410 DEBUG [main][MybatisConfiguration.java:128] - addMappedStatement: com.xuecheng.content.mapper.TeachplanMediaMapper.selectMaps
2023-03-01 10:59:00,410 DEBUG [main][MybatisConfiguration.java:128] - addMappedStatement: com.xuecheng.content.mapper.TeachplanMediaMapper.selectMaps
2023-03-01 10:59:00,415 DEBUG [main][MybatisConfiguration.java:128] - addMappedStatement: com.xuecheng.content.mapper.TeachplanMediaMapper.selectMapsPage
2023-03-01 10:59:00,415 DEBUG [main][MybatisConfiguration.java:128] - addMappedStatement: com.xuecheng.content.mapper.TeachplanMediaMapper.selectMapsPage
2023-03-01 10:59:00,488 DEBUG [main][MybatisConfiguration.java:128] - addMappedStatement: com.xuecheng.content.mapper.TeachplanMediaMapper.selectObjs
2023-03-01 10:59:00,488 DEBUG [main][MybatisConfiguration.java:128] - addMappedStatement: com.xuecheng.content.mapper.TeachplanMediaMapper.selectObjs
2023-03-01 10:59:00,505 DEBUG [main][MybatisConfiguration.java:128] - addMappedStatement: com.xuecheng.content.mapper.TeachplanMediaMapper.selectList
2023-03-01 10:59:00,505 DEBUG [main][MybatisConfiguration.java:128] - addMappedStatement: com.xuecheng.content.mapper.TeachplanMediaMapper.selectList
2023-03-01 10:59:00,523 DEBUG [main][MybatisConfiguration.java:128] - addMappedStatement: com.xuecheng.content.mapper.TeachplanMediaMapper.selectPage
2023-03-01 10:59:00,523 DEBUG [main][MybatisConfiguration.java:128] - addMappedStatement: com.xuecheng.content.mapper.TeachplanMediaMapper.selectPage
2023-03-01 10:59:01,418 INFO [main][PropertySourcedRequestMappingHandlerMapping.java:69] - Mapped URL path [/v2/api-docs] onto method [springfox.documentation.swagger2.web.Swagger2Controller#getDocumentation(String, HttpServletRequest)]
2023-03-01 10:59:01,418 INFO [main][PropertySourcedRequestMappingHandlerMapping.java:69] - Mapped URL path [/v2/api-docs] onto method [springfox.documentation.swagger2.web.Swagger2Controller#getDocumentation(String, HttpServletRequest)]
2023-03-01 10:59:01,484 WARN [main][URLConfigurationSource.java:121] - No URLs will be polled as dynamic configuration sources.
2023-03-01 10:59:01,484 WARN [main][URLConfigurationSource.java:121] - No URLs will be polled as dynamic configuration sources.
2023-03-01 10:59:01,485 INFO [main][URLConfigurationSource.java:122] - To enable URLs as dynamic configuration sources, define System property archaius.configurationSource.additionalUrls or make config.properties available on classpath.
2023-03-01 10:59:01,485 INFO [main][URLConfigurationSource.java:122] - To enable URLs as dynamic configuration sources, define System property archaius.configurationSource.additionalUrls or make config.properties available on classpath.
2023-03-01 10:59:01,503 WARN [main][URLConfigurationSource.java:121] - No URLs will be polled as dynamic configuration sources.
2023-03-01 10:59:01,503 WARN [main][URLConfigurationSource.java:121] - No URLs will be polled as dynamic configuration sources.
2023-03-01 10:59:01,504 INFO [main][URLConfigurationSource.java:122] - To enable URLs as dynamic configuration sources, define System property archaius.configurationSource.additionalUrls or make config.properties available on classpath.
2023-03-01 10:59:01,504 INFO [main][URLConfigurationSource.java:122] - To enable URLs as dynamic configuration sources, define System property archaius.configurationSource.additionalUrls or make config.properties available on classpath.
2023-03-01 10:59:01,535 DEBUG [main][ResourceBundleMessageInterpolator.java:172] - Loaded expression factory via original TCCL
2023-03-01 10:59:01,535 DEBUG [main][ResourceBundleMessageInterpolator.java:172] - Loaded expression factory via original TCCL
2023-03-01 10:59:01,538 DEBUG [main][AbstractConfigurationImpl.java:171] - Setting custom MessageInterpolator of type org.springframework.validation.beanvalidation.LocaleContextMessageInterpolator
2023-03-01 10:59:01,538 DEBUG [main][AbstractConfigurationImpl.java:171] - Setting custom MessageInterpolator of type org.springframework.validation.beanvalidation.LocaleContextMessageInterpolator
2023-03-01 10:59:01,539 DEBUG [main][AbstractConfigurationImpl.java:203] - Setting custom ConstraintValidatorFactory of type org.springframework.validation.beanvalidation.SpringConstraintValidatorFactory
2023-03-01 10:59:01,539 DEBUG [main][AbstractConfigurationImpl.java:203] - Setting custom ConstraintValidatorFactory of type org.springframework.validation.beanvalidation.SpringConstraintValidatorFactory
2023-03-01 10:59:01,541 DEBUG [main][AbstractConfigurationImpl.java:217] - Setting custom ParameterNameProvider of type org.springframework.validation.beanvalidation.LocalValidatorFactoryBean$1
2023-03-01 10:59:01,541 DEBUG [main][AbstractConfigurationImpl.java:217] - Setting custom ParameterNameProvider of type org.springframework.validation.beanvalidation.LocalValidatorFactoryBean$1
2023-03-01 10:59:01,555 DEBUG [main][ValidationXmlParser.java:120] - Trying to load META-INF/validation.xml for XML based Validator configuration.
2023-03-01 10:59:01,555 DEBUG [main][ValidationXmlParser.java:120] - Trying to load META-INF/validation.xml for XML based Validator configuration.
2023-03-01 10:59:01,555 DEBUG [main][ResourceLoaderHelper.java:53] - Trying to load META-INF/validation.xml via user class loader
2023-03-01 10:59:01,556 DEBUG [main][ResourceLoaderHelper.java:60] - Trying to load META-INF/validation.xml via TCCL
2023-03-01 10:59:01,555 DEBUG [main][ResourceLoaderHelper.java:53] - Trying to load META-INF/validation.xml via user class loader
2023-03-01 10:59:01,556 DEBUG [main][ResourceLoaderHelper.java:60] - Trying to load META-INF/validation.xml via TCCL
2023-03-01 10:59:01,557 DEBUG [main][ResourceLoaderHelper.java:66] - Trying to load META-INF/validation.xml via Hibernate Validator's class loader
2023-03-01 10:59:01,557 DEBUG [main][ResourceLoaderHelper.java:66] - Trying to load META-INF/validation.xml via Hibernate Validator's class loader
2023-03-01 10:59:01,557 DEBUG [main][ValidationXmlParser.java:127] - No META-INF/validation.xml found. Using annotation based configuration only.
2023-03-01 10:59:01,557 DEBUG [main][ValidationXmlParser.java:127] - No META-INF/validation.xml found. Using annotation based configuration only.
2023-03-01 10:59:01,559 DEBUG [main][TraversableResolvers.java:60] - Cannot find javax.persistence.Persistence on classpath. Assuming non JPA 2 environment. All properties will per default be traversable.
2023-03-01 10:59:01,559 DEBUG [main][TraversableResolvers.java:60] - Cannot find javax.persistence.Persistence on classpath. Assuming non JPA 2 environment. All properties will per default be traversable.
2023-03-01 10:59:01,561 DEBUG [main][ValidatorFactoryConfigurationHelper.java:300] - HV000252: Using org.hibernate.validator.internal.engine.DefaultPropertyNodeNameProvider as property node name provider.
2023-03-01 10:59:01,561 DEBUG [main][ValidatorFactoryConfigurationHelper.java:300] - HV000252: Using org.hibernate.validator.internal.engine.DefaultPropertyNodeNameProvider as property node name provider.
2023-03-01 10:59:01,562 DEBUG [main][ValidatorFactoryConfigurationHelper.java:375] - HV000234: Using org.springframework.validation.beanvalidation.LocaleContextMessageInterpolator as ValidatorFactory-scoped message interpolator.
2023-03-01 10:59:01,563 DEBUG [main][ValidatorFactoryConfigurationHelper.java:376] - HV000234: Using org.hibernate.validator.internal.engine.resolver.TraverseAllTraversableResolver as ValidatorFactory-scoped traversable resolver.
2023-03-01 10:59:01,562 DEBUG [main][ValidatorFactoryConfigurationHelper.java:375] - HV000234: Using org.springframework.validation.beanvalidation.LocaleContextMessageInterpolator as ValidatorFactory-scoped message interpolator.
2023-03-01 10:59:01,563 DEBUG [main][ValidatorFactoryConfigurationHelper.java:377] - HV000234: Using org.hibernate.validator.internal.util.ExecutableParameterNameProvider as ValidatorFactory-scoped parameter name provider.
2023-03-01 10:59:01,563 DEBUG [main][ValidatorFactoryConfigurationHelper.java:376] - HV000234: Using org.hibernate.validator.internal.engine.resolver.TraverseAllTraversableResolver as ValidatorFactory-scoped traversable resolver.
2023-03-01 10:59:01,563 DEBUG [main][ValidatorFactoryConfigurationHelper.java:377] - HV000234: Using org.hibernate.validator.internal.util.ExecutableParameterNameProvider as ValidatorFactory-scoped parameter name provider.
2023-03-01 10:59:01,563 DEBUG [main][ValidatorFactoryConfigurationHelper.java:378] - HV000234: Using org.hibernate.validator.internal.engine.DefaultClockProvider as ValidatorFactory-scoped clock provider.
2023-03-01 10:59:01,563 DEBUG [main][ValidatorFactoryConfigurationHelper.java:378] - HV000234: Using org.hibernate.validator.internal.engine.DefaultClockProvider as ValidatorFactory-scoped clock provider.
2023-03-01 10:59:01,564 DEBUG [main][ValidatorFactoryConfigurationHelper.java:379] - HV000234: Using org.hibernate.validator.internal.engine.scripting.DefaultScriptEvaluatorFactory as ValidatorFactory-scoped script evaluator factory.
2023-03-01 10:59:01,564 DEBUG [main][ValidatorFactoryConfigurationHelper.java:379] - HV000234: Using org.hibernate.validator.internal.engine.scripting.DefaultScriptEvaluatorFactory as ValidatorFactory-scoped script evaluator factory.
2023-03-01 10:59:01,708 INFO [main][ExecutorConfigurationSupport.java:181] - Initializing ExecutorService 'applicationTaskExecutor'
2023-03-01 10:59:01,708 INFO [main][ExecutorConfigurationSupport.java:181] - Initializing ExecutorService 'applicationTaskExecutor'
2023-03-01 10:59:03,977 INFO [main][InetUtils.java:170] - Cannot determine local hostname
2023-03-01 10:59:03,977 INFO [main][InetUtils.java:170] - Cannot determine local hostname
2023-03-01 10:59:03,985 INFO [main][ExecutorConfigurationSupport.java:181] - Initializing ExecutorService 'Nacos-Watch-Task-Scheduler'
2023-03-01 10:59:03,985 INFO [main][ExecutorConfigurationSupport.java:181] - Initializing ExecutorService 'Nacos-Watch-Task-Scheduler'
2023-03-01 10:59:06,403 INFO [main][InetUtils.java:170] - Cannot determine local hostname
2023-03-01 10:59:06,403 INFO [main][InetUtils.java:170] - Cannot determine local hostname
2023-03-01 10:59:06,589 INFO [main][InitUtils.java:65] - initializer namespace from System Property :null
2023-03-01 10:59:06,589 INFO [main][InitUtils.java:65] - initializer namespace from System Property :null
2023-03-01 10:59:06,589 INFO [main][InitUtils.java:74] - initializer namespace from System Environment :null
2023-03-01 10:59:06,589 INFO [main][InitUtils.java:74] - initializer namespace from System Environment :null
2023-03-01 10:59:06,590 INFO [main][InitUtils.java:84] - initializer namespace from System Property :null
2023-03-01 10:59:06,590 INFO [main][InitUtils.java:84] - initializer namespace from System Property :null
2023-03-01 10:59:06,594 DEBUG [main][NamingProxy.java:195] - server list provided by user: [39.105.221.68:8848]
2023-03-01 10:59:06,594 DEBUG [main][NamingProxy.java:195] - server list provided by user: [39.105.221.68:8848]
2023-03-01 10:59:06,595 DEBUG [com.alibaba.nacos.client.naming.updater][NamingProxy.java:195] - server list provided by user: [39.105.221.68:8848]
2023-03-01 10:59:06,595 DEBUG [com.alibaba.nacos.client.naming.updater][NamingProxy.java:195] - server list provided by user: [39.105.221.68:8848]
2023-03-01 10:59:06,602 DEBUG [com.alibaba.nacos.naming.failover][FailoverReactor.java:147] - failover switch is not found, failover00-00---000-VIPSRV_FAILOVER_SWITCH-000---00-00
2023-03-01 10:59:06,602 DEBUG [com.alibaba.nacos.naming.failover][FailoverReactor.java:147] - failover switch is not found, failover00-00---000-VIPSRV_FAILOVER_SWITCH-000---00-00
2023-03-01 10:59:06,618 DEBUG [main][HostReactor.java:306] - failover-mode: false
2023-03-01 10:59:06,618 DEBUG [main][HostReactor.java:306] - failover-mode: false
2023-03-01 10:59:06,622 DEBUG [main][NacosRestTemplate.java:476] - HTTP method: GET, url: http://39.105.221.68:8848/nacos/v1/ns/instance/list?app=unknown&healthyOnly=false&namespaceId=dev148&clientIP=192.168.101.1&serviceName=xuecheng-plus-project%40%40content-api&udpPort=59723&clusters=DEFAULT, body: {}
2023-03-01 10:59:06,622 DEBUG [main][NacosRestTemplate.java:476] - HTTP method: GET, url: http://39.105.221.68:8848/nacos/v1/ns/instance/list?app=unknown&healthyOnly=false&namespaceId=dev148&clientIP=192.168.101.1&serviceName=xuecheng-plus-project%40%40content-api&udpPort=59723&clusters=DEFAULT, body: {}
2023-03-01 10:59:06,777 INFO [main][DirectJDKLog.java:173] - Starting ProtocolHandler ["http-nio-63040"]
2023-03-01 10:59:06,777 INFO [main][DirectJDKLog.java:173] - Starting ProtocolHandler ["http-nio-63040"]
2023-03-01 10:59:06,822 INFO [main][TomcatWebServer.java:220] - Tomcat started on port(s): 63040 (http) with context path '/content'
2023-03-01 10:59:06,822 INFO [main][TomcatWebServer.java:220] - Tomcat started on port(s): 63040 (http) with context path '/content'
2023-03-01 10:59:06,828 INFO [main][BeatReactor.java:81] - [BEAT] adding beat: BeatInfo{port=63040, ip='192.168.101.1', weight=1.0, serviceName='xuecheng-plus-project@@content-api', cluster='DEFAULT', metadata={preserved.register.source=SPRING_CLOUD}, scheduled=false, period=5000, stopped=false} to beat map.
2023-03-01 10:59:06,828 INFO [main][BeatReactor.java:81] - [BEAT] adding beat: BeatInfo{port=63040, ip='192.168.101.1', weight=1.0, serviceName='xuecheng-plus-project@@content-api', cluster='DEFAULT', metadata={preserved.register.source=SPRING_CLOUD}, scheduled=false, period=5000, stopped=false} to beat map.
2023-03-01 10:59:06,830 INFO [main][NamingProxy.java:230] - [REGISTER-SERVICE] dev148 registering service xuecheng-plus-project@@content-api with instance: Instance{instanceId='null', ip='192.168.101.1', port=63040, weight=1.0, healthy=true, enabled=true, ephemeral=true, clusterName='DEFAULT', serviceName='null', metadata={preserved.register.source=SPRING_CLOUD}}
2023-03-01 10:59:06,830 INFO [main][NamingProxy.java:230] - [REGISTER-SERVICE] dev148 registering service xuecheng-plus-project@@content-api with instance: Instance{instanceId='null', ip='192.168.101.1', port=63040, weight=1.0, healthy=true, enabled=true, ephemeral=true, clusterName='DEFAULT', serviceName='null', metadata={preserved.register.source=SPRING_CLOUD}}
2023-03-01 10:59:06,832 DEBUG [main][NacosRestTemplate.java:476] - HTTP method: POST, url: http://39.105.221.68:8848/nacos/v1/ns/instance?app=unknown&groupName=xuecheng-plus-project&metadata=%7B%22preserved.register.source%22%3A%22SPRING_CLOUD%22%7D&namespaceId=dev148&port=63040&enable=true&healthy=true&clusterName=DEFAULT&ip=192.168.101.1&weight=1.0&ephemeral=true&serviceName=xuecheng-plus-project%40%40content-api, body: {}
2023-03-01 10:59:06,832 DEBUG [main][NacosRestTemplate.java:476] - HTTP method: POST, url: http://39.105.221.68:8848/nacos/v1/ns/instance?app=unknown&groupName=xuecheng-plus-project&metadata=%7B%22preserved.register.source%22%3A%22SPRING_CLOUD%22%7D&namespaceId=dev148&port=63040&enable=true&healthy=true&clusterName=DEFAULT&ip=192.168.101.1&weight=1.0&ephemeral=true&serviceName=xuecheng-plus-project%40%40content-api, body: {}
2023-03-01 10:59:06,867 INFO [main][NacosServiceRegistry.java:75] - nacos registry, xuecheng-plus-project content-api 192.168.101.1:63040 register finished
2023-03-01 10:59:06,867 INFO [main][NacosServiceRegistry.java:75] - nacos registry, xuecheng-plus-project content-api 192.168.101.1:63040 register finished
2023-03-01 10:59:07,776 DEBUG [com.alibaba.nacos.client.naming.updater][NacosRestTemplate.java:476] - HTTP method: GET, url: http://39.105.221.68:8848/nacos/v1/ns/instance/list?app=unknown&healthyOnly=false&namespaceId=dev148&clientIP=192.168.101.1&serviceName=xuecheng-plus-project%40%40content-api&udpPort=59723&clusters=DEFAULT, body: {}
2023-03-01 10:59:07,776 DEBUG [com.alibaba.nacos.client.naming.updater][NacosRestTemplate.java:476] - HTTP method: GET, url: http://39.105.221.68:8848/nacos/v1/ns/instance/list?app=unknown&healthyOnly=false&namespaceId=dev148&clientIP=192.168.101.1&serviceName=xuecheng-plus-project%40%40content-api&udpPort=59723&clusters=DEFAULT, body: {}
2023-03-01 10:59:07,825 INFO [com.alibaba.nacos.client.naming.updater][HostReactor.java:232] - new ips(1) service: xuecheng-plus-project@@content-api@@DEFAULT -> [{"instanceId":"192.168.101.1#63040#DEFAULT#xuecheng-plus-project@@content-api","ip":"192.168.101.1","port":63040,"weight":1.0,"healthy":true,"enabled":true,"ephemeral":true,"clusterName":"DEFAULT","serviceName":"xuecheng-plus-project@@content-api","metadata":{"preserved.register.source":"SPRING_CLOUD"},"ipDeleteTimeout":30000,"instanceHeartBeatInterval":5000,"instanceHeartBeatTimeOut":15000}]
2023-03-01 10:59:07,825 INFO [com.alibaba.nacos.client.naming.updater][HostReactor.java:232] - new ips(1) service: xuecheng-plus-project@@content-api@@DEFAULT -> [{"instanceId":"192.168.101.1#63040#DEFAULT#xuecheng-plus-project@@content-api","ip":"192.168.101.1","port":63040,"weight":1.0,"healthy":true,"enabled":true,"ephemeral":true,"clusterName":"DEFAULT","serviceName":"xuecheng-plus-project@@content-api","metadata":{"preserved.register.source":"SPRING_CLOUD"},"ipDeleteTimeout":30000,"instanceHeartBeatInterval":5000,"instanceHeartBeatTimeOut":15000}]
2023-03-01 10:59:07,826 DEBUG [nacos.publisher-com.alibaba.nacos.client.naming.event.InstancesChangeEvent][DefaultPublisher.java:193] - [NotifyCenter] the com.alibaba.nacos.client.naming.event.InstancesChangeEvent@24b22d3a will received by com.alibaba.nacos.client.naming.event.InstancesChangeNotifier@57cabdc3
2023-03-01 10:59:07,826 DEBUG [nacos.publisher-com.alibaba.nacos.client.naming.event.InstancesChangeEvent][DefaultPublisher.java:193] - [NotifyCenter] the com.alibaba.nacos.client.naming.event.InstancesChangeEvent@24b22d3a will received by com.alibaba.nacos.client.naming.event.InstancesChangeNotifier@57cabdc3
2023-03-01 10:59:07,835 INFO [com.alibaba.nacos.client.naming.updater][HostReactor.java:271] - current ips:(1) service: xuecheng-plus-project@@content-api@@DEFAULT -> [{"instanceId":"192.168.101.1#63040#DEFAULT#xuecheng-plus-project@@content-api","ip":"192.168.101.1","port":63040,"weight":1.0,"healthy":true,"enabled":true,"ephemeral":true,"clusterName":"DEFAULT","serviceName":"xuecheng-plus-project@@content-api","metadata":{"preserved.register.source":"SPRING_CLOUD"},"ipDeleteTimeout":30000,"instanceHeartBeatInterval":5000,"instanceHeartBeatTimeOut":15000}]
2023-03-01 10:59:07,835 INFO [com.alibaba.nacos.client.naming.updater][HostReactor.java:271] - current ips:(1) service: xuecheng-plus-project@@content-api@@DEFAULT -> [{"instanceId":"192.168.101.1#63040#DEFAULT#xuecheng-plus-project@@content-api","ip":"192.168.101.1","port":63040,"weight":1.0,"healthy":true,"enabled":true,"ephemeral":true,"clusterName":"DEFAULT","serviceName":"xuecheng-plus-project@@content-api","metadata":{"preserved.register.source":"SPRING_CLOUD"},"ipDeleteTimeout":30000,"instanceHeartBeatInterval":5000,"instanceHeartBeatTimeOut":15000}]
2023-03-01 10:59:08,653 INFO [main][InetUtils.java:170] - Cannot determine local hostname
2023-03-01 10:59:08,653 INFO [main][InetUtils.java:170] - Cannot determine local hostname
2023-03-01 10:59:08,654 INFO [main][DocumentationPluginsBootstrapper.java:160] - Context refreshed
2023-03-01 10:59:08,654 INFO [main][DocumentationPluginsBootstrapper.java:160] - Context refreshed
2023-03-01 10:59:08,732 INFO [main][DocumentationPluginsBootstrapper.java:163] - Found 1 custom documentation plugin(s)
2023-03-01 10:59:08,732 INFO [main][DocumentationPluginsBootstrapper.java:163] - Found 1 custom documentation plugin(s)
2023-03-01 10:59:08,774 INFO [main][ApiListingReferenceScanner.java:41] - Scanning for api listing references
2023-03-01 10:59:08,774 INFO [main][ApiListingReferenceScanner.java:41] - Scanning for api listing references
2023-03-01 10:59:09,030 INFO [main][StartupInfoLogger.java:61] - Started XuechengPlusContentApiApplication in 21.547 seconds (JVM running for 36.344)
2023-03-01 10:59:09,030 INFO [main][StartupInfoLogger.java:61] - Started XuechengPlusContentApiApplication in 21.547 seconds (JVM running for 36.344)
2023-03-01 10:59:09,035 INFO [main][ClientWorker.java:169] - [fixed-39.105.221.68_8848-dev148] [subscribe] swagger-dev.yaml+xuecheng-plus-common+dev148
2023-03-01 10:59:09,035 INFO [main][ClientWorker.java:169] - [fixed-39.105.221.68_8848-dev148] [subscribe] swagger-dev.yaml+xuecheng-plus-common+dev148
2023-03-01 10:59:09,035 INFO [main][CacheData.java:92] - [fixed-39.105.221.68_8848-dev148] [add-listener] ok, tenant=dev148, dataId=swagger-dev.yaml, group=xuecheng-plus-common, cnt=1
2023-03-01 10:59:09,035 INFO [main][CacheData.java:92] - [fixed-39.105.221.68_8848-dev148] [add-listener] ok, tenant=dev148, dataId=swagger-dev.yaml, group=xuecheng-plus-common, cnt=1
2023-03-01 10:59:09,036 INFO [main][ClientWorker.java:169] - [fixed-39.105.221.68_8848-dev148] [subscribe] content-api.yaml+xuecheng-plus-project+dev148
2023-03-01 10:59:09,036 INFO [main][ClientWorker.java:169] - [fixed-39.105.221.68_8848-dev148] [subscribe] content-api.yaml+xuecheng-plus-project+dev148
2023-03-01 10:59:09,036 INFO [main][CacheData.java:92] - [fixed-39.105.221.68_8848-dev148] [add-listener] ok, tenant=dev148, dataId=content-api.yaml, group=xuecheng-plus-project, cnt=1
2023-03-01 10:59:09,036 INFO [main][CacheData.java:92] - [fixed-39.105.221.68_8848-dev148] [add-listener] ok, tenant=dev148, dataId=content-api.yaml, group=xuecheng-plus-project, cnt=1
2023-03-01 10:59:09,038 INFO [main][ClientWorker.java:169] - [fixed-39.105.221.68_8848-dev148] [subscribe] content-service-dev.yaml+xuecheng-plus-project+dev148
2023-03-01 10:59:09,038 INFO [main][ClientWorker.java:169] - [fixed-39.105.221.68_8848-dev148] [subscribe] content-service-dev.yaml+xuecheng-plus-project+dev148
2023-03-01 10:59:09,038 INFO [main][CacheData.java:92] - [fixed-39.105.221.68_8848-dev148] [add-listener] ok, tenant=dev148, dataId=content-service-dev.yaml, group=xuecheng-plus-project, cnt=1
2023-03-01 10:59:09,038 INFO [main][CacheData.java:92] - [fixed-39.105.221.68_8848-dev148] [add-listener] ok, tenant=dev148, dataId=content-service-dev.yaml, group=xuecheng-plus-project, cnt=1
2023-03-01 10:59:09,039 INFO [main][ClientWorker.java:169] - [fixed-39.105.221.68_8848-dev148] [subscribe] content-api+xuecheng-plus-project+dev148
2023-03-01 10:59:09,039 INFO [main][ClientWorker.java:169] - [fixed-39.105.221.68_8848-dev148] [subscribe] content-api+xuecheng-plus-project+dev148
2023-03-01 10:59:09,039 INFO [main][CacheData.java:92] - [fixed-39.105.221.68_8848-dev148] [add-listener] ok, tenant=dev148, dataId=content-api, group=xuecheng-plus-project, cnt=1
2023-03-01 10:59:09,039 INFO [main][CacheData.java:92] - [fixed-39.105.221.68_8848-dev148] [add-listener] ok, tenant=dev148, dataId=content-api, group=xuecheng-plus-project, cnt=1
2023-03-01 10:59:09,040 INFO [main][ClientWorker.java:169] - [fixed-39.105.221.68_8848-dev148] [subscribe] logging-dev.yaml+xuecheng-plus-common+dev148
2023-03-01 10:59:09,040 INFO [main][ClientWorker.java:169] - [fixed-39.105.221.68_8848-dev148] [subscribe] logging-dev.yaml+xuecheng-plus-common+dev148
2023-03-01 10:59:09,040 INFO [main][CacheData.java:92] - [fixed-39.105.221.68_8848-dev148] [add-listener] ok, tenant=dev148, dataId=logging-dev.yaml, group=xuecheng-plus-common, cnt=1
2023-03-01 10:59:09,040 INFO [main][CacheData.java:92] - [fixed-39.105.221.68_8848-dev148] [add-listener] ok, tenant=dev148, dataId=logging-dev.yaml, group=xuecheng-plus-common, cnt=1
2023-03-01 10:59:09,042 INFO [main][ClientWorker.java:169] - [fixed-39.105.221.68_8848-dev148] [subscribe] content-api-dev.yaml+xuecheng-plus-project+dev148
2023-03-01 10:59:09,042 INFO [main][ClientWorker.java:169] - [fixed-39.105.221.68_8848-dev148] [subscribe] content-api-dev.yaml+xuecheng-plus-project+dev148
2023-03-01 10:59:09,042 INFO [main][CacheData.java:92] - [fixed-39.105.221.68_8848-dev148] [add-listener] ok, tenant=dev148, dataId=content-api-dev.yaml, group=xuecheng-plus-project, cnt=1
2023-03-01 10:59:09,042 INFO [main][CacheData.java:92] - [fixed-39.105.221.68_8848-dev148] [add-listener] ok, tenant=dev148, dataId=content-api-dev.yaml, group=xuecheng-plus-project, cnt=1
2023-03-01 10:59:09,047 DEBUG [com.alibaba.nacos.client.Worker.longPolling.fixed-39.105.221.68_8848-dev148][NacosRestTemplate.java:476] - HTTP method: POST, url: http://39.105.221.68:8848/nacos/v1/cs/configs/listener, body: {Listening-Configs=swagger-dev.yamlxuecheng-plus-commond1ed4a52ae4a1d92f8aa9a7fe96c5a4cdev148content-api-dev.yamlxuecheng-plus-projecte87d577dafef16a0ae6f97784729d30cdev148content-api.yamlxuecheng-plus-projectdev148content-service-dev.yamlxuecheng-plus-project575fe2ff25b996bd5d904b656afff3ffdev148logging-dev.yamlxuecheng-plus-commoncf8b1af28beb25b242f97519c8f2c560dev148content-apixuecheng-plus-projectdev148, tenant=dev148}
2023-03-01 10:59:09,047 DEBUG [com.alibaba.nacos.client.Worker.longPolling.fixed-39.105.221.68_8848-dev148][NacosRestTemplate.java:476] - HTTP method: POST, url: http://39.105.221.68:8848/nacos/v1/cs/configs/listener, body: {Listening-Configs=swagger-dev.yamlxuecheng-plus-commond1ed4a52ae4a1d92f8aa9a7fe96c5a4cdev148content-api-dev.yamlxuecheng-plus-projecte87d577dafef16a0ae6f97784729d30cdev148content-api.yamlxuecheng-plus-projectdev148content-service-dev.yamlxuecheng-plus-project575fe2ff25b996bd5d904b656afff3ffdev148logging-dev.yamlxuecheng-plus-commoncf8b1af28beb25b242f97519c8f2c560dev148content-apixuecheng-plus-projectdev148, tenant=dev148}
2023-03-01 10:59:09,048 DEBUG [com.alibaba.nacos.client.Worker.longPolling.fixed-39.105.221.68_8848-dev148][NacosRestTemplate.java:494] - Execute via interceptors :[com.alibaba.nacos.client.config.impl.ConfigHttpClientManager$LimiterHttpClientRequestInterceptor@2afe9d60]
2023-03-01 10:59:09,048 DEBUG [com.alibaba.nacos.client.Worker.longPolling.fixed-39.105.221.68_8848-dev148][NacosRestTemplate.java:494] - Execute via interceptors :[com.alibaba.nacos.client.config.impl.ConfigHttpClientManager$LimiterHttpClientRequestInterceptor@2afe9d60]
2023-03-01 10:59:09,090 DEBUG [com.alibaba.nacos.client.Worker.longPolling.fixed-39.105.221.68_8848-dev148][NacosRestTemplate.java:476] - HTTP method: POST, url: http://39.105.221.68:8848/nacos/v1/cs/configs/listener, body: {Listening-Configs=swagger-dev.yamlxuecheng-plus-commond1ed4a52ae4a1d92f8aa9a7fe96c5a4cdev148content-api-dev.yamlxuecheng-plus-projecte87d577dafef16a0ae6f97784729d30cdev148content-api.yamlxuecheng-plus-projectdev148content-service-dev.yamlxuecheng-plus-project575fe2ff25b996bd5d904b656afff3ffdev148logging-dev.yamlxuecheng-plus-commoncf8b1af28beb25b242f97519c8f2c560dev148content-apixuecheng-plus-projectdev148, tenant=dev148}
2023-03-01 10:59:09,090 DEBUG [com.alibaba.nacos.client.Worker.longPolling.fixed-39.105.221.68_8848-dev148][NacosRestTemplate.java:476] - HTTP method: POST, url: http://39.105.221.68:8848/nacos/v1/cs/configs/listener, body: {Listening-Configs=swagger-dev.yamlxuecheng-plus-commond1ed4a52ae4a1d92f8aa9a7fe96c5a4cdev148content-api-dev.yamlxuecheng-plus-projecte87d577dafef16a0ae6f97784729d30cdev148content-api.yamlxuecheng-plus-projectdev148content-service-dev.yamlxuecheng-plus-project575fe2ff25b996bd5d904b656afff3ffdev148logging-dev.yamlxuecheng-plus-commoncf8b1af28beb25b242f97519c8f2c560dev148content-apixuecheng-plus-projectdev148, tenant=dev148}
2023-03-01 10:59:09,090 DEBUG [com.alibaba.nacos.client.Worker.longPolling.fixed-39.105.221.68_8848-dev148][NacosRestTemplate.java:494] - Execute via interceptors :[com.alibaba.nacos.client.config.impl.ConfigHttpClientManager$LimiterHttpClientRequestInterceptor@2afe9d60]
2023-03-01 10:59:09,090 DEBUG [com.alibaba.nacos.client.Worker.longPolling.fixed-39.105.221.68_8848-dev148][NacosRestTemplate.java:494] - Execute via interceptors :[com.alibaba.nacos.client.config.impl.ConfigHttpClientManager$LimiterHttpClientRequestInterceptor@2afe9d60]
2023-03-01 10:59:11,610 DEBUG [com.alibaba.nacos.naming.failover][FailoverReactor.java:147] - failover switch is not found, failover00-00---000-VIPSRV_FAILOVER_SWITCH-000---00-00
2023-03-01 10:59:11,610 DEBUG [com.alibaba.nacos.naming.failover][FailoverReactor.java:147] - failover switch is not found, failover00-00---000-VIPSRV_FAILOVER_SWITCH-000---00-00
2023-03-01 10:59:11,842 DEBUG [com.alibaba.nacos.naming.beat.sender][NamingProxy.java:421] - [BEAT] dev148 sending beat to server: BeatInfo{port=63040, ip='192.168.101.1', weight=1.0, serviceName='xuecheng-plus-project@@content-api', cluster='DEFAULT', metadata={preserved.register.source=SPRING_CLOUD}, scheduled=false, period=5000, stopped=false}
2023-03-01 10:59:11,842 DEBUG [com.alibaba.nacos.naming.beat.sender][NamingProxy.java:421] - [BEAT] dev148 sending beat to server: BeatInfo{port=63040, ip='192.168.101.1', weight=1.0, serviceName='xuecheng-plus-project@@content-api', cluster='DEFAULT', metadata={preserved.register.source=SPRING_CLOUD}, scheduled=false, period=5000, stopped=false}
2023-03-01 10:59:11,845 DEBUG [com.alibaba.nacos.naming.beat.sender][NacosRestTemplate.java:476] - HTTP method: PUT, url: http://39.105.221.68:8848/nacos/v1/ns/instance/beat?app=unknown&serviceName=xuecheng-plus-project%40%40content-api&namespaceId=dev148&port=63040&clusterName=DEFAULT&ip=192.168.101.1, body: {beat={"port":63040,"ip":"192.168.101.1","weight":1.0,"serviceName":"xuecheng-plus-project@@content-api","cluster":"DEFAULT","metadata":{"preserved.register.source":"SPRING_CLOUD"},"scheduled":false,"period":5000,"stopped":false}}
2023-03-01 10:59:11,845 DEBUG [com.alibaba.nacos.naming.beat.sender][NacosRestTemplate.java:476] - HTTP method: PUT, url: http://39.105.221.68:8848/nacos/v1/ns/instance/beat?app=unknown&serviceName=xuecheng-plus-project%40%40content-api&namespaceId=dev148&port=63040&clusterName=DEFAULT&ip=192.168.101.1, body: {beat={"port":63040,"ip":"192.168.101.1","weight":1.0,"serviceName":"xuecheng-plus-project@@content-api","cluster":"DEFAULT","metadata":{"preserved.register.source":"SPRING_CLOUD"},"scheduled":false,"period":5000,"stopped":false}}
2023-03-01 10:59:16,621 DEBUG [com.alibaba.nacos.naming.failover][FailoverReactor.java:147] - failover switch is not found, failover00-00---000-VIPSRV_FAILOVER_SWITCH-000---00-00
2023-03-01 10:59:16,621 DEBUG [com.alibaba.nacos.naming.failover][FailoverReactor.java:147] - failover switch is not found, failover00-00---000-VIPSRV_FAILOVER_SWITCH-000---00-00
2023-03-01 10:59:16,932 DEBUG [com.alibaba.nacos.naming.beat.sender][NamingProxy.java:421] - [BEAT] dev148 sending beat to server: BeatInfo{port=63040, ip='192.168.101.1', weight=1.0, serviceName='xuecheng-plus-project@@content-api', cluster='DEFAULT', metadata={preserved.register.source=SPRING_CLOUD}, scheduled=false, period=5000, stopped=false}
2023-03-01 10:59:16,932 DEBUG [com.alibaba.nacos.naming.beat.sender][NamingProxy.java:421] - [BEAT] dev148 sending beat to server: BeatInfo{port=63040, ip='192.168.101.1', weight=1.0, serviceName='xuecheng-plus-project@@content-api', cluster='DEFAULT', metadata={preserved.register.source=SPRING_CLOUD}, scheduled=false, period=5000, stopped=false}
2023-03-01 10:59:16,933 DEBUG [com.alibaba.nacos.naming.beat.sender][NacosRestTemplate.java:476] - HTTP method: PUT, url: http://39.105.221.68:8848/nacos/v1/ns/instance/beat?app=unknown&serviceName=xuecheng-plus-project%40%40content-api&namespaceId=dev148&port=63040&clusterName=DEFAULT&ip=192.168.101.1, body: {}
2023-03-01 10:59:16,933 DEBUG [com.alibaba.nacos.naming.beat.sender][NacosRestTemplate.java:476] - HTTP method: PUT, url: http://39.105.221.68:8848/nacos/v1/ns/instance/beat?app=unknown&serviceName=xuecheng-plus-project%40%40content-api&namespaceId=dev148&port=63040&clusterName=DEFAULT&ip=192.168.101.1, body: {}
2023-03-01 10:59:17,847 DEBUG [com.alibaba.nacos.client.naming.updater][NacosRestTemplate.java:476] - HTTP method: GET, url: http://39.105.221.68:8848/nacos/v1/ns/instance/list?app=unknown&healthyOnly=false&namespaceId=dev148&clientIP=192.168.101.1&serviceName=xuecheng-plus-project%40%40content-api&udpPort=59723&clusters=DEFAULT, body: {}
2023-03-01 10:59:17,847 DEBUG [com.alibaba.nacos.client.naming.updater][NacosRestTemplate.java:476] - HTTP method: GET, url: http://39.105.221.68:8848/nacos/v1/ns/instance/list?app=unknown&healthyOnly=false&namespaceId=dev148&clientIP=192.168.101.1&serviceName=xuecheng-plus-project%40%40content-api&udpPort=59723&clusters=DEFAULT, body: {}
2023-03-01 10:59:21,625 DEBUG [com.alibaba.nacos.naming.failover][FailoverReactor.java:147] - failover switch is not found, failover00-00---000-VIPSRV_FAILOVER_SWITCH-000---00-00
2023-03-01 10:59:21,625 DEBUG [com.alibaba.nacos.naming.failover][FailoverReactor.java:147] - failover switch is not found, failover00-00---000-VIPSRV_FAILOVER_SWITCH-000---00-00
2023-03-01 10:59:21,971 DEBUG [com.alibaba.nacos.naming.beat.sender][NamingProxy.java:421] - [BEAT] dev148 sending beat to server: BeatInfo{port=63040, ip='192.168.101.1', weight=1.0, serviceName='xuecheng-plus-project@@content-api', cluster='DEFAULT', metadata={preserved.register.source=SPRING_CLOUD}, scheduled=false, period=5000, stopped=false}
2023-03-01 10:59:21,971 DEBUG [com.alibaba.nacos.naming.beat.sender][NamingProxy.java:421] - [BEAT] dev148 sending beat to server: BeatInfo{port=63040, ip='192.168.101.1', weight=1.0, serviceName='xuecheng-plus-project@@content-api', cluster='DEFAULT', metadata={preserved.register.source=SPRING_CLOUD}, scheduled=false, period=5000, stopped=false}
2023-03-01 10:59:21,971 DEBUG [com.alibaba.nacos.naming.beat.sender][NacosRestTemplate.java:476] - HTTP method: PUT, url: http://39.105.221.68:8848/nacos/v1/ns/instance/beat?app=unknown&serviceName=xuecheng-plus-project%40%40content-api&namespaceId=dev148&port=63040&clusterName=DEFAULT&ip=192.168.101.1, body: {}
2023-03-01 10:59:21,971 DEBUG [com.alibaba.nacos.naming.beat.sender][NacosRestTemplate.java:476] - HTTP method: PUT, url: http://39.105.221.68:8848/nacos/v1/ns/instance/beat?app=unknown&serviceName=xuecheng-plus-project%40%40content-api&namespaceId=dev148&port=63040&clusterName=DEFAULT&ip=192.168.101.1, body: {}
2023-03-01 10:59:26,627 DEBUG [com.alibaba.nacos.naming.failover][FailoverReactor.java:147] - failover switch is not found, failover00-00---000-VIPSRV_FAILOVER_SWITCH-000---00-00
2023-03-01 10:59:26,627 DEBUG [com.alibaba.nacos.naming.failover][FailoverReactor.java:147] - failover switch is not found, failover00-00---000-VIPSRV_FAILOVER_SWITCH-000---00-00
2023-03-01 10:59:27,007 DEBUG [com.alibaba.nacos.naming.beat.sender][NamingProxy.java:421] - [BEAT] dev148 sending beat to server: BeatInfo{port=63040, ip='192.168.101.1', weight=1.0, serviceName='xuecheng-plus-project@@content-api', cluster='DEFAULT', metadata={preserved.register.source=SPRING_CLOUD}, scheduled=false, period=5000, stopped=false}
2023-03-01 10:59:27,007 DEBUG [com.alibaba.nacos.naming.beat.sender][NamingProxy.java:421] - [BEAT] dev148 sending beat to server: BeatInfo{port=63040, ip='192.168.101.1', weight=1.0, serviceName='xuecheng-plus-project@@content-api', cluster='DEFAULT', metadata={preserved.register.source=SPRING_CLOUD}, scheduled=false, period=5000, stopped=false}
2023-03-01 10:59:27,007 DEBUG [com.alibaba.nacos.naming.beat.sender][NacosRestTemplate.java:476] - HTTP method: PUT, url: http://39.105.221.68:8848/nacos/v1/ns/instance/beat?app=unknown&serviceName=xuecheng-plus-project%40%40content-api&namespaceId=dev148&port=63040&clusterName=DEFAULT&ip=192.168.101.1, body: {}
2023-03-01 10:59:27,007 DEBUG [com.alibaba.nacos.naming.beat.sender][NacosRestTemplate.java:476] - HTTP method: PUT, url: http://39.105.221.68:8848/nacos/v1/ns/instance/beat?app=unknown&serviceName=xuecheng-plus-project%40%40content-api&namespaceId=dev148&port=63040&clusterName=DEFAULT&ip=192.168.101.1, body: {}
2023-03-01 10:59:27,891 DEBUG [com.alibaba.nacos.client.naming.updater][NacosRestTemplate.java:476] - HTTP method: GET, url: http://39.105.221.68:8848/nacos/v1/ns/instance/list?app=unknown&healthyOnly=false&namespaceId=dev148&clientIP=192.168.101.1&serviceName=xuecheng-plus-project%40%40content-api&udpPort=59723&clusters=DEFAULT, body: {}
2023-03-01 10:59:27,891 DEBUG [com.alibaba.nacos.client.naming.updater][NacosRestTemplate.java:476] - HTTP method: GET, url: http://39.105.221.68:8848/nacos/v1/ns/instance/list?app=unknown&healthyOnly=false&namespaceId=dev148&clientIP=192.168.101.1&serviceName=xuecheng-plus-project%40%40content-api&udpPort=59723&clusters=DEFAULT, body: {}
2023-03-01 10:59:31,635 DEBUG [com.alibaba.nacos.naming.failover][FailoverReactor.java:147] - failover switch is not found, failover00-00---000-VIPSRV_FAILOVER_SWITCH-000---00-00
2023-03-01 10:59:31,635 DEBUG [com.alibaba.nacos.naming.failover][FailoverReactor.java:147] - failover switch is not found, failover00-00---000-VIPSRV_FAILOVER_SWITCH-000---00-00
2023-03-01 10:59:32,055 DEBUG [com.alibaba.nacos.naming.beat.sender][NamingProxy.java:421] - [BEAT] dev148 sending beat to server: BeatInfo{port=63040, ip='192.168.101.1', weight=1.0, serviceName='xuecheng-plus-project@@content-api', cluster='DEFAULT', metadata={preserved.register.source=SPRING_CLOUD}, scheduled=false, period=5000, stopped=false}
2023-03-01 10:59:32,055 DEBUG [com.alibaba.nacos.naming.beat.sender][NamingProxy.java:421] - [BEAT] dev148 sending beat to server: BeatInfo{port=63040, ip='192.168.101.1', weight=1.0, serviceName='xuecheng-plus-project@@content-api', cluster='DEFAULT', metadata={preserved.register.source=SPRING_CLOUD}, scheduled=false, period=5000, stopped=false}
2023-03-01 10:59:32,056 DEBUG [com.alibaba.nacos.naming.beat.sender][NacosRestTemplate.java:476] - HTTP method: PUT, url: http://39.105.221.68:8848/nacos/v1/ns/instance/beat?app=unknown&serviceName=xuecheng-plus-project%40%40content-api&namespaceId=dev148&port=63040&clusterName=DEFAULT&ip=192.168.101.1, body: {}
2023-03-01 10:59:32,056 DEBUG [com.alibaba.nacos.naming.beat.sender][NacosRestTemplate.java:476] - HTTP method: PUT, url: http://39.105.221.68:8848/nacos/v1/ns/instance/beat?app=unknown&serviceName=xuecheng-plus-project%40%40content-api&namespaceId=dev148&port=63040&clusterName=DEFAULT&ip=192.168.101.1, body: {}
2023-03-01 10:59:36,598 DEBUG [com.alibaba.nacos.client.naming.updater][NamingProxy.java:195] - server list provided by user: [39.105.221.68:8848]
2023-03-01 10:59:36,598 DEBUG [com.alibaba.nacos.client.naming.updater][NamingProxy.java:195] - server list provided by user: [39.105.221.68:8848]
2023-03-01 10:59:36,645 DEBUG [com.alibaba.nacos.naming.failover][FailoverReactor.java:147] - failover switch is not found, failover00-00---000-VIPSRV_FAILOVER_SWITCH-000---00-00
2023-03-01 10:59:36,645 DEBUG [com.alibaba.nacos.naming.failover][FailoverReactor.java:147] - failover switch is not found, failover00-00---000-VIPSRV_FAILOVER_SWITCH-000---00-00
2023-03-01 10:59:37,101 DEBUG [com.alibaba.nacos.naming.beat.sender][NamingProxy.java:421] - [BEAT] dev148 sending beat to server: BeatInfo{port=63040, ip='192.168.101.1', weight=1.0, serviceName='xuecheng-plus-project@@content-api', cluster='DEFAULT', metadata={preserved.register.source=SPRING_CLOUD}, scheduled=false, period=5000, stopped=false}
2023-03-01 10:59:37,101 DEBUG [com.alibaba.nacos.naming.beat.sender][NamingProxy.java:421] - [BEAT] dev148 sending beat to server: BeatInfo{port=63040, ip='192.168.101.1', weight=1.0, serviceName='xuecheng-plus-project@@content-api', cluster='DEFAULT', metadata={preserved.register.source=SPRING_CLOUD}, scheduled=false, period=5000, stopped=false}
2023-03-01 10:59:37,101 DEBUG [com.alibaba.nacos.naming.beat.sender][NacosRestTemplate.java:476] - HTTP method: PUT, url: http://39.105.221.68:8848/nacos/v1/ns/instance/beat?app=unknown&serviceName=xuecheng-plus-project%40%40content-api&namespaceId=dev148&port=63040&clusterName=DEFAULT&ip=192.168.101.1, body: {}
2023-03-01 10:59:37,101 DEBUG [com.alibaba.nacos.naming.beat.sender][NacosRestTemplate.java:476] - HTTP method: PUT, url: http://39.105.221.68:8848/nacos/v1/ns/instance/beat?app=unknown&serviceName=xuecheng-plus-project%40%40content-api&namespaceId=dev148&port=63040&clusterName=DEFAULT&ip=192.168.101.1, body: {}
2023-03-01 10:59:37,936 DEBUG [com.alibaba.nacos.client.naming.updater][NacosRestTemplate.java:476] - HTTP method: GET, url: http://39.105.221.68:8848/nacos/v1/ns/instance/list?app=unknown&healthyOnly=false&namespaceId=dev148&clientIP=192.168.101.1&serviceName=xuecheng-plus-project%40%40content-api&udpPort=59723&clusters=DEFAULT, body: {}
2023-03-01 10:59:37,936 DEBUG [com.alibaba.nacos.client.naming.updater][NacosRestTemplate.java:476] - HTTP method: GET, url: http://39.105.221.68:8848/nacos/v1/ns/instance/list?app=unknown&healthyOnly=false&namespaceId=dev148&clientIP=192.168.101.1&serviceName=xuecheng-plus-project%40%40content-api&udpPort=59723&clusters=DEFAULT, body: {}
2023-03-01 10:59:38,778 DEBUG [com.alibaba.nacos.client.Worker.longPolling.fixed-39.105.221.68_8848-dev148][NacosRestTemplate.java:476] - HTTP method: POST, url: http://39.105.221.68:8848/nacos/v1/cs/configs/listener, body: {Listening-Configs=swagger-dev.yamlxuecheng-plus-commond1ed4a52ae4a1d92f8aa9a7fe96c5a4cdev148content-api-dev.yamlxuecheng-plus-projecte87d577dafef16a0ae6f97784729d30cdev148content-api.yamlxuecheng-plus-projectdev148content-service-dev.yamlxuecheng-plus-project575fe2ff25b996bd5d904b656afff3ffdev148logging-dev.yamlxuecheng-plus-commoncf8b1af28beb25b242f97519c8f2c560dev148content-apixuecheng-plus-projectdev148, tenant=dev148}
2023-03-01 10:59:38,778 DEBUG [com.alibaba.nacos.client.Worker.longPolling.fixed-39.105.221.68_8848-dev148][NacosRestTemplate.java:476] - HTTP method: POST, url: http://39.105.221.68:8848/nacos/v1/cs/configs/listener, body: {Listening-Configs=swagger-dev.yamlxuecheng-plus-commond1ed4a52ae4a1d92f8aa9a7fe96c5a4cdev148content-api-dev.yamlxuecheng-plus-projecte87d577dafef16a0ae6f97784729d30cdev148content-api.yamlxuecheng-plus-projectdev148content-service-dev.yamlxuecheng-plus-project575fe2ff25b996bd5d904b656afff3ffdev148logging-dev.yamlxuecheng-plus-commoncf8b1af28beb25b242f97519c8f2c560dev148content-apixuecheng-plus-projectdev148, tenant=dev148}
2023-03-01 10:59:38,778 DEBUG [com.alibaba.nacos.client.Worker.longPolling.fixed-39.105.221.68_8848-dev148][NacosRestTemplate.java:494] - Execute via interceptors :[com.alibaba.nacos.client.config.impl.ConfigHttpClientManager$LimiterHttpClientRequestInterceptor@2afe9d60]
2023-03-01 10:59:38,778 DEBUG [com.alibaba.nacos.client.Worker.longPolling.fixed-39.105.221.68_8848-dev148][NacosRestTemplate.java:494] - Execute via interceptors :[com.alibaba.nacos.client.config.impl.ConfigHttpClientManager$LimiterHttpClientRequestInterceptor@2afe9d60]
2023-03-01 10:59:41,658 DEBUG [com.alibaba.nacos.naming.failover][FailoverReactor.java:147] - failover switch is not found, failover00-00---000-VIPSRV_FAILOVER_SWITCH-000---00-00
2023-03-01 10:59:41,658 DEBUG [com.alibaba.nacos.naming.failover][FailoverReactor.java:147] - failover switch is not found, failover00-00---000-VIPSRV_FAILOVER_SWITCH-000---00-00
2023-03-01 10:59:42,144 DEBUG [com.alibaba.nacos.naming.beat.sender][NamingProxy.java:421] - [BEAT] dev148 sending beat to server: BeatInfo{port=63040, ip='192.168.101.1', weight=1.0, serviceName='xuecheng-plus-project@@content-api', cluster='DEFAULT', metadata={preserved.register.source=SPRING_CLOUD}, scheduled=false, period=5000, stopped=false}
2023-03-01 10:59:42,144 DEBUG [com.alibaba.nacos.naming.beat.sender][NamingProxy.java:421] - [BEAT] dev148 sending beat to server: BeatInfo{port=63040, ip='192.168.101.1', weight=1.0, serviceName='xuecheng-plus-project@@content-api', cluster='DEFAULT', metadata={preserved.register.source=SPRING_CLOUD}, scheduled=false, period=5000, stopped=false}
2023-03-01 10:59:42,145 DEBUG [com.alibaba.nacos.naming.beat.sender][NacosRestTemplate.java:476] - HTTP method: PUT, url: http://39.105.221.68:8848/nacos/v1/ns/instance/beat?app=unknown&serviceName=xuecheng-plus-project%40%40content-api&namespaceId=dev148&port=63040&clusterName=DEFAULT&ip=192.168.101.1, body: {}
2023-03-01 10:59:42,145 DEBUG [com.alibaba.nacos.naming.beat.sender][NacosRestTemplate.java:476] - HTTP method: PUT, url: http://39.105.221.68:8848/nacos/v1/ns/instance/beat?app=unknown&serviceName=xuecheng-plus-project%40%40content-api&namespaceId=dev148&port=63040&clusterName=DEFAULT&ip=192.168.101.1, body: {}
2023-03-01 10:59:46,664 DEBUG [com.alibaba.nacos.naming.failover][FailoverReactor.java:147] - failover switch is not found, failover00-00---000-VIPSRV_FAILOVER_SWITCH-000---00-00
2023-03-01 10:59:46,664 DEBUG [com.alibaba.nacos.naming.failover][FailoverReactor.java:147] - failover switch is not found, failover00-00---000-VIPSRV_FAILOVER_SWITCH-000---00-00
2023-03-01 10:59:47,261 DEBUG [com.alibaba.nacos.naming.beat.sender][NamingProxy.java:421] - [BEAT] dev148 sending beat to server: BeatInfo{port=63040, ip='192.168.101.1', weight=1.0, serviceName='xuecheng-plus-project@@content-api', cluster='DEFAULT', metadata={preserved.register.source=SPRING_CLOUD}, scheduled=false, period=5000, stopped=false}
2023-03-01 10:59:47,262 DEBUG [com.alibaba.nacos.naming.beat.sender][NacosRestTemplate.java:476] - HTTP method: PUT, url: http://39.105.221.68:8848/nacos/v1/ns/instance/beat?app=unknown&serviceName=xuecheng-plus-project%40%40content-api&namespaceId=dev148&port=63040&clusterName=DEFAULT&ip=192.168.101.1, body: {}
2023-03-01 10:59:47,261 DEBUG [com.alibaba.nacos.naming.beat.sender][NamingProxy.java:421] - [BEAT] dev148 sending beat to server: BeatInfo{port=63040, ip='192.168.101.1', weight=1.0, serviceName='xuecheng-plus-project@@content-api', cluster='DEFAULT', metadata={preserved.register.source=SPRING_CLOUD}, scheduled=false, period=5000, stopped=false}
2023-03-01 10:59:47,262 DEBUG [com.alibaba.nacos.naming.beat.sender][NacosRestTemplate.java:476] - HTTP method: PUT, url: http://39.105.221.68:8848/nacos/v1/ns/instance/beat?app=unknown&serviceName=xuecheng-plus-project%40%40content-api&namespaceId=dev148&port=63040&clusterName=DEFAULT&ip=192.168.101.1, body: {}
2023-03-01 10:59:48,000 DEBUG [com.alibaba.nacos.client.naming.updater][NacosRestTemplate.java:476] - HTTP method: GET, url: http://39.105.221.68:8848/nacos/v1/ns/instance/list?app=unknown&healthyOnly=false&namespaceId=dev148&clientIP=192.168.101.1&serviceName=xuecheng-plus-project%40%40content-api&udpPort=59723&clusters=DEFAULT, body: {}
2023-03-01 10:59:48,000 DEBUG [com.alibaba.nacos.client.naming.updater][NacosRestTemplate.java:476] - HTTP method: GET, url: http://39.105.221.68:8848/nacos/v1/ns/instance/list?app=unknown&healthyOnly=false&namespaceId=dev148&clientIP=192.168.101.1&serviceName=xuecheng-plus-project%40%40content-api&udpPort=59723&clusters=DEFAULT, body: {}
2023-03-01 10:59:51,666 DEBUG [com.alibaba.nacos.naming.failover][FailoverReactor.java:147] - failover switch is not found, failover00-00---000-VIPSRV_FAILOVER_SWITCH-000---00-00
2023-03-01 10:59:51,666 DEBUG [com.alibaba.nacos.naming.failover][FailoverReactor.java:147] - failover switch is not found, failover00-00---000-VIPSRV_FAILOVER_SWITCH-000---00-00
2023-03-01 10:59:52,325 DEBUG [com.alibaba.nacos.naming.beat.sender][NamingProxy.java:421] - [BEAT] dev148 sending beat to server: BeatInfo{port=63040, ip='192.168.101.1', weight=1.0, serviceName='xuecheng-plus-project@@content-api', cluster='DEFAULT', metadata={preserved.register.source=SPRING_CLOUD}, scheduled=false, period=5000, stopped=false}
2023-03-01 10:59:52,325 DEBUG [com.alibaba.nacos.naming.beat.sender][NamingProxy.java:421] - [BEAT] dev148 sending beat to server: BeatInfo{port=63040, ip='192.168.101.1', weight=1.0, serviceName='xuecheng-plus-project@@content-api', cluster='DEFAULT', metadata={preserved.register.source=SPRING_CLOUD}, scheduled=false, period=5000, stopped=false}
2023-03-01 10:59:52,326 DEBUG [com.alibaba.nacos.naming.beat.sender][NacosRestTemplate.java:476] - HTTP method: PUT, url: http://39.105.221.68:8848/nacos/v1/ns/instance/beat?app=unknown&serviceName=xuecheng-plus-project%40%40content-api&namespaceId=dev148&port=63040&clusterName=DEFAULT&ip=192.168.101.1, body: {}
2023-03-01 10:59:52,326 DEBUG [com.alibaba.nacos.naming.beat.sender][NacosRestTemplate.java:476] - HTTP method: PUT, url: http://39.105.221.68:8848/nacos/v1/ns/instance/beat?app=unknown&serviceName=xuecheng-plus-project%40%40content-api&namespaceId=dev148&port=63040&clusterName=DEFAULT&ip=192.168.101.1, body: {}
2023-03-01 10:59:56,674 DEBUG [com.alibaba.nacos.naming.failover][FailoverReactor.java:147] - failover switch is not found, failover00-00---000-VIPSRV_FAILOVER_SWITCH-000---00-00
2023-03-01 10:59:56,674 DEBUG [com.alibaba.nacos.naming.failover][FailoverReactor.java:147] - failover switch is not found, failover00-00---000-VIPSRV_FAILOVER_SWITCH-000---00-00
2023-03-01 10:59:57,368 DEBUG [com.alibaba.nacos.naming.beat.sender][NamingProxy.java:421] - [BEAT] dev148 sending beat to server: BeatInfo{port=63040, ip='192.168.101.1', weight=1.0, serviceName='xuecheng-plus-project@@content-api', cluster='DEFAULT', metadata={preserved.register.source=SPRING_CLOUD}, scheduled=false, period=5000, stopped=false}
2023-03-01 10:59:57,368 DEBUG [com.alibaba.nacos.naming.beat.sender][NamingProxy.java:421] - [BEAT] dev148 sending beat to server: BeatInfo{port=63040, ip='192.168.101.1', weight=1.0, serviceName='xuecheng-plus-project@@content-api', cluster='DEFAULT', metadata={preserved.register.source=SPRING_CLOUD}, scheduled=false, period=5000, stopped=false}
2023-03-01 10:59:57,369 DEBUG [com.alibaba.nacos.naming.beat.sender][NacosRestTemplate.java:476] - HTTP method: PUT, url: http://39.105.221.68:8848/nacos/v1/ns/instance/beat?app=unknown&serviceName=xuecheng-plus-project%40%40content-api&namespaceId=dev148&port=63040&clusterName=DEFAULT&ip=192.168.101.1, body: {}
2023-03-01 10:59:57,369 DEBUG [com.alibaba.nacos.naming.beat.sender][NacosRestTemplate.java:476] - HTTP method: PUT, url: http://39.105.221.68:8848/nacos/v1/ns/instance/beat?app=unknown&serviceName=xuecheng-plus-project%40%40content-api&namespaceId=dev148&port=63040&clusterName=DEFAULT&ip=192.168.101.1, body: {}
2023-03-01 10:59:58,040 DEBUG [com.alibaba.nacos.client.naming.updater][NacosRestTemplate.java:476] - HTTP method: GET, url: http://39.105.221.68:8848/nacos/v1/ns/instance/list?app=unknown&healthyOnly=false&namespaceId=dev148&clientIP=192.168.101.1&serviceName=xuecheng-plus-project%40%40content-api&udpPort=59723&clusters=DEFAULT, body: {}
2023-03-01 10:59:58,040 DEBUG [com.alibaba.nacos.client.naming.updater][NacosRestTemplate.java:476] - HTTP method: GET, url: http://39.105.221.68:8848/nacos/v1/ns/instance/list?app=unknown&healthyOnly=false&namespaceId=dev148&clientIP=192.168.101.1&serviceName=xuecheng-plus-project%40%40content-api&udpPort=59723&clusters=DEFAULT, body: {}
