2023-03-14 17:01:13,129 INFO [main][SpringApplication.java:655] - The following profiles are active: dev
2023-03-14 17:01:13,129 INFO [main][SpringApplication.java:655] - The following profiles are active: dev
2023-03-14 17:01:13,913 DEBUG [main][LogFactory.java:105] - Logging initialized using 'class org.apache.ibatis.logging.slf4j.Slf4jImpl' adapter.
2023-03-14 17:01:13,913 DEBUG [main][LogFactory.java:105] - Logging initialized using 'class org.apache.ibatis.logging.slf4j.Slf4jImpl' adapter.
2023-03-14 17:01:14,020 INFO [main][GenericScope.java:295] - BeanFactory id=d724963c-c089-3a3f-9a0d-c45626d5f9e0
2023-03-14 17:01:14,020 INFO [main][GenericScope.java:295] - BeanFactory id=d724963c-c089-3a3f-9a0d-c45626d5f9e0
2023-03-14 17:01:14,502 DEBUG [main][HikariConfig.java:946] - Driver class com.mysql.cj.jdbc.Driver found in Thread context class loader sun.misc.Launcher$AppClassLoader@18b4aac2
2023-03-14 17:01:14,502 DEBUG [main][HikariConfig.java:946] - Driver class com.mysql.cj.jdbc.Driver found in Thread context class loader sun.misc.Launcher$AppClassLoader@18b4aac2
2023-03-14 17:01:14,730 DEBUG [main][Logger.java:49] - Registered plugin: 'com.baomidou.mybatisplus.extension.plugins.MybatisPlusInterceptor@75e09567'
2023-03-14 17:01:14,730 DEBUG [main][Logger.java:49] - Registered plugin: 'com.baomidou.mybatisplus.extension.plugins.MybatisPlusInterceptor@75e09567'
2023-03-14 17:01:14,733 DEBUG [main][Logger.java:49] - Property 'mapperLocations' was not specified.
2023-03-14 17:01:14,733 DEBUG [main][Logger.java:49] - Property 'mapperLocations' was not specified.
2023-03-14 17:01:15,840 DEBUG [main][MybatisConfiguration.java:128] - addMappedStatement: com.xuecheng.orders.mapper.XcOrdersMapper.insert
2023-03-14 17:01:15,840 DEBUG [main][MybatisConfiguration.java:128] - addMappedStatement: com.xuecheng.orders.mapper.XcOrdersMapper.insert
2023-03-14 17:01:15,847 DEBUG [main][MybatisConfiguration.java:128] - addMappedStatement: com.xuecheng.orders.mapper.XcOrdersMapper.delete
2023-03-14 17:01:15,847 DEBUG [main][MybatisConfiguration.java:128] - addMappedStatement: com.xuecheng.orders.mapper.XcOrdersMapper.delete
2023-03-14 17:01:15,853 DEBUG [main][MybatisConfiguration.java:128] - addMappedStatement: com.xuecheng.orders.mapper.XcOrdersMapper.deleteByMap
2023-03-14 17:01:15,853 DEBUG [main][MybatisConfiguration.java:128] - addMappedStatement: com.xuecheng.orders.mapper.XcOrdersMapper.deleteByMap
2023-03-14 17:01:15,892 DEBUG [main][MybatisConfiguration.java:128] - addMappedStatement: com.xuecheng.orders.mapper.XcOrdersMapper.deleteById
2023-03-14 17:01:15,892 DEBUG [main][MybatisConfiguration.java:128] - addMappedStatement: com.xuecheng.orders.mapper.XcOrdersMapper.deleteById
2023-03-14 17:01:15,894 DEBUG [main][MybatisConfiguration.java:128] - addMappedStatement: com.xuecheng.orders.mapper.XcOrdersMapper.deleteBatchIds
2023-03-14 17:01:15,894 DEBUG [main][MybatisConfiguration.java:128] - addMappedStatement: com.xuecheng.orders.mapper.XcOrdersMapper.deleteBatchIds
2023-03-14 17:01:15,904 DEBUG [main][MybatisConfiguration.java:128] - addMappedStatement: com.xuecheng.orders.mapper.XcOrdersMapper.update
2023-03-14 17:01:15,904 DEBUG [main][MybatisConfiguration.java:128] - addMappedStatement: com.xuecheng.orders.mapper.XcOrdersMapper.update
2023-03-14 17:01:15,904 DEBUG [main][MybatisConfiguration.java:128] - addMappedStatement: com.xuecheng.orders.mapper.XcOrdersMapper.updateById
2023-03-14 17:01:15,904 DEBUG [main][MybatisConfiguration.java:128] - addMappedStatement: com.xuecheng.orders.mapper.XcOrdersMapper.updateById
2023-03-14 17:01:15,909 DEBUG [main][MybatisConfiguration.java:128] - addMappedStatement: com.xuecheng.orders.mapper.XcOrdersMapper.selectById
2023-03-14 17:01:15,909 DEBUG [main][MybatisConfiguration.java:128] - addMappedStatement: com.xuecheng.orders.mapper.XcOrdersMapper.selectById
2023-03-14 17:01:15,909 DEBUG [main][MybatisConfiguration.java:128] - addMappedStatement: com.xuecheng.orders.mapper.XcOrdersMapper.selectBatchIds
2023-03-14 17:01:15,909 DEBUG [main][MybatisConfiguration.java:128] - addMappedStatement: com.xuecheng.orders.mapper.XcOrdersMapper.selectBatchIds
2023-03-14 17:01:15,914 DEBUG [main][MybatisConfiguration.java:128] - addMappedStatement: com.xuecheng.orders.mapper.XcOrdersMapper.selectByMap
2023-03-14 17:01:15,914 DEBUG [main][MybatisConfiguration.java:128] - addMappedStatement: com.xuecheng.orders.mapper.XcOrdersMapper.selectByMap
2023-03-14 17:01:15,920 DEBUG [main][MybatisConfiguration.java:128] - addMappedStatement: com.xuecheng.orders.mapper.XcOrdersMapper.selectOne
2023-03-14 17:01:15,920 DEBUG [main][MybatisConfiguration.java:128] - addMappedStatement: com.xuecheng.orders.mapper.XcOrdersMapper.selectOne
2023-03-14 17:01:15,925 DEBUG [main][MybatisConfiguration.java:128] - addMappedStatement: com.xuecheng.orders.mapper.XcOrdersMapper.selectCount
2023-03-14 17:01:15,925 DEBUG [main][MybatisConfiguration.java:128] - addMappedStatement: com.xuecheng.orders.mapper.XcOrdersMapper.selectCount
2023-03-14 17:01:15,928 DEBUG [main][MybatisConfiguration.java:128] - addMappedStatement: com.xuecheng.orders.mapper.XcOrdersMapper.selectMaps
2023-03-14 17:01:15,928 DEBUG [main][MybatisConfiguration.java:128] - addMappedStatement: com.xuecheng.orders.mapper.XcOrdersMapper.selectMaps
2023-03-14 17:01:15,933 DEBUG [main][MybatisConfiguration.java:128] - addMappedStatement: com.xuecheng.orders.mapper.XcOrdersMapper.selectMapsPage
2023-03-14 17:01:15,933 DEBUG [main][MybatisConfiguration.java:128] - addMappedStatement: com.xuecheng.orders.mapper.XcOrdersMapper.selectMapsPage
2023-03-14 17:01:15,939 DEBUG [main][MybatisConfiguration.java:128] - addMappedStatement: com.xuecheng.orders.mapper.XcOrdersMapper.selectObjs
2023-03-14 17:01:15,939 DEBUG [main][MybatisConfiguration.java:128] - addMappedStatement: com.xuecheng.orders.mapper.XcOrdersMapper.selectObjs
2023-03-14 17:01:15,942 DEBUG [main][MybatisConfiguration.java:128] - addMappedStatement: com.xuecheng.orders.mapper.XcOrdersMapper.selectList
2023-03-14 17:01:15,942 DEBUG [main][MybatisConfiguration.java:128] - addMappedStatement: com.xuecheng.orders.mapper.XcOrdersMapper.selectList
2023-03-14 17:01:15,945 DEBUG [main][MybatisConfiguration.java:128] - addMappedStatement: com.xuecheng.orders.mapper.XcOrdersMapper.selectPage
2023-03-14 17:01:15,945 DEBUG [main][MybatisConfiguration.java:128] - addMappedStatement: com.xuecheng.orders.mapper.XcOrdersMapper.selectPage
2023-03-14 17:01:15,973 DEBUG [main][MybatisConfiguration.java:128] - addMappedStatement: com.xuecheng.orders.mapper.XcOrdersGoodsMapper.insert
2023-03-14 17:01:15,973 DEBUG [main][MybatisConfiguration.java:128] - addMappedStatement: com.xuecheng.orders.mapper.XcOrdersGoodsMapper.insert
2023-03-14 17:01:15,976 DEBUG [main][MybatisConfiguration.java:128] - addMappedStatement: com.xuecheng.orders.mapper.XcOrdersGoodsMapper.delete
2023-03-14 17:01:15,976 DEBUG [main][MybatisConfiguration.java:128] - addMappedStatement: com.xuecheng.orders.mapper.XcOrdersGoodsMapper.delete
2023-03-14 17:01:15,978 DEBUG [main][MybatisConfiguration.java:128] - addMappedStatement: com.xuecheng.orders.mapper.XcOrdersGoodsMapper.deleteByMap
2023-03-14 17:01:15,978 DEBUG [main][MybatisConfiguration.java:128] - addMappedStatement: com.xuecheng.orders.mapper.XcOrdersGoodsMapper.deleteByMap
2023-03-14 17:01:15,986 DEBUG [main][MybatisConfiguration.java:128] - addMappedStatement: com.xuecheng.orders.mapper.XcOrdersGoodsMapper.deleteById
2023-03-14 17:01:15,986 DEBUG [main][MybatisConfiguration.java:128] - addMappedStatement: com.xuecheng.orders.mapper.XcOrdersGoodsMapper.deleteById
2023-03-14 17:01:15,989 DEBUG [main][MybatisConfiguration.java:128] - addMappedStatement: com.xuecheng.orders.mapper.XcOrdersGoodsMapper.deleteBatchIds
2023-03-14 17:01:15,989 DEBUG [main][MybatisConfiguration.java:128] - addMappedStatement: com.xuecheng.orders.mapper.XcOrdersGoodsMapper.deleteBatchIds
2023-03-14 17:01:15,992 DEBUG [main][MybatisConfiguration.java:128] - addMappedStatement: com.xuecheng.orders.mapper.XcOrdersGoodsMapper.update
2023-03-14 17:01:15,992 DEBUG [main][MybatisConfiguration.java:128] - addMappedStatement: com.xuecheng.orders.mapper.XcOrdersGoodsMapper.update
2023-03-14 17:01:15,994 DEBUG [main][MybatisConfiguration.java:128] - addMappedStatement: com.xuecheng.orders.mapper.XcOrdersGoodsMapper.updateById
2023-03-14 17:01:15,994 DEBUG [main][MybatisConfiguration.java:128] - addMappedStatement: com.xuecheng.orders.mapper.XcOrdersGoodsMapper.updateById
2023-03-14 17:01:15,995 DEBUG [main][MybatisConfiguration.java:128] - addMappedStatement: com.xuecheng.orders.mapper.XcOrdersGoodsMapper.selectById
2023-03-14 17:01:15,995 DEBUG [main][MybatisConfiguration.java:128] - addMappedStatement: com.xuecheng.orders.mapper.XcOrdersGoodsMapper.selectById
2023-03-14 17:01:16,001 DEBUG [main][MybatisConfiguration.java:128] - addMappedStatement: com.xuecheng.orders.mapper.XcOrdersGoodsMapper.selectBatchIds
2023-03-14 17:01:16,001 DEBUG [main][MybatisConfiguration.java:128] - addMappedStatement: com.xuecheng.orders.mapper.XcOrdersGoodsMapper.selectBatchIds
2023-03-14 17:01:16,004 DEBUG [main][MybatisConfiguration.java:128] - addMappedStatement: com.xuecheng.orders.mapper.XcOrdersGoodsMapper.selectByMap
2023-03-14 17:01:16,004 DEBUG [main][MybatisConfiguration.java:128] - addMappedStatement: com.xuecheng.orders.mapper.XcOrdersGoodsMapper.selectByMap
2023-03-14 17:01:16,007 DEBUG [main][MybatisConfiguration.java:128] - addMappedStatement: com.xuecheng.orders.mapper.XcOrdersGoodsMapper.selectOne
2023-03-14 17:01:16,007 DEBUG [main][MybatisConfiguration.java:128] - addMappedStatement: com.xuecheng.orders.mapper.XcOrdersGoodsMapper.selectOne
2023-03-14 17:01:16,009 DEBUG [main][MybatisConfiguration.java:128] - addMappedStatement: com.xuecheng.orders.mapper.XcOrdersGoodsMapper.selectCount
2023-03-14 17:01:16,009 DEBUG [main][MybatisConfiguration.java:128] - addMappedStatement: com.xuecheng.orders.mapper.XcOrdersGoodsMapper.selectCount
2023-03-14 17:01:16,019 DEBUG [main][MybatisConfiguration.java:128] - addMappedStatement: com.xuecheng.orders.mapper.XcOrdersGoodsMapper.selectMaps
2023-03-14 17:01:16,019 DEBUG [main][MybatisConfiguration.java:128] - addMappedStatement: com.xuecheng.orders.mapper.XcOrdersGoodsMapper.selectMaps
2023-03-14 17:01:16,022 DEBUG [main][MybatisConfiguration.java:128] - addMappedStatement: com.xuecheng.orders.mapper.XcOrdersGoodsMapper.selectMapsPage
2023-03-14 17:01:16,022 DEBUG [main][MybatisConfiguration.java:128] - addMappedStatement: com.xuecheng.orders.mapper.XcOrdersGoodsMapper.selectMapsPage
2023-03-14 17:01:16,024 DEBUG [main][MybatisConfiguration.java:128] - addMappedStatement: com.xuecheng.orders.mapper.XcOrdersGoodsMapper.selectObjs
2023-03-14 17:01:16,024 DEBUG [main][MybatisConfiguration.java:128] - addMappedStatement: com.xuecheng.orders.mapper.XcOrdersGoodsMapper.selectObjs
2023-03-14 17:01:16,027 DEBUG [main][MybatisConfiguration.java:128] - addMappedStatement: com.xuecheng.orders.mapper.XcOrdersGoodsMapper.selectList
2023-03-14 17:01:16,027 DEBUG [main][MybatisConfiguration.java:128] - addMappedStatement: com.xuecheng.orders.mapper.XcOrdersGoodsMapper.selectList
2023-03-14 17:01:16,029 DEBUG [main][MybatisConfiguration.java:128] - addMappedStatement: com.xuecheng.orders.mapper.XcOrdersGoodsMapper.selectPage
2023-03-14 17:01:16,029 DEBUG [main][MybatisConfiguration.java:128] - addMappedStatement: com.xuecheng.orders.mapper.XcOrdersGoodsMapper.selectPage
2023-03-14 17:01:16,037 WARN [main][AbstractApplicationContext.java:559] - Exception encountered during context initialization - cancelling refresh attempt: org.springframework.beans.factory.UnsatisfiedDependencyException: Error creating bean with name 'orderServiceImpl': Unsatisfied dependency expressed through field 'mqMessageService'; nested exception is org.springframework.beans.factory.NoSuchBeanDefinitionException: No qualifying bean of type 'com.xuecheng.messagesdk.service.MqMessageService' available: expected at least 1 bean which qualifies as autowire candidate. Dependency annotations: {@org.springframework.beans.factory.annotation.Autowired(required=true)}
2023-03-14 17:01:16,037 WARN [main][AbstractApplicationContext.java:559] - Exception encountered during context initialization - cancelling refresh attempt: org.springframework.beans.factory.UnsatisfiedDependencyException: Error creating bean with name 'orderServiceImpl': Unsatisfied dependency expressed through field 'mqMessageService'; nested exception is org.springframework.beans.factory.NoSuchBeanDefinitionException: No qualifying bean of type 'com.xuecheng.messagesdk.service.MqMessageService' available: expected at least 1 bean which qualifies as autowire candidate. Dependency annotations: {@org.springframework.beans.factory.annotation.Autowired(required=true)}
2023-03-14 17:01:16,044 INFO [main][ConditionEvaluationReportLoggingListener.java:136] - 

Error starting ApplicationContext. To display the conditions report re-run your application with 'debug' enabled.
2023-03-14 17:01:16,044 INFO [main][ConditionEvaluationReportLoggingListener.java:136] - 

Error starting ApplicationContext. To display the conditions report re-run your application with 'debug' enabled.
2023-03-14 17:01:16,404 ERROR [main][LoggingFailureAnalysisReporter.java:40] - 

***************************
APPLICATION FAILED TO START
***************************

Description:

Field mqMessageService in com.xuecheng.orders.service.impl.OrderServiceImpl required a bean of type 'com.xuecheng.messagesdk.service.MqMessageService' that could not be found.

The injection point has the following annotations:
	- @org.springframework.beans.factory.annotation.Autowired(required=true)


Action:

Consider defining a bean of type 'com.xuecheng.messagesdk.service.MqMessageService' in your configuration.

2023-03-14 17:01:16,404 ERROR [main][LoggingFailureAnalysisReporter.java:40] - 

***************************
APPLICATION FAILED TO START
***************************

Description:

Field mqMessageService in com.xuecheng.orders.service.impl.OrderServiceImpl required a bean of type 'com.xuecheng.messagesdk.service.MqMessageService' that could not be found.

The injection point has the following annotations:
	- @org.springframework.beans.factory.annotation.Autowired(required=true)


Action:

Consider defining a bean of type 'com.xuecheng.messagesdk.service.MqMessageService' in your configuration.

2023-03-14 17:01:20,603 INFO [main][SpringApplication.java:655] - The following profiles are active: dev
2023-03-14 17:01:20,603 INFO [main][SpringApplication.java:655] - The following profiles are active: dev
2023-03-14 17:01:21,012 INFO [main][GenericScope.java:295] - BeanFactory id=d724963c-c089-3a3f-9a0d-c45626d5f9e0
2023-03-14 17:01:21,012 INFO [main][GenericScope.java:295] - BeanFactory id=d724963c-c089-3a3f-9a0d-c45626d5f9e0
2023-03-14 17:01:21,219 DEBUG [main][HikariConfig.java:946] - Driver class com.mysql.cj.jdbc.Driver found in Thread context class loader sun.misc.Launcher$AppClassLoader@18b4aac2
2023-03-14 17:01:21,219 DEBUG [main][HikariConfig.java:946] - Driver class com.mysql.cj.jdbc.Driver found in Thread context class loader sun.misc.Launcher$AppClassLoader@18b4aac2
2023-03-14 17:01:21,250 DEBUG [main][Logger.java:49] - Registered plugin: 'com.baomidou.mybatisplus.extension.plugins.MybatisPlusInterceptor@370ef50b'
2023-03-14 17:01:21,250 DEBUG [main][Logger.java:49] - Property 'mapperLocations' was not specified.
2023-03-14 17:01:21,250 DEBUG [main][Logger.java:49] - Registered plugin: 'com.baomidou.mybatisplus.extension.plugins.MybatisPlusInterceptor@370ef50b'
2023-03-14 17:01:21,250 DEBUG [main][Logger.java:49] - Property 'mapperLocations' was not specified.
2023-03-14 17:01:21,739 DEBUG [main][MybatisConfiguration.java:128] - addMappedStatement: com.xuecheng.orders.mapper.XcOrdersMapper.insert
2023-03-14 17:01:21,739 DEBUG [main][MybatisConfiguration.java:128] - addMappedStatement: com.xuecheng.orders.mapper.XcOrdersMapper.insert
2023-03-14 17:01:21,742 DEBUG [main][MybatisConfiguration.java:128] - addMappedStatement: com.xuecheng.orders.mapper.XcOrdersMapper.delete
2023-03-14 17:01:21,744 DEBUG [main][MybatisConfiguration.java:128] - addMappedStatement: com.xuecheng.orders.mapper.XcOrdersMapper.deleteByMap
2023-03-14 17:01:21,742 DEBUG [main][MybatisConfiguration.java:128] - addMappedStatement: com.xuecheng.orders.mapper.XcOrdersMapper.delete
2023-03-14 17:01:21,744 DEBUG [main][MybatisConfiguration.java:128] - addMappedStatement: com.xuecheng.orders.mapper.XcOrdersMapper.deleteByMap
2023-03-14 17:01:21,748 DEBUG [main][MybatisConfiguration.java:128] - addMappedStatement: com.xuecheng.orders.mapper.XcOrdersMapper.deleteById
2023-03-14 17:01:21,748 DEBUG [main][MybatisConfiguration.java:128] - addMappedStatement: com.xuecheng.orders.mapper.XcOrdersMapper.deleteById
2023-03-14 17:01:21,750 DEBUG [main][MybatisConfiguration.java:128] - addMappedStatement: com.xuecheng.orders.mapper.XcOrdersMapper.deleteBatchIds
2023-03-14 17:01:21,750 DEBUG [main][MybatisConfiguration.java:128] - addMappedStatement: com.xuecheng.orders.mapper.XcOrdersMapper.deleteBatchIds
2023-03-14 17:01:21,752 DEBUG [main][MybatisConfiguration.java:128] - addMappedStatement: com.xuecheng.orders.mapper.XcOrdersMapper.update
2023-03-14 17:01:21,752 DEBUG [main][MybatisConfiguration.java:128] - addMappedStatement: com.xuecheng.orders.mapper.XcOrdersMapper.update
2023-03-14 17:01:21,756 DEBUG [main][MybatisConfiguration.java:128] - addMappedStatement: com.xuecheng.orders.mapper.XcOrdersMapper.updateById
2023-03-14 17:01:21,757 DEBUG [main][MybatisConfiguration.java:128] - addMappedStatement: com.xuecheng.orders.mapper.XcOrdersMapper.selectById
2023-03-14 17:01:21,756 DEBUG [main][MybatisConfiguration.java:128] - addMappedStatement: com.xuecheng.orders.mapper.XcOrdersMapper.updateById
2023-03-14 17:01:21,757 DEBUG [main][MybatisConfiguration.java:128] - addMappedStatement: com.xuecheng.orders.mapper.XcOrdersMapper.selectById
2023-03-14 17:01:21,761 DEBUG [main][MybatisConfiguration.java:128] - addMappedStatement: com.xuecheng.orders.mapper.XcOrdersMapper.selectBatchIds
2023-03-14 17:01:21,761 DEBUG [main][MybatisConfiguration.java:128] - addMappedStatement: com.xuecheng.orders.mapper.XcOrdersMapper.selectBatchIds
2023-03-14 17:01:21,764 DEBUG [main][MybatisConfiguration.java:128] - addMappedStatement: com.xuecheng.orders.mapper.XcOrdersMapper.selectByMap
2023-03-14 17:01:21,764 DEBUG [main][MybatisConfiguration.java:128] - addMappedStatement: com.xuecheng.orders.mapper.XcOrdersMapper.selectByMap
2023-03-14 17:01:21,768 DEBUG [main][MybatisConfiguration.java:128] - addMappedStatement: com.xuecheng.orders.mapper.XcOrdersMapper.selectOne
2023-03-14 17:01:21,768 DEBUG [main][MybatisConfiguration.java:128] - addMappedStatement: com.xuecheng.orders.mapper.XcOrdersMapper.selectOne
2023-03-14 17:01:21,771 DEBUG [main][MybatisConfiguration.java:128] - addMappedStatement: com.xuecheng.orders.mapper.XcOrdersMapper.selectCount
2023-03-14 17:01:21,771 DEBUG [main][MybatisConfiguration.java:128] - addMappedStatement: com.xuecheng.orders.mapper.XcOrdersMapper.selectCount
2023-03-14 17:01:21,774 DEBUG [main][MybatisConfiguration.java:128] - addMappedStatement: com.xuecheng.orders.mapper.XcOrdersMapper.selectMaps
2023-03-14 17:01:21,774 DEBUG [main][MybatisConfiguration.java:128] - addMappedStatement: com.xuecheng.orders.mapper.XcOrdersMapper.selectMaps
2023-03-14 17:01:21,779 DEBUG [main][MybatisConfiguration.java:128] - addMappedStatement: com.xuecheng.orders.mapper.XcOrdersMapper.selectMapsPage
2023-03-14 17:01:21,779 DEBUG [main][MybatisConfiguration.java:128] - addMappedStatement: com.xuecheng.orders.mapper.XcOrdersMapper.selectMapsPage
2023-03-14 17:01:21,792 DEBUG [main][MybatisConfiguration.java:128] - addMappedStatement: com.xuecheng.orders.mapper.XcOrdersMapper.selectObjs
2023-03-14 17:01:21,792 DEBUG [main][MybatisConfiguration.java:128] - addMappedStatement: com.xuecheng.orders.mapper.XcOrdersMapper.selectObjs
2023-03-14 17:01:21,796 DEBUG [main][MybatisConfiguration.java:128] - addMappedStatement: com.xuecheng.orders.mapper.XcOrdersMapper.selectList
2023-03-14 17:01:21,796 DEBUG [main][MybatisConfiguration.java:128] - addMappedStatement: com.xuecheng.orders.mapper.XcOrdersMapper.selectList
2023-03-14 17:01:21,802 DEBUG [main][MybatisConfiguration.java:128] - addMappedStatement: com.xuecheng.orders.mapper.XcOrdersMapper.selectPage
2023-03-14 17:01:21,802 DEBUG [main][MybatisConfiguration.java:128] - addMappedStatement: com.xuecheng.orders.mapper.XcOrdersMapper.selectPage
2023-03-14 17:01:21,824 DEBUG [main][MybatisConfiguration.java:128] - addMappedStatement: com.xuecheng.orders.mapper.XcOrdersGoodsMapper.insert
2023-03-14 17:01:21,824 DEBUG [main][MybatisConfiguration.java:128] - addMappedStatement: com.xuecheng.orders.mapper.XcOrdersGoodsMapper.insert
2023-03-14 17:01:21,828 DEBUG [main][MybatisConfiguration.java:128] - addMappedStatement: com.xuecheng.orders.mapper.XcOrdersGoodsMapper.delete
2023-03-14 17:01:21,828 DEBUG [main][MybatisConfiguration.java:128] - addMappedStatement: com.xuecheng.orders.mapper.XcOrdersGoodsMapper.delete
2023-03-14 17:01:21,835 DEBUG [main][MybatisConfiguration.java:128] - addMappedStatement: com.xuecheng.orders.mapper.XcOrdersGoodsMapper.deleteByMap
2023-03-14 17:01:21,835 DEBUG [main][MybatisConfiguration.java:128] - addMappedStatement: com.xuecheng.orders.mapper.XcOrdersGoodsMapper.deleteByMap
2023-03-14 17:01:21,839 DEBUG [main][MybatisConfiguration.java:128] - addMappedStatement: com.xuecheng.orders.mapper.XcOrdersGoodsMapper.deleteById
2023-03-14 17:01:21,839 DEBUG [main][MybatisConfiguration.java:128] - addMappedStatement: com.xuecheng.orders.mapper.XcOrdersGoodsMapper.deleteById
2023-03-14 17:01:21,842 DEBUG [main][MybatisConfiguration.java:128] - addMappedStatement: com.xuecheng.orders.mapper.XcOrdersGoodsMapper.deleteBatchIds
2023-03-14 17:01:21,842 DEBUG [main][MybatisConfiguration.java:128] - addMappedStatement: com.xuecheng.orders.mapper.XcOrdersGoodsMapper.deleteBatchIds
2023-03-14 17:01:21,845 DEBUG [main][MybatisConfiguration.java:128] - addMappedStatement: com.xuecheng.orders.mapper.XcOrdersGoodsMapper.update
2023-03-14 17:01:21,845 DEBUG [main][MybatisConfiguration.java:128] - addMappedStatement: com.xuecheng.orders.mapper.XcOrdersGoodsMapper.update
2023-03-14 17:01:21,852 DEBUG [main][MybatisConfiguration.java:128] - addMappedStatement: com.xuecheng.orders.mapper.XcOrdersGoodsMapper.updateById
2023-03-14 17:01:21,852 DEBUG [main][MybatisConfiguration.java:128] - addMappedStatement: com.xuecheng.orders.mapper.XcOrdersGoodsMapper.updateById
2023-03-14 17:01:21,853 DEBUG [main][MybatisConfiguration.java:128] - addMappedStatement: com.xuecheng.orders.mapper.XcOrdersGoodsMapper.selectById
2023-03-14 17:01:21,853 DEBUG [main][MybatisConfiguration.java:128] - addMappedStatement: com.xuecheng.orders.mapper.XcOrdersGoodsMapper.selectById
2023-03-14 17:01:21,857 DEBUG [main][MybatisConfiguration.java:128] - addMappedStatement: com.xuecheng.orders.mapper.XcOrdersGoodsMapper.selectBatchIds
2023-03-14 17:01:21,857 DEBUG [main][MybatisConfiguration.java:128] - addMappedStatement: com.xuecheng.orders.mapper.XcOrdersGoodsMapper.selectBatchIds
2023-03-14 17:01:21,859 DEBUG [main][MybatisConfiguration.java:128] - addMappedStatement: com.xuecheng.orders.mapper.XcOrdersGoodsMapper.selectByMap
2023-03-14 17:01:21,859 DEBUG [main][MybatisConfiguration.java:128] - addMappedStatement: com.xuecheng.orders.mapper.XcOrdersGoodsMapper.selectByMap
2023-03-14 17:01:21,862 DEBUG [main][MybatisConfiguration.java:128] - addMappedStatement: com.xuecheng.orders.mapper.XcOrdersGoodsMapper.selectOne
2023-03-14 17:01:21,862 DEBUG [main][MybatisConfiguration.java:128] - addMappedStatement: com.xuecheng.orders.mapper.XcOrdersGoodsMapper.selectOne
2023-03-14 17:01:21,866 DEBUG [main][MybatisConfiguration.java:128] - addMappedStatement: com.xuecheng.orders.mapper.XcOrdersGoodsMapper.selectCount
2023-03-14 17:01:21,866 DEBUG [main][MybatisConfiguration.java:128] - addMappedStatement: com.xuecheng.orders.mapper.XcOrdersGoodsMapper.selectCount
2023-03-14 17:01:21,869 DEBUG [main][MybatisConfiguration.java:128] - addMappedStatement: com.xuecheng.orders.mapper.XcOrdersGoodsMapper.selectMaps
2023-03-14 17:01:21,869 DEBUG [main][MybatisConfiguration.java:128] - addMappedStatement: com.xuecheng.orders.mapper.XcOrdersGoodsMapper.selectMaps
2023-03-14 17:01:21,871 DEBUG [main][MybatisConfiguration.java:128] - addMappedStatement: com.xuecheng.orders.mapper.XcOrdersGoodsMapper.selectMapsPage
2023-03-14 17:01:21,871 DEBUG [main][MybatisConfiguration.java:128] - addMappedStatement: com.xuecheng.orders.mapper.XcOrdersGoodsMapper.selectMapsPage
2023-03-14 17:01:21,874 DEBUG [main][MybatisConfiguration.java:128] - addMappedStatement: com.xuecheng.orders.mapper.XcOrdersGoodsMapper.selectObjs
2023-03-14 17:01:21,874 DEBUG [main][MybatisConfiguration.java:128] - addMappedStatement: com.xuecheng.orders.mapper.XcOrdersGoodsMapper.selectObjs
2023-03-14 17:01:21,876 DEBUG [main][MybatisConfiguration.java:128] - addMappedStatement: com.xuecheng.orders.mapper.XcOrdersGoodsMapper.selectList
2023-03-14 17:01:21,876 DEBUG [main][MybatisConfiguration.java:128] - addMappedStatement: com.xuecheng.orders.mapper.XcOrdersGoodsMapper.selectList
2023-03-14 17:01:21,878 DEBUG [main][MybatisConfiguration.java:128] - addMappedStatement: com.xuecheng.orders.mapper.XcOrdersGoodsMapper.selectPage
2023-03-14 17:01:21,878 DEBUG [main][MybatisConfiguration.java:128] - addMappedStatement: com.xuecheng.orders.mapper.XcOrdersGoodsMapper.selectPage
2023-03-14 17:01:21,881 WARN [main][AbstractApplicationContext.java:559] - Exception encountered during context initialization - cancelling refresh attempt: org.springframework.beans.factory.UnsatisfiedDependencyException: Error creating bean with name 'orderServiceImpl': Unsatisfied dependency expressed through field 'mqMessageService'; nested exception is org.springframework.beans.factory.NoSuchBeanDefinitionException: No qualifying bean of type 'com.xuecheng.messagesdk.service.MqMessageService' available: expected at least 1 bean which qualifies as autowire candidate. Dependency annotations: {@org.springframework.beans.factory.annotation.Autowired(required=true)}
2023-03-14 17:01:21,881 WARN [main][AbstractApplicationContext.java:559] - Exception encountered during context initialization - cancelling refresh attempt: org.springframework.beans.factory.UnsatisfiedDependencyException: Error creating bean with name 'orderServiceImpl': Unsatisfied dependency expressed through field 'mqMessageService'; nested exception is org.springframework.beans.factory.NoSuchBeanDefinitionException: No qualifying bean of type 'com.xuecheng.messagesdk.service.MqMessageService' available: expected at least 1 bean which qualifies as autowire candidate. Dependency annotations: {@org.springframework.beans.factory.annotation.Autowired(required=true)}
2023-03-14 17:01:21,886 INFO [main][ConditionEvaluationReportLoggingListener.java:136] - 

Error starting ApplicationContext. To display the conditions report re-run your application with 'debug' enabled.
2023-03-14 17:01:21,886 INFO [main][ConditionEvaluationReportLoggingListener.java:136] - 

Error starting ApplicationContext. To display the conditions report re-run your application with 'debug' enabled.
2023-03-14 17:01:22,418 ERROR [main][LoggingFailureAnalysisReporter.java:40] - 

***************************
APPLICATION FAILED TO START
***************************

Description:

Field mqMessageService in com.xuecheng.orders.service.impl.OrderServiceImpl required a bean of type 'com.xuecheng.messagesdk.service.MqMessageService' that could not be found.

The injection point has the following annotations:
	- @org.springframework.beans.factory.annotation.Autowired(required=true)


Action:

Consider defining a bean of type 'com.xuecheng.messagesdk.service.MqMessageService' in your configuration.

2023-03-14 17:01:22,418 ERROR [main][LoggingFailureAnalysisReporter.java:40] - 

***************************
APPLICATION FAILED TO START
***************************

Description:

Field mqMessageService in com.xuecheng.orders.service.impl.OrderServiceImpl required a bean of type 'com.xuecheng.messagesdk.service.MqMessageService' that could not be found.

The injection point has the following annotations:
	- @org.springframework.beans.factory.annotation.Autowired(required=true)


Action:

Consider defining a bean of type 'com.xuecheng.messagesdk.service.MqMessageService' in your configuration.

2023-03-14 17:01:22,419 ERROR [main][TestContextManager.java:248] - Caught exception while allowing TestExecutionListener [org.springframework.boot.test.autoconfigure.SpringBootDependencyInjectionTestExecutionListener@251c90f] to prepare test instance [com.xuecheng.orders.AliPayTest@6629643d]
java.lang.IllegalStateException: Failed to load ApplicationContext
	at org.springframework.test.context.cache.DefaultCacheAwareContextLoaderDelegate.loadContext(DefaultCacheAwareContextLoaderDelegate.java:132)
	at org.springframework.test.context.support.DefaultTestContext.getApplicationContext(DefaultTestContext.java:123)
	at org.springframework.test.context.support.DependencyInjectionTestExecutionListener.injectDependencies(DependencyInjectionTestExecutionListener.java:118)
	at org.springframework.test.context.support.DependencyInjectionTestExecutionListener.prepareTestInstance(DependencyInjectionTestExecutionListener.java:83)
	at org.springframework.boot.test.autoconfigure.SpringBootDependencyInjectionTestExecutionListener.prepareTestInstance(SpringBootDependencyInjectionTestExecutionListener.java:43)
	at org.springframework.test.context.TestContextManager.prepareTestInstance(TestContextManager.java:244)
	at org.springframework.test.context.junit.jupiter.SpringExtension.postProcessTestInstance(SpringExtension.java:98)
	at org.junit.jupiter.engine.descriptor.ClassBasedTestDescriptor.lambda$invokeTestInstancePostProcessors$5(ClassBasedTestDescriptor.java:341)
	at org.junit.jupiter.engine.descriptor.ClassBasedTestDescriptor.executeAndMaskThrowable(ClassBasedTestDescriptor.java:346)
	at org.junit.jupiter.engine.descriptor.ClassBasedTestDescriptor.lambda$invokeTestInstancePostProcessors$6(ClassBasedTestDescriptor.java:341)
	at java.util.stream.ReferencePipeline$3$1.accept(ReferencePipeline.java:193)
	at java.util.stream.ReferencePipeline$2$1.accept(ReferencePipeline.java:175)
	at java.util.ArrayList$ArrayListSpliterator.forEachRemaining(ArrayList.java:1374)
	at java.util.stream.AbstractPipeline.copyInto(AbstractPipeline.java:481)
	at java.util.stream.AbstractPipeline.wrapAndCopyInto(AbstractPipeline.java:471)
	at java.util.stream.StreamSpliterators$WrappingSpliterator.forEachRemaining(StreamSpliterators.java:312)
	at java.util.stream.Streams$ConcatSpliterator.forEachRemaining(Streams.java:743)
	at java.util.stream.Streams$ConcatSpliterator.forEachRemaining(Streams.java:742)
	at java.util.stream.ReferencePipeline$Head.forEach(ReferencePipeline.java:580)
	at org.junit.jupiter.engine.descriptor.ClassBasedTestDescriptor.invokeTestInstancePostProcessors(ClassBasedTestDescriptor.java:340)
	at org.junit.jupiter.engine.descriptor.ClassBasedTestDescriptor.instantiateAndPostProcessTestInstance(ClassBasedTestDescriptor.java:263)
	at org.junit.jupiter.engine.descriptor.ClassBasedTestDescriptor.lambda$testInstancesProvider$2(ClassBasedTestDescriptor.java:256)
	at java.util.Optional.orElseGet(Optional.java:267)
	at org.junit.jupiter.engine.descriptor.ClassBasedTestDescriptor.lambda$testInstancesProvider$3(ClassBasedTestDescriptor.java:255)
	at org.junit.jupiter.engine.execution.TestInstancesProvider.getTestInstances(TestInstancesProvider.java:29)
	at org.junit.jupiter.engine.descriptor.TestMethodTestDescriptor.lambda$prepare$0(TestMethodTestDescriptor.java:108)
	at org.junit.platform.engine.support.hierarchical.ThrowableCollector.execute(ThrowableCollector.java:73)
	at org.junit.jupiter.engine.descriptor.TestMethodTestDescriptor.prepare(TestMethodTestDescriptor.java:107)
	at org.junit.jupiter.engine.descriptor.TestMethodTestDescriptor.prepare(TestMethodTestDescriptor.java:71)
	at org.junit.platform.engine.support.hierarchical.NodeTestTask.lambda$prepare$1(NodeTestTask.java:107)
	at org.junit.platform.engine.support.hierarchical.ThrowableCollector.execute(ThrowableCollector.java:73)
	at org.junit.platform.engine.support.hierarchical.NodeTestTask.prepare(NodeTestTask.java:107)
	at org.junit.platform.engine.support.hierarchical.NodeTestTask.execute(NodeTestTask.java:75)
	at java.util.ArrayList.forEach(ArrayList.java:1249)
	at org.junit.platform.engine.support.hierarchical.SameThreadHierarchicalTestExecutorService.invokeAll(SameThreadHierarchicalTestExecutorService.java:38)
	at org.junit.platform.engine.support.hierarchical.NodeTestTask.lambda$executeRecursively$5(NodeTestTask.java:139)
	at org.junit.platform.engine.support.hierarchical.ThrowableCollector.execute(ThrowableCollector.java:73)
	at org.junit.platform.engine.support.hierarchical.NodeTestTask.lambda$executeRecursively$7(NodeTestTask.java:125)
	at org.junit.platform.engine.support.hierarchical.Node.around(Node.java:135)
	at org.junit.platform.engine.support.hierarchical.NodeTestTask.lambda$executeRecursively$8(NodeTestTask.java:123)
	at org.junit.platform.engine.support.hierarchical.ThrowableCollector.execute(ThrowableCollector.java:73)
	at org.junit.platform.engine.support.hierarchical.NodeTestTask.executeRecursively(NodeTestTask.java:122)
	at org.junit.platform.engine.support.hierarchical.NodeTestTask.execute(NodeTestTask.java:80)
	at java.util.ArrayList.forEach(ArrayList.java:1249)
	at org.junit.platform.engine.support.hierarchical.SameThreadHierarchicalTestExecutorService.invokeAll(SameThreadHierarchicalTestExecutorService.java:38)
	at org.junit.platform.engine.support.hierarchical.NodeTestTask.lambda$executeRecursively$5(NodeTestTask.java:139)
	at org.junit.platform.engine.support.hierarchical.ThrowableCollector.execute(ThrowableCollector.java:73)
	at org.junit.platform.engine.support.hierarchical.NodeTestTask.lambda$executeRecursively$7(NodeTestTask.java:125)
	at org.junit.platform.engine.support.hierarchical.Node.around(Node.java:135)
	at org.junit.platform.engine.support.hierarchical.NodeTestTask.lambda$executeRecursively$8(NodeTestTask.java:123)
	at org.junit.platform.engine.support.hierarchical.ThrowableCollector.execute(ThrowableCollector.java:73)
	at org.junit.platform.engine.support.hierarchical.NodeTestTask.executeRecursively(NodeTestTask.java:122)
	at org.junit.platform.engine.support.hierarchical.NodeTestTask.execute(NodeTestTask.java:80)
	at org.junit.platform.engine.support.hierarchical.SameThreadHierarchicalTestExecutorService.submit(SameThreadHierarchicalTestExecutorService.java:32)
	at org.junit.platform.engine.support.hierarchical.HierarchicalTestExecutor.execute(HierarchicalTestExecutor.java:57)
	at org.junit.platform.engine.support.hierarchical.HierarchicalTestEngine.execute(HierarchicalTestEngine.java:51)
	at org.junit.platform.launcher.core.DefaultLauncher.execute(DefaultLauncher.java:248)
	at org.junit.platform.launcher.core.DefaultLauncher.lambda$execute$5(DefaultLauncher.java:211)
	at org.junit.platform.launcher.core.DefaultLauncher.withInterceptedStreams(DefaultLauncher.java:226)
	at org.junit.platform.launcher.core.DefaultLauncher.execute(DefaultLauncher.java:199)
	at org.junit.platform.launcher.core.DefaultLauncher.execute(DefaultLauncher.java:132)
	at com.intellij.junit5.JUnit5IdeaTestRunner.startRunnerWithArgs(JUnit5IdeaTestRunner.java:71)
	at com.intellij.rt.junit.IdeaTestRunner$Repeater.startRunnerWithArgs(IdeaTestRunner.java:33)
	at com.intellij.rt.junit.JUnitStarter.prepareStreamsAndStart(JUnitStarter.java:220)
	at com.intellij.rt.junit.JUnitStarter.main(JUnitStarter.java:53)
Caused by: org.springframework.beans.factory.UnsatisfiedDependencyException: Error creating bean with name 'orderServiceImpl': Unsatisfied dependency expressed through field 'mqMessageService'; nested exception is org.springframework.beans.factory.NoSuchBeanDefinitionException: No qualifying bean of type 'com.xuecheng.messagesdk.service.MqMessageService' available: expected at least 1 bean which qualifies as autowire candidate. Dependency annotations: {@org.springframework.beans.factory.annotation.Autowired(required=true)}
	at org.springframework.beans.factory.annotation.AutowiredAnnotationBeanPostProcessor$AutowiredFieldElement.inject(AutowiredAnnotationBeanPostProcessor.java:643)
	at org.springframework.beans.factory.annotation.InjectionMetadata.inject(InjectionMetadata.java:119)
	at org.springframework.beans.factory.annotation.AutowiredAnnotationBeanPostProcessor.postProcessProperties(AutowiredAnnotationBeanPostProcessor.java:399)
	at org.springframework.beans.factory.support.AbstractAutowireCapableBeanFactory.populateBean(AbstractAutowireCapableBeanFactory.java:1420)
	at org.springframework.beans.factory.support.AbstractAutowireCapableBeanFactory.doCreateBean(AbstractAutowireCapableBeanFactory.java:593)
	at org.springframework.beans.factory.support.AbstractAutowireCapableBeanFactory.createBean(AbstractAutowireCapableBeanFactory.java:516)
	at org.springframework.beans.factory.support.AbstractBeanFactory.lambda$doGetBean$0(AbstractBeanFactory.java:324)
	at org.springframework.beans.factory.support.DefaultSingletonBeanRegistry.getSingleton(DefaultSingletonBeanRegistry.java:234)
	at org.springframework.beans.factory.support.AbstractBeanFactory.doGetBean(AbstractBeanFactory.java:322)
	at org.springframework.beans.factory.support.AbstractBeanFactory.getBean(AbstractBeanFactory.java:202)
	at org.springframework.beans.factory.support.DefaultListableBeanFactory.preInstantiateSingletons(DefaultListableBeanFactory.java:897)
	at org.springframework.context.support.AbstractApplicationContext.finishBeanFactoryInitialization(AbstractApplicationContext.java:879)
	at org.springframework.context.support.AbstractApplicationContext.refresh(AbstractApplicationContext.java:551)
	at org.springframework.boot.SpringApplication.refresh(SpringApplication.java:758)
	at org.springframework.boot.SpringApplication.refresh(SpringApplication.java:750)
	at org.springframework.boot.SpringApplication.refreshContext(SpringApplication.java:405)
	at org.springframework.boot.SpringApplication.run(SpringApplication.java:315)
	at org.springframework.boot.test.context.SpringBootContextLoader.loadContext(SpringBootContextLoader.java:120)
	at org.springframework.test.context.cache.DefaultCacheAwareContextLoaderDelegate.loadContextInternal(DefaultCacheAwareContextLoaderDelegate.java:99)
	at org.springframework.test.context.cache.DefaultCacheAwareContextLoaderDelegate.loadContext(DefaultCacheAwareContextLoaderDelegate.java:124)
	... 64 more
Caused by: org.springframework.beans.factory.NoSuchBeanDefinitionException: No qualifying bean of type 'com.xuecheng.messagesdk.service.MqMessageService' available: expected at least 1 bean which qualifies as autowire candidate. Dependency annotations: {@org.springframework.beans.factory.annotation.Autowired(required=true)}
	at org.springframework.beans.factory.support.DefaultListableBeanFactory.raiseNoMatchingBeanFound(DefaultListableBeanFactory.java:1717)
	at org.springframework.beans.factory.support.DefaultListableBeanFactory.doResolveDependency(DefaultListableBeanFactory.java:1273)
	at org.springframework.beans.factory.support.DefaultListableBeanFactory.resolveDependency(DefaultListableBeanFactory.java:1227)
	at org.springframework.beans.factory.annotation.AutowiredAnnotationBeanPostProcessor$AutowiredFieldElement.inject(AutowiredAnnotationBeanPostProcessor.java:640)
	... 83 more
2023-03-14 17:01:22,419 ERROR [main][TestContextManager.java:248] - Caught exception while allowing TestExecutionListener [org.springframework.boot.test.autoconfigure.SpringBootDependencyInjectionTestExecutionListener@251c90f] to prepare test instance [com.xuecheng.orders.AliPayTest@6629643d]
java.lang.IllegalStateException: Failed to load ApplicationContext
	at org.springframework.test.context.cache.DefaultCacheAwareContextLoaderDelegate.loadContext(DefaultCacheAwareContextLoaderDelegate.java:132)
	at org.springframework.test.context.support.DefaultTestContext.getApplicationContext(DefaultTestContext.java:123)
	at org.springframework.test.context.support.DependencyInjectionTestExecutionListener.injectDependencies(DependencyInjectionTestExecutionListener.java:118)
	at org.springframework.test.context.support.DependencyInjectionTestExecutionListener.prepareTestInstance(DependencyInjectionTestExecutionListener.java:83)
	at org.springframework.boot.test.autoconfigure.SpringBootDependencyInjectionTestExecutionListener.prepareTestInstance(SpringBootDependencyInjectionTestExecutionListener.java:43)
	at org.springframework.test.context.TestContextManager.prepareTestInstance(TestContextManager.java:244)
	at org.springframework.test.context.junit.jupiter.SpringExtension.postProcessTestInstance(SpringExtension.java:98)
	at org.junit.jupiter.engine.descriptor.ClassBasedTestDescriptor.lambda$invokeTestInstancePostProcessors$5(ClassBasedTestDescriptor.java:341)
	at org.junit.jupiter.engine.descriptor.ClassBasedTestDescriptor.executeAndMaskThrowable(ClassBasedTestDescriptor.java:346)
	at org.junit.jupiter.engine.descriptor.ClassBasedTestDescriptor.lambda$invokeTestInstancePostProcessors$6(ClassBasedTestDescriptor.java:341)
	at java.util.stream.ReferencePipeline$3$1.accept(ReferencePipeline.java:193)
	at java.util.stream.ReferencePipeline$2$1.accept(ReferencePipeline.java:175)
	at java.util.ArrayList$ArrayListSpliterator.forEachRemaining(ArrayList.java:1374)
	at java.util.stream.AbstractPipeline.copyInto(AbstractPipeline.java:481)
	at java.util.stream.AbstractPipeline.wrapAndCopyInto(AbstractPipeline.java:471)
	at java.util.stream.StreamSpliterators$WrappingSpliterator.forEachRemaining(StreamSpliterators.java:312)
	at java.util.stream.Streams$ConcatSpliterator.forEachRemaining(Streams.java:743)
	at java.util.stream.Streams$ConcatSpliterator.forEachRemaining(Streams.java:742)
	at java.util.stream.ReferencePipeline$Head.forEach(ReferencePipeline.java:580)
	at org.junit.jupiter.engine.descriptor.ClassBasedTestDescriptor.invokeTestInstancePostProcessors(ClassBasedTestDescriptor.java:340)
	at org.junit.jupiter.engine.descriptor.ClassBasedTestDescriptor.instantiateAndPostProcessTestInstance(ClassBasedTestDescriptor.java:263)
	at org.junit.jupiter.engine.descriptor.ClassBasedTestDescriptor.lambda$testInstancesProvider$2(ClassBasedTestDescriptor.java:256)
	at java.util.Optional.orElseGet(Optional.java:267)
	at org.junit.jupiter.engine.descriptor.ClassBasedTestDescriptor.lambda$testInstancesProvider$3(ClassBasedTestDescriptor.java:255)
	at org.junit.jupiter.engine.execution.TestInstancesProvider.getTestInstances(TestInstancesProvider.java:29)
	at org.junit.jupiter.engine.descriptor.TestMethodTestDescriptor.lambda$prepare$0(TestMethodTestDescriptor.java:108)
	at org.junit.platform.engine.support.hierarchical.ThrowableCollector.execute(ThrowableCollector.java:73)
	at org.junit.jupiter.engine.descriptor.TestMethodTestDescriptor.prepare(TestMethodTestDescriptor.java:107)
	at org.junit.jupiter.engine.descriptor.TestMethodTestDescriptor.prepare(TestMethodTestDescriptor.java:71)
	at org.junit.platform.engine.support.hierarchical.NodeTestTask.lambda$prepare$1(NodeTestTask.java:107)
	at org.junit.platform.engine.support.hierarchical.ThrowableCollector.execute(ThrowableCollector.java:73)
	at org.junit.platform.engine.support.hierarchical.NodeTestTask.prepare(NodeTestTask.java:107)
	at org.junit.platform.engine.support.hierarchical.NodeTestTask.execute(NodeTestTask.java:75)
	at java.util.ArrayList.forEach(ArrayList.java:1249)
	at org.junit.platform.engine.support.hierarchical.SameThreadHierarchicalTestExecutorService.invokeAll(SameThreadHierarchicalTestExecutorService.java:38)
	at org.junit.platform.engine.support.hierarchical.NodeTestTask.lambda$executeRecursively$5(NodeTestTask.java:139)
	at org.junit.platform.engine.support.hierarchical.ThrowableCollector.execute(ThrowableCollector.java:73)
	at org.junit.platform.engine.support.hierarchical.NodeTestTask.lambda$executeRecursively$7(NodeTestTask.java:125)
	at org.junit.platform.engine.support.hierarchical.Node.around(Node.java:135)
	at org.junit.platform.engine.support.hierarchical.NodeTestTask.lambda$executeRecursively$8(NodeTestTask.java:123)
	at org.junit.platform.engine.support.hierarchical.ThrowableCollector.execute(ThrowableCollector.java:73)
	at org.junit.platform.engine.support.hierarchical.NodeTestTask.executeRecursively(NodeTestTask.java:122)
	at org.junit.platform.engine.support.hierarchical.NodeTestTask.execute(NodeTestTask.java:80)
	at java.util.ArrayList.forEach(ArrayList.java:1249)
	at org.junit.platform.engine.support.hierarchical.SameThreadHierarchicalTestExecutorService.invokeAll(SameThreadHierarchicalTestExecutorService.java:38)
	at org.junit.platform.engine.support.hierarchical.NodeTestTask.lambda$executeRecursively$5(NodeTestTask.java:139)
	at org.junit.platform.engine.support.hierarchical.ThrowableCollector.execute(ThrowableCollector.java:73)
	at org.junit.platform.engine.support.hierarchical.NodeTestTask.lambda$executeRecursively$7(NodeTestTask.java:125)
	at org.junit.platform.engine.support.hierarchical.Node.around(Node.java:135)
	at org.junit.platform.engine.support.hierarchical.NodeTestTask.lambda$executeRecursively$8(NodeTestTask.java:123)
	at org.junit.platform.engine.support.hierarchical.ThrowableCollector.execute(ThrowableCollector.java:73)
	at org.junit.platform.engine.support.hierarchical.NodeTestTask.executeRecursively(NodeTestTask.java:122)
	at org.junit.platform.engine.support.hierarchical.NodeTestTask.execute(NodeTestTask.java:80)
	at org.junit.platform.engine.support.hierarchical.SameThreadHierarchicalTestExecutorService.submit(SameThreadHierarchicalTestExecutorService.java:32)
	at org.junit.platform.engine.support.hierarchical.HierarchicalTestExecutor.execute(HierarchicalTestExecutor.java:57)
	at org.junit.platform.engine.support.hierarchical.HierarchicalTestEngine.execute(HierarchicalTestEngine.java:51)
	at org.junit.platform.launcher.core.DefaultLauncher.execute(DefaultLauncher.java:248)
	at org.junit.platform.launcher.core.DefaultLauncher.lambda$execute$5(DefaultLauncher.java:211)
	at org.junit.platform.launcher.core.DefaultLauncher.withInterceptedStreams(DefaultLauncher.java:226)
	at org.junit.platform.launcher.core.DefaultLauncher.execute(DefaultLauncher.java:199)
	at org.junit.platform.launcher.core.DefaultLauncher.execute(DefaultLauncher.java:132)
	at com.intellij.junit5.JUnit5IdeaTestRunner.startRunnerWithArgs(JUnit5IdeaTestRunner.java:71)
	at com.intellij.rt.junit.IdeaTestRunner$Repeater.startRunnerWithArgs(IdeaTestRunner.java:33)
	at com.intellij.rt.junit.JUnitStarter.prepareStreamsAndStart(JUnitStarter.java:220)
	at com.intellij.rt.junit.JUnitStarter.main(JUnitStarter.java:53)
Caused by: org.springframework.beans.factory.UnsatisfiedDependencyException: Error creating bean with name 'orderServiceImpl': Unsatisfied dependency expressed through field 'mqMessageService'; nested exception is org.springframework.beans.factory.NoSuchBeanDefinitionException: No qualifying bean of type 'com.xuecheng.messagesdk.service.MqMessageService' available: expected at least 1 bean which qualifies as autowire candidate. Dependency annotations: {@org.springframework.beans.factory.annotation.Autowired(required=true)}
	at org.springframework.beans.factory.annotation.AutowiredAnnotationBeanPostProcessor$AutowiredFieldElement.inject(AutowiredAnnotationBeanPostProcessor.java:643)
	at org.springframework.beans.factory.annotation.InjectionMetadata.inject(InjectionMetadata.java:119)
	at org.springframework.beans.factory.annotation.AutowiredAnnotationBeanPostProcessor.postProcessProperties(AutowiredAnnotationBeanPostProcessor.java:399)
	at org.springframework.beans.factory.support.AbstractAutowireCapableBeanFactory.populateBean(AbstractAutowireCapableBeanFactory.java:1420)
	at org.springframework.beans.factory.support.AbstractAutowireCapableBeanFactory.doCreateBean(AbstractAutowireCapableBeanFactory.java:593)
	at org.springframework.beans.factory.support.AbstractAutowireCapableBeanFactory.createBean(AbstractAutowireCapableBeanFactory.java:516)
	at org.springframework.beans.factory.support.AbstractBeanFactory.lambda$doGetBean$0(AbstractBeanFactory.java:324)
	at org.springframework.beans.factory.support.DefaultSingletonBeanRegistry.getSingleton(DefaultSingletonBeanRegistry.java:234)
	at org.springframework.beans.factory.support.AbstractBeanFactory.doGetBean(AbstractBeanFactory.java:322)
	at org.springframework.beans.factory.support.AbstractBeanFactory.getBean(AbstractBeanFactory.java:202)
	at org.springframework.beans.factory.support.DefaultListableBeanFactory.preInstantiateSingletons(DefaultListableBeanFactory.java:897)
	at org.springframework.context.support.AbstractApplicationContext.finishBeanFactoryInitialization(AbstractApplicationContext.java:879)
	at org.springframework.context.support.AbstractApplicationContext.refresh(AbstractApplicationContext.java:551)
	at org.springframework.boot.SpringApplication.refresh(SpringApplication.java:758)
	at org.springframework.boot.SpringApplication.refresh(SpringApplication.java:750)
	at org.springframework.boot.SpringApplication.refreshContext(SpringApplication.java:405)
	at org.springframework.boot.SpringApplication.run(SpringApplication.java:315)
	at org.springframework.boot.test.context.SpringBootContextLoader.loadContext(SpringBootContextLoader.java:120)
	at org.springframework.test.context.cache.DefaultCacheAwareContextLoaderDelegate.loadContextInternal(DefaultCacheAwareContextLoaderDelegate.java:99)
	at org.springframework.test.context.cache.DefaultCacheAwareContextLoaderDelegate.loadContext(DefaultCacheAwareContextLoaderDelegate.java:124)
	... 64 more
Caused by: org.springframework.beans.factory.NoSuchBeanDefinitionException: No qualifying bean of type 'com.xuecheng.messagesdk.service.MqMessageService' available: expected at least 1 bean which qualifies as autowire candidate. Dependency annotations: {@org.springframework.beans.factory.annotation.Autowired(required=true)}
	at org.springframework.beans.factory.support.DefaultListableBeanFactory.raiseNoMatchingBeanFound(DefaultListableBeanFactory.java:1717)
	at org.springframework.beans.factory.support.DefaultListableBeanFactory.doResolveDependency(DefaultListableBeanFactory.java:1273)
	at org.springframework.beans.factory.support.DefaultListableBeanFactory.resolveDependency(DefaultListableBeanFactory.java:1227)
	at org.springframework.beans.factory.annotation.AutowiredAnnotationBeanPostProcessor$AutowiredFieldElement.inject(AutowiredAnnotationBeanPostProcessor.java:640)
	... 83 more
2023-03-14 17:01:22,471 WARN [Thread-2][HttpClientBeanHolder.java:108] - [HttpClientBeanHolder] Start destroying common HttpClient
2023-03-14 17:01:22,471 WARN [Thread-2][HttpClientBeanHolder.java:108] - [HttpClientBeanHolder] Start destroying common HttpClient
2023-03-14 17:01:22,473 WARN [Thread-2][HttpClientBeanHolder.java:114] - [HttpClientBeanHolder] Destruction of the end
2023-03-14 17:01:22,473 WARN [Thread-2][HttpClientBeanHolder.java:114] - [HttpClientBeanHolder] Destruction of the end
