2023-03-06 19:55:51,770 INFO [main][SpringApplication.java:655] - The following profiles are active: dev
2023-03-06 19:55:51,770 INFO [main][SpringApplication.java:655] - The following profiles are active: dev
2023-03-06 19:55:53,634 DEBUG [main][LogFactory.java:105] - Logging initialized using 'class org.apache.ibatis.logging.slf4j.Slf4jImpl' adapter.
2023-03-06 19:55:53,634 DEBUG [main][LogFactory.java:105] - Logging initialized using 'class org.apache.ibatis.logging.slf4j.Slf4jImpl' adapter.
2023-03-06 19:55:53,747 INFO [main][GenericScope.java:295] - BeanFactory id=4c80f91c-6131-39d1-b920-6d6b4a21fe2d
2023-03-06 19:55:53,747 INFO [main][GenericScope.java:295] - BeanFactory id=4c80f91c-6131-39d1-b920-6d6b4a21fe2d
2023-03-06 19:55:54,294 INFO [main][TomcatWebServer.java:108] - Tomcat initialized with port(s): 63040 (http)
2023-03-06 19:55:54,294 INFO [main][TomcatWebServer.java:108] - Tomcat initialized with port(s): 63040 (http)
2023-03-06 19:55:54,302 INFO [main][DirectJDKLog.java:173] - Initializing ProtocolHandler ["http-nio-63040"]
2023-03-06 19:55:54,302 INFO [main][DirectJDKLog.java:173] - Initializing ProtocolHandler ["http-nio-63040"]
2023-03-06 19:55:54,310 INFO [main][DirectJDKLog.java:173] - Starting service [Tomcat]
2023-03-06 19:55:54,311 INFO [main][DirectJDKLog.java:173] - Starting Servlet engine: [Apache Tomcat/9.0.41]
2023-03-06 19:55:54,310 INFO [main][DirectJDKLog.java:173] - Starting service [Tomcat]
2023-03-06 19:55:54,311 INFO [main][DirectJDKLog.java:173] - Starting Servlet engine: [Apache Tomcat/9.0.41]
2023-03-06 19:55:54,315 INFO [main][DirectJDKLog.java:173] - Loaded Apache Tomcat Native library [1.2.35] using APR version [1.7.0].
2023-03-06 19:55:54,315 INFO [main][DirectJDKLog.java:173] - Loaded Apache Tomcat Native library [1.2.35] using APR version [1.7.0].
2023-03-06 19:55:54,315 INFO [main][DirectJDKLog.java:173] - APR capabilities: IPv6 [true], sendfile [true], accept filters [false], random [true].
2023-03-06 19:55:54,315 INFO [main][DirectJDKLog.java:173] - APR capabilities: IPv6 [true], sendfile [true], accept filters [false], random [true].
2023-03-06 19:55:54,315 INFO [main][DirectJDKLog.java:173] - APR/OpenSSL configuration: useAprConnector [false], useOpenSSL [true]
2023-03-06 19:55:54,315 INFO [main][DirectJDKLog.java:173] - APR/OpenSSL configuration: useAprConnector [false], useOpenSSL [true]
2023-03-06 19:55:54,320 INFO [main][DirectJDKLog.java:173] - OpenSSL successfully initialized [OpenSSL 1.1.1q  5 Jul 2022]
2023-03-06 19:55:54,320 INFO [main][DirectJDKLog.java:173] - OpenSSL successfully initialized [OpenSSL 1.1.1q  5 Jul 2022]
2023-03-06 19:55:54,526 INFO [main][DirectJDKLog.java:173] - Initializing Spring embedded WebApplicationContext
2023-03-06 19:55:54,526 INFO [main][DirectJDKLog.java:173] - Initializing Spring embedded WebApplicationContext
2023-03-06 19:55:54,527 INFO [main][ServletWebServerApplicationContext.java:285] - Root WebApplicationContext: initialization completed in 2690 ms
2023-03-06 19:55:54,527 INFO [main][ServletWebServerApplicationContext.java:285] - Root WebApplicationContext: initialization completed in 2690 ms
2023-03-06 19:55:55,184 DEBUG [main][HikariConfig.java:946] - Driver class com.mysql.cj.jdbc.Driver found in Thread context class loader sun.misc.Launcher$AppClassLoader@18b4aac2
2023-03-06 19:55:55,184 DEBUG [main][HikariConfig.java:946] - Driver class com.mysql.cj.jdbc.Driver found in Thread context class loader sun.misc.Launcher$AppClassLoader@18b4aac2
2023-03-06 19:55:55,318 DEBUG [main][Logger.java:49] - Registered plugin: 'com.baomidou.mybatisplus.extension.plugins.MybatisPlusInterceptor@2c7db926'
2023-03-06 19:55:55,318 DEBUG [main][Logger.java:49] - Registered plugin: 'com.baomidou.mybatisplus.extension.plugins.MybatisPlusInterceptor@2c7db926'
2023-03-06 19:55:55,319 DEBUG [main][Logger.java:49] - Property 'mapperLocations' was not specified.
2023-03-06 19:55:55,319 DEBUG [main][Logger.java:49] - Property 'mapperLocations' was not specified.
2023-03-06 19:55:56,579 DEBUG [main][MybatisConfiguration.java:128] - addMappedStatement: com.xuecheng.content.mapper.CourseBaseMapper.insert
2023-03-06 19:55:56,579 DEBUG [main][MybatisConfiguration.java:128] - addMappedStatement: com.xuecheng.content.mapper.CourseBaseMapper.insert
2023-03-06 19:55:56,586 DEBUG [main][MybatisConfiguration.java:128] - addMappedStatement: com.xuecheng.content.mapper.CourseBaseMapper.delete
2023-03-06 19:55:56,586 DEBUG [main][MybatisConfiguration.java:128] - addMappedStatement: com.xuecheng.content.mapper.CourseBaseMapper.delete
2023-03-06 19:55:56,589 DEBUG [main][MybatisConfiguration.java:128] - addMappedStatement: com.xuecheng.content.mapper.CourseBaseMapper.deleteByMap
2023-03-06 19:55:56,589 DEBUG [main][MybatisConfiguration.java:128] - addMappedStatement: com.xuecheng.content.mapper.CourseBaseMapper.deleteByMap
2023-03-06 19:55:56,611 DEBUG [main][MybatisConfiguration.java:128] - addMappedStatement: com.xuecheng.content.mapper.CourseBaseMapper.deleteById
2023-03-06 19:55:56,611 DEBUG [main][MybatisConfiguration.java:128] - addMappedStatement: com.xuecheng.content.mapper.CourseBaseMapper.deleteById
2023-03-06 19:55:56,622 DEBUG [main][MybatisConfiguration.java:128] - addMappedStatement: com.xuecheng.content.mapper.CourseBaseMapper.deleteBatchIds
2023-03-06 19:55:56,622 DEBUG [main][MybatisConfiguration.java:128] - addMappedStatement: com.xuecheng.content.mapper.CourseBaseMapper.deleteBatchIds
2023-03-06 19:55:56,639 DEBUG [main][MybatisConfiguration.java:128] - addMappedStatement: com.xuecheng.content.mapper.CourseBaseMapper.update
2023-03-06 19:55:56,639 DEBUG [main][MybatisConfiguration.java:128] - addMappedStatement: com.xuecheng.content.mapper.CourseBaseMapper.update
2023-03-06 19:55:56,642 DEBUG [main][MybatisConfiguration.java:128] - addMappedStatement: com.xuecheng.content.mapper.CourseBaseMapper.updateById
2023-03-06 19:55:56,642 DEBUG [main][MybatisConfiguration.java:128] - addMappedStatement: com.xuecheng.content.mapper.CourseBaseMapper.updateById
2023-03-06 19:55:56,645 DEBUG [main][MybatisConfiguration.java:128] - addMappedStatement: com.xuecheng.content.mapper.CourseBaseMapper.selectById
2023-03-06 19:55:56,645 DEBUG [main][MybatisConfiguration.java:128] - addMappedStatement: com.xuecheng.content.mapper.CourseBaseMapper.selectById
2023-03-06 19:55:56,647 DEBUG [main][MybatisConfiguration.java:128] - addMappedStatement: com.xuecheng.content.mapper.CourseBaseMapper.selectBatchIds
2023-03-06 19:55:56,647 DEBUG [main][MybatisConfiguration.java:128] - addMappedStatement: com.xuecheng.content.mapper.CourseBaseMapper.selectBatchIds
2023-03-06 19:55:56,649 DEBUG [main][MybatisConfiguration.java:128] - addMappedStatement: com.xuecheng.content.mapper.CourseBaseMapper.selectByMap
2023-03-06 19:55:56,649 DEBUG [main][MybatisConfiguration.java:128] - addMappedStatement: com.xuecheng.content.mapper.CourseBaseMapper.selectByMap
2023-03-06 19:55:56,652 DEBUG [main][MybatisConfiguration.java:128] - addMappedStatement: com.xuecheng.content.mapper.CourseBaseMapper.selectOne
2023-03-06 19:55:56,652 DEBUG [main][MybatisConfiguration.java:128] - addMappedStatement: com.xuecheng.content.mapper.CourseBaseMapper.selectOne
2023-03-06 19:55:56,656 DEBUG [main][MybatisConfiguration.java:128] - addMappedStatement: com.xuecheng.content.mapper.CourseBaseMapper.selectCount
2023-03-06 19:55:56,656 DEBUG [main][MybatisConfiguration.java:128] - addMappedStatement: com.xuecheng.content.mapper.CourseBaseMapper.selectCount
2023-03-06 19:55:56,671 DEBUG [main][MybatisConfiguration.java:128] - addMappedStatement: com.xuecheng.content.mapper.CourseBaseMapper.selectMaps
2023-03-06 19:55:56,671 DEBUG [main][MybatisConfiguration.java:128] - addMappedStatement: com.xuecheng.content.mapper.CourseBaseMapper.selectMaps
2023-03-06 19:55:56,674 DEBUG [main][MybatisConfiguration.java:128] - addMappedStatement: com.xuecheng.content.mapper.CourseBaseMapper.selectMapsPage
2023-03-06 19:55:56,674 DEBUG [main][MybatisConfiguration.java:128] - addMappedStatement: com.xuecheng.content.mapper.CourseBaseMapper.selectMapsPage
2023-03-06 19:55:56,682 DEBUG [main][MybatisConfiguration.java:128] - addMappedStatement: com.xuecheng.content.mapper.CourseBaseMapper.selectObjs
2023-03-06 19:55:56,682 DEBUG [main][MybatisConfiguration.java:128] - addMappedStatement: com.xuecheng.content.mapper.CourseBaseMapper.selectObjs
2023-03-06 19:55:56,689 DEBUG [main][MybatisConfiguration.java:128] - addMappedStatement: com.xuecheng.content.mapper.CourseBaseMapper.selectList
2023-03-06 19:55:56,689 DEBUG [main][MybatisConfiguration.java:128] - addMappedStatement: com.xuecheng.content.mapper.CourseBaseMapper.selectList
2023-03-06 19:55:56,693 DEBUG [main][MybatisConfiguration.java:128] - addMappedStatement: com.xuecheng.content.mapper.CourseBaseMapper.selectPage
2023-03-06 19:55:56,693 DEBUG [main][MybatisConfiguration.java:128] - addMappedStatement: com.xuecheng.content.mapper.CourseBaseMapper.selectPage
2023-03-06 19:55:56,721 DEBUG [main][MybatisConfiguration.java:128] - addMappedStatement: com.xuecheng.content.mapper.CourseMarketMapper.insert
2023-03-06 19:55:56,721 DEBUG [main][MybatisConfiguration.java:128] - addMappedStatement: com.xuecheng.content.mapper.CourseMarketMapper.insert
2023-03-06 19:55:56,724 DEBUG [main][MybatisConfiguration.java:128] - addMappedStatement: com.xuecheng.content.mapper.CourseMarketMapper.delete
2023-03-06 19:55:56,724 DEBUG [main][MybatisConfiguration.java:128] - addMappedStatement: com.xuecheng.content.mapper.CourseMarketMapper.delete
2023-03-06 19:55:56,729 DEBUG [main][MybatisConfiguration.java:128] - addMappedStatement: com.xuecheng.content.mapper.CourseMarketMapper.deleteByMap
2023-03-06 19:55:56,729 DEBUG [main][MybatisConfiguration.java:128] - addMappedStatement: com.xuecheng.content.mapper.CourseMarketMapper.deleteByMap
2023-03-06 19:55:56,731 DEBUG [main][MybatisConfiguration.java:128] - addMappedStatement: com.xuecheng.content.mapper.CourseMarketMapper.deleteById
2023-03-06 19:55:56,731 DEBUG [main][MybatisConfiguration.java:128] - addMappedStatement: com.xuecheng.content.mapper.CourseMarketMapper.deleteById
2023-03-06 19:55:56,734 DEBUG [main][MybatisConfiguration.java:128] - addMappedStatement: com.xuecheng.content.mapper.CourseMarketMapper.deleteBatchIds
2023-03-06 19:55:56,734 DEBUG [main][MybatisConfiguration.java:128] - addMappedStatement: com.xuecheng.content.mapper.CourseMarketMapper.deleteBatchIds
2023-03-06 19:55:56,736 DEBUG [main][MybatisConfiguration.java:128] - addMappedStatement: com.xuecheng.content.mapper.CourseMarketMapper.update
2023-03-06 19:55:56,736 DEBUG [main][MybatisConfiguration.java:128] - addMappedStatement: com.xuecheng.content.mapper.CourseMarketMapper.update
2023-03-06 19:55:56,738 DEBUG [main][MybatisConfiguration.java:128] - addMappedStatement: com.xuecheng.content.mapper.CourseMarketMapper.updateById
2023-03-06 19:55:56,738 DEBUG [main][MybatisConfiguration.java:128] - addMappedStatement: com.xuecheng.content.mapper.CourseMarketMapper.updateById
2023-03-06 19:55:56,738 DEBUG [main][MybatisConfiguration.java:128] - addMappedStatement: com.xuecheng.content.mapper.CourseMarketMapper.selectById
2023-03-06 19:55:56,738 DEBUG [main][MybatisConfiguration.java:128] - addMappedStatement: com.xuecheng.content.mapper.CourseMarketMapper.selectById
2023-03-06 19:55:56,740 DEBUG [main][MybatisConfiguration.java:128] - addMappedStatement: com.xuecheng.content.mapper.CourseMarketMapper.selectBatchIds
2023-03-06 19:55:56,740 DEBUG [main][MybatisConfiguration.java:128] - addMappedStatement: com.xuecheng.content.mapper.CourseMarketMapper.selectBatchIds
2023-03-06 19:55:56,741 DEBUG [main][MybatisConfiguration.java:128] - addMappedStatement: com.xuecheng.content.mapper.CourseMarketMapper.selectByMap
2023-03-06 19:55:56,741 DEBUG [main][MybatisConfiguration.java:128] - addMappedStatement: com.xuecheng.content.mapper.CourseMarketMapper.selectByMap
2023-03-06 19:55:56,746 DEBUG [main][MybatisConfiguration.java:128] - addMappedStatement: com.xuecheng.content.mapper.CourseMarketMapper.selectOne
2023-03-06 19:55:56,746 DEBUG [main][MybatisConfiguration.java:128] - addMappedStatement: com.xuecheng.content.mapper.CourseMarketMapper.selectOne
2023-03-06 19:55:56,748 DEBUG [main][MybatisConfiguration.java:128] - addMappedStatement: com.xuecheng.content.mapper.CourseMarketMapper.selectCount
2023-03-06 19:55:56,748 DEBUG [main][MybatisConfiguration.java:128] - addMappedStatement: com.xuecheng.content.mapper.CourseMarketMapper.selectCount
2023-03-06 19:55:56,750 DEBUG [main][MybatisConfiguration.java:128] - addMappedStatement: com.xuecheng.content.mapper.CourseMarketMapper.selectMaps
2023-03-06 19:55:56,750 DEBUG [main][MybatisConfiguration.java:128] - addMappedStatement: com.xuecheng.content.mapper.CourseMarketMapper.selectMaps
2023-03-06 19:55:56,753 DEBUG [main][MybatisConfiguration.java:128] - addMappedStatement: com.xuecheng.content.mapper.CourseMarketMapper.selectMapsPage
2023-03-06 19:55:56,753 DEBUG [main][MybatisConfiguration.java:128] - addMappedStatement: com.xuecheng.content.mapper.CourseMarketMapper.selectMapsPage
2023-03-06 19:55:56,755 DEBUG [main][MybatisConfiguration.java:128] - addMappedStatement: com.xuecheng.content.mapper.CourseMarketMapper.selectObjs
2023-03-06 19:55:56,755 DEBUG [main][MybatisConfiguration.java:128] - addMappedStatement: com.xuecheng.content.mapper.CourseMarketMapper.selectObjs
2023-03-06 19:55:56,757 DEBUG [main][MybatisConfiguration.java:128] - addMappedStatement: com.xuecheng.content.mapper.CourseMarketMapper.selectList
2023-03-06 19:55:56,757 DEBUG [main][MybatisConfiguration.java:128] - addMappedStatement: com.xuecheng.content.mapper.CourseMarketMapper.selectList
2023-03-06 19:55:56,787 DEBUG [main][MybatisConfiguration.java:128] - addMappedStatement: com.xuecheng.content.mapper.CourseMarketMapper.selectPage
2023-03-06 19:55:56,787 DEBUG [main][MybatisConfiguration.java:128] - addMappedStatement: com.xuecheng.content.mapper.CourseMarketMapper.selectPage
2023-03-06 19:55:56,823 DEBUG [main][MybatisConfiguration.java:128] - addMappedStatement: com.xuecheng.content.mapper.CourseCategoryMapper.selectTreeNodes
2023-03-06 19:55:56,823 DEBUG [main][MybatisConfiguration.java:128] - addMappedStatement: com.xuecheng.content.mapper.CourseCategoryMapper.selectTreeNodes
2023-03-06 19:55:56,827 DEBUG [main][MybatisConfiguration.java:128] - addMappedStatement: com.xuecheng.content.mapper.CourseCategoryMapper.insert
2023-03-06 19:55:56,827 DEBUG [main][MybatisConfiguration.java:128] - addMappedStatement: com.xuecheng.content.mapper.CourseCategoryMapper.insert
2023-03-06 19:55:56,830 DEBUG [main][MybatisConfiguration.java:128] - addMappedStatement: com.xuecheng.content.mapper.CourseCategoryMapper.delete
2023-03-06 19:55:56,830 DEBUG [main][MybatisConfiguration.java:128] - addMappedStatement: com.xuecheng.content.mapper.CourseCategoryMapper.delete
2023-03-06 19:55:56,835 DEBUG [main][MybatisConfiguration.java:128] - addMappedStatement: com.xuecheng.content.mapper.CourseCategoryMapper.deleteByMap
2023-03-06 19:55:56,835 DEBUG [main][MybatisConfiguration.java:128] - addMappedStatement: com.xuecheng.content.mapper.CourseCategoryMapper.deleteByMap
2023-03-06 19:55:56,838 DEBUG [main][MybatisConfiguration.java:128] - addMappedStatement: com.xuecheng.content.mapper.CourseCategoryMapper.deleteById
2023-03-06 19:55:56,838 DEBUG [main][MybatisConfiguration.java:128] - addMappedStatement: com.xuecheng.content.mapper.CourseCategoryMapper.deleteById
2023-03-06 19:55:56,840 DEBUG [main][MybatisConfiguration.java:128] - addMappedStatement: com.xuecheng.content.mapper.CourseCategoryMapper.deleteBatchIds
2023-03-06 19:55:56,840 DEBUG [main][MybatisConfiguration.java:128] - addMappedStatement: com.xuecheng.content.mapper.CourseCategoryMapper.deleteBatchIds
2023-03-06 19:55:56,842 DEBUG [main][MybatisConfiguration.java:128] - addMappedStatement: com.xuecheng.content.mapper.CourseCategoryMapper.update
2023-03-06 19:55:56,842 DEBUG [main][MybatisConfiguration.java:128] - addMappedStatement: com.xuecheng.content.mapper.CourseCategoryMapper.update
2023-03-06 19:55:56,854 DEBUG [main][MybatisConfiguration.java:128] - addMappedStatement: com.xuecheng.content.mapper.CourseCategoryMapper.updateById
2023-03-06 19:55:56,854 DEBUG [main][MybatisConfiguration.java:128] - addMappedStatement: com.xuecheng.content.mapper.CourseCategoryMapper.updateById
2023-03-06 19:55:56,855 DEBUG [main][MybatisConfiguration.java:128] - addMappedStatement: com.xuecheng.content.mapper.CourseCategoryMapper.selectById
2023-03-06 19:55:56,855 DEBUG [main][MybatisConfiguration.java:128] - addMappedStatement: com.xuecheng.content.mapper.CourseCategoryMapper.selectById
2023-03-06 19:55:56,856 DEBUG [main][MybatisConfiguration.java:128] - addMappedStatement: com.xuecheng.content.mapper.CourseCategoryMapper.selectBatchIds
2023-03-06 19:55:56,856 DEBUG [main][MybatisConfiguration.java:128] - addMappedStatement: com.xuecheng.content.mapper.CourseCategoryMapper.selectBatchIds
2023-03-06 19:55:56,858 DEBUG [main][MybatisConfiguration.java:128] - addMappedStatement: com.xuecheng.content.mapper.CourseCategoryMapper.selectByMap
2023-03-06 19:55:56,858 DEBUG [main][MybatisConfiguration.java:128] - addMappedStatement: com.xuecheng.content.mapper.CourseCategoryMapper.selectByMap
2023-03-06 19:55:56,862 DEBUG [main][MybatisConfiguration.java:128] - addMappedStatement: com.xuecheng.content.mapper.CourseCategoryMapper.selectOne
2023-03-06 19:55:56,862 DEBUG [main][MybatisConfiguration.java:128] - addMappedStatement: com.xuecheng.content.mapper.CourseCategoryMapper.selectOne
2023-03-06 19:55:56,873 DEBUG [main][MybatisConfiguration.java:128] - addMappedStatement: com.xuecheng.content.mapper.CourseCategoryMapper.selectCount
2023-03-06 19:55:56,873 DEBUG [main][MybatisConfiguration.java:128] - addMappedStatement: com.xuecheng.content.mapper.CourseCategoryMapper.selectCount
2023-03-06 19:55:56,882 DEBUG [main][MybatisConfiguration.java:128] - addMappedStatement: com.xuecheng.content.mapper.CourseCategoryMapper.selectMaps
2023-03-06 19:55:56,882 DEBUG [main][MybatisConfiguration.java:128] - addMappedStatement: com.xuecheng.content.mapper.CourseCategoryMapper.selectMaps
2023-03-06 19:55:56,885 DEBUG [main][MybatisConfiguration.java:128] - addMappedStatement: com.xuecheng.content.mapper.CourseCategoryMapper.selectMapsPage
2023-03-06 19:55:56,885 DEBUG [main][MybatisConfiguration.java:128] - addMappedStatement: com.xuecheng.content.mapper.CourseCategoryMapper.selectMapsPage
2023-03-06 19:55:56,887 DEBUG [main][MybatisConfiguration.java:128] - addMappedStatement: com.xuecheng.content.mapper.CourseCategoryMapper.selectObjs
2023-03-06 19:55:56,887 DEBUG [main][MybatisConfiguration.java:128] - addMappedStatement: com.xuecheng.content.mapper.CourseCategoryMapper.selectObjs
2023-03-06 19:55:56,890 DEBUG [main][MybatisConfiguration.java:128] - addMappedStatement: com.xuecheng.content.mapper.CourseCategoryMapper.selectList
2023-03-06 19:55:56,890 DEBUG [main][MybatisConfiguration.java:128] - addMappedStatement: com.xuecheng.content.mapper.CourseCategoryMapper.selectList
2023-03-06 19:55:56,894 DEBUG [main][MybatisConfiguration.java:128] - addMappedStatement: com.xuecheng.content.mapper.CourseCategoryMapper.selectPage
2023-03-06 19:55:56,894 DEBUG [main][MybatisConfiguration.java:128] - addMappedStatement: com.xuecheng.content.mapper.CourseCategoryMapper.selectPage
2023-03-06 19:55:56,993 DEBUG [main][MybatisConfiguration.java:128] - addMappedStatement: com.xuecheng.content.mapper.TeachplanMapper.selectTreeNodes
2023-03-06 19:55:56,993 DEBUG [main][MybatisConfiguration.java:128] - addMappedStatement: com.xuecheng.content.mapper.TeachplanMapper.selectTreeNodes
2023-03-06 19:55:56,993 DEBUG [main][MybatisConfiguration.java:128] - addMappedStatement: com.xuecheng.content.mapper.TeachplanMapper.insert
2023-03-06 19:55:56,993 DEBUG [main][MybatisConfiguration.java:128] - addMappedStatement: com.xuecheng.content.mapper.TeachplanMapper.insert
2023-03-06 19:55:56,993 DEBUG [main][MybatisConfiguration.java:128] - addMappedStatement: com.xuecheng.content.mapper.TeachplanMapper.delete
2023-03-06 19:55:56,993 DEBUG [main][MybatisConfiguration.java:128] - addMappedStatement: com.xuecheng.content.mapper.TeachplanMapper.delete
2023-03-06 19:55:57,001 DEBUG [main][MybatisConfiguration.java:128] - addMappedStatement: com.xuecheng.content.mapper.TeachplanMapper.deleteByMap
2023-03-06 19:55:57,001 DEBUG [main][MybatisConfiguration.java:128] - addMappedStatement: com.xuecheng.content.mapper.TeachplanMapper.deleteByMap
2023-03-06 19:55:57,001 DEBUG [main][MybatisConfiguration.java:128] - addMappedStatement: com.xuecheng.content.mapper.TeachplanMapper.deleteById
2023-03-06 19:55:57,001 DEBUG [main][MybatisConfiguration.java:128] - addMappedStatement: com.xuecheng.content.mapper.TeachplanMapper.deleteById
2023-03-06 19:55:57,001 DEBUG [main][MybatisConfiguration.java:128] - addMappedStatement: com.xuecheng.content.mapper.TeachplanMapper.deleteBatchIds
2023-03-06 19:55:57,001 DEBUG [main][MybatisConfiguration.java:128] - addMappedStatement: com.xuecheng.content.mapper.TeachplanMapper.deleteBatchIds
2023-03-06 19:55:57,001 DEBUG [main][MybatisConfiguration.java:128] - addMappedStatement: com.xuecheng.content.mapper.TeachplanMapper.update
2023-03-06 19:55:57,001 DEBUG [main][MybatisConfiguration.java:128] - addMappedStatement: com.xuecheng.content.mapper.TeachplanMapper.update
2023-03-06 19:55:57,001 DEBUG [main][MybatisConfiguration.java:128] - addMappedStatement: com.xuecheng.content.mapper.TeachplanMapper.updateById
2023-03-06 19:55:57,001 DEBUG [main][MybatisConfiguration.java:128] - addMappedStatement: com.xuecheng.content.mapper.TeachplanMapper.updateById
2023-03-06 19:55:57,001 DEBUG [main][MybatisConfiguration.java:128] - addMappedStatement: com.xuecheng.content.mapper.TeachplanMapper.selectById
2023-03-06 19:55:57,001 DEBUG [main][MybatisConfiguration.java:128] - addMappedStatement: com.xuecheng.content.mapper.TeachplanMapper.selectById
2023-03-06 19:55:57,015 DEBUG [main][MybatisConfiguration.java:128] - addMappedStatement: com.xuecheng.content.mapper.TeachplanMapper.selectBatchIds
2023-03-06 19:55:57,015 DEBUG [main][MybatisConfiguration.java:128] - addMappedStatement: com.xuecheng.content.mapper.TeachplanMapper.selectBatchIds
2023-03-06 19:55:57,018 DEBUG [main][MybatisConfiguration.java:128] - addMappedStatement: com.xuecheng.content.mapper.TeachplanMapper.selectByMap
2023-03-06 19:55:57,018 DEBUG [main][MybatisConfiguration.java:128] - addMappedStatement: com.xuecheng.content.mapper.TeachplanMapper.selectByMap
2023-03-06 19:55:57,020 DEBUG [main][MybatisConfiguration.java:128] - addMappedStatement: com.xuecheng.content.mapper.TeachplanMapper.selectOne
2023-03-06 19:55:57,020 DEBUG [main][MybatisConfiguration.java:128] - addMappedStatement: com.xuecheng.content.mapper.TeachplanMapper.selectOne
2023-03-06 19:55:57,022 DEBUG [main][MybatisConfiguration.java:128] - addMappedStatement: com.xuecheng.content.mapper.TeachplanMapper.selectCount
2023-03-06 19:55:57,022 DEBUG [main][MybatisConfiguration.java:128] - addMappedStatement: com.xuecheng.content.mapper.TeachplanMapper.selectCount
2023-03-06 19:55:57,024 DEBUG [main][MybatisConfiguration.java:128] - addMappedStatement: com.xuecheng.content.mapper.TeachplanMapper.selectMaps
2023-03-06 19:55:57,024 DEBUG [main][MybatisConfiguration.java:128] - addMappedStatement: com.xuecheng.content.mapper.TeachplanMapper.selectMaps
2023-03-06 19:55:57,027 DEBUG [main][MybatisConfiguration.java:128] - addMappedStatement: com.xuecheng.content.mapper.TeachplanMapper.selectMapsPage
2023-03-06 19:55:57,027 DEBUG [main][MybatisConfiguration.java:128] - addMappedStatement: com.xuecheng.content.mapper.TeachplanMapper.selectMapsPage
2023-03-06 19:55:57,032 DEBUG [main][MybatisConfiguration.java:128] - addMappedStatement: com.xuecheng.content.mapper.TeachplanMapper.selectObjs
2023-03-06 19:55:57,032 DEBUG [main][MybatisConfiguration.java:128] - addMappedStatement: com.xuecheng.content.mapper.TeachplanMapper.selectObjs
2023-03-06 19:55:57,034 DEBUG [main][MybatisConfiguration.java:128] - addMappedStatement: com.xuecheng.content.mapper.TeachplanMapper.selectList
2023-03-06 19:55:57,034 DEBUG [main][MybatisConfiguration.java:128] - addMappedStatement: com.xuecheng.content.mapper.TeachplanMapper.selectList
2023-03-06 19:55:57,036 DEBUG [main][MybatisConfiguration.java:128] - addMappedStatement: com.xuecheng.content.mapper.TeachplanMapper.selectPage
2023-03-06 19:55:57,036 DEBUG [main][MybatisConfiguration.java:128] - addMappedStatement: com.xuecheng.content.mapper.TeachplanMapper.selectPage
2023-03-06 19:55:57,051 DEBUG [main][MybatisConfiguration.java:128] - addMappedStatement: com.xuecheng.content.mapper.CourseTeacherMapper.insert
2023-03-06 19:55:57,051 DEBUG [main][MybatisConfiguration.java:128] - addMappedStatement: com.xuecheng.content.mapper.CourseTeacherMapper.insert
2023-03-06 19:55:57,067 DEBUG [main][MybatisConfiguration.java:128] - addMappedStatement: com.xuecheng.content.mapper.CourseTeacherMapper.delete
2023-03-06 19:55:57,067 DEBUG [main][MybatisConfiguration.java:128] - addMappedStatement: com.xuecheng.content.mapper.CourseTeacherMapper.delete
2023-03-06 19:55:57,071 DEBUG [main][MybatisConfiguration.java:128] - addMappedStatement: com.xuecheng.content.mapper.CourseTeacherMapper.deleteByMap
2023-03-06 19:55:57,071 DEBUG [main][MybatisConfiguration.java:128] - addMappedStatement: com.xuecheng.content.mapper.CourseTeacherMapper.deleteByMap
2023-03-06 19:55:57,074 DEBUG [main][MybatisConfiguration.java:128] - addMappedStatement: com.xuecheng.content.mapper.CourseTeacherMapper.deleteById
2023-03-06 19:55:57,074 DEBUG [main][MybatisConfiguration.java:128] - addMappedStatement: com.xuecheng.content.mapper.CourseTeacherMapper.deleteById
2023-03-06 19:55:57,080 DEBUG [main][MybatisConfiguration.java:128] - addMappedStatement: com.xuecheng.content.mapper.CourseTeacherMapper.deleteBatchIds
2023-03-06 19:55:57,094 DEBUG [main][MybatisConfiguration.java:128] - addMappedStatement: com.xuecheng.content.mapper.CourseTeacherMapper.update
2023-03-06 19:55:57,080 DEBUG [main][MybatisConfiguration.java:128] - addMappedStatement: com.xuecheng.content.mapper.CourseTeacherMapper.deleteBatchIds
2023-03-06 19:55:57,094 DEBUG [main][MybatisConfiguration.java:128] - addMappedStatement: com.xuecheng.content.mapper.CourseTeacherMapper.update
2023-03-06 19:55:57,104 DEBUG [main][MybatisConfiguration.java:128] - addMappedStatement: com.xuecheng.content.mapper.CourseTeacherMapper.updateById
2023-03-06 19:55:57,104 DEBUG [main][MybatisConfiguration.java:128] - addMappedStatement: com.xuecheng.content.mapper.CourseTeacherMapper.updateById
2023-03-06 19:55:57,105 DEBUG [main][MybatisConfiguration.java:128] - addMappedStatement: com.xuecheng.content.mapper.CourseTeacherMapper.selectById
2023-03-06 19:55:57,105 DEBUG [main][MybatisConfiguration.java:128] - addMappedStatement: com.xuecheng.content.mapper.CourseTeacherMapper.selectById
2023-03-06 19:55:57,115 DEBUG [main][MybatisConfiguration.java:128] - addMappedStatement: com.xuecheng.content.mapper.CourseTeacherMapper.selectBatchIds
2023-03-06 19:55:57,115 DEBUG [main][MybatisConfiguration.java:128] - addMappedStatement: com.xuecheng.content.mapper.CourseTeacherMapper.selectBatchIds
2023-03-06 19:55:57,117 DEBUG [main][MybatisConfiguration.java:128] - addMappedStatement: com.xuecheng.content.mapper.CourseTeacherMapper.selectByMap
2023-03-06 19:55:57,117 DEBUG [main][MybatisConfiguration.java:128] - addMappedStatement: com.xuecheng.content.mapper.CourseTeacherMapper.selectByMap
2023-03-06 19:55:57,118 DEBUG [main][MybatisConfiguration.java:128] - addMappedStatement: com.xuecheng.content.mapper.CourseTeacherMapper.selectOne
2023-03-06 19:55:57,118 DEBUG [main][MybatisConfiguration.java:128] - addMappedStatement: com.xuecheng.content.mapper.CourseTeacherMapper.selectOne
2023-03-06 19:55:57,120 DEBUG [main][MybatisConfiguration.java:128] - addMappedStatement: com.xuecheng.content.mapper.CourseTeacherMapper.selectCount
2023-03-06 19:55:57,120 DEBUG [main][MybatisConfiguration.java:128] - addMappedStatement: com.xuecheng.content.mapper.CourseTeacherMapper.selectCount
2023-03-06 19:55:57,122 DEBUG [main][MybatisConfiguration.java:128] - addMappedStatement: com.xuecheng.content.mapper.CourseTeacherMapper.selectMaps
2023-03-06 19:55:57,122 DEBUG [main][MybatisConfiguration.java:128] - addMappedStatement: com.xuecheng.content.mapper.CourseTeacherMapper.selectMaps
2023-03-06 19:55:57,128 DEBUG [main][MybatisConfiguration.java:128] - addMappedStatement: com.xuecheng.content.mapper.CourseTeacherMapper.selectMapsPage
2023-03-06 19:55:57,128 DEBUG [main][MybatisConfiguration.java:128] - addMappedStatement: com.xuecheng.content.mapper.CourseTeacherMapper.selectMapsPage
2023-03-06 19:55:57,135 DEBUG [main][MybatisConfiguration.java:128] - addMappedStatement: com.xuecheng.content.mapper.CourseTeacherMapper.selectObjs
2023-03-06 19:55:57,135 DEBUG [main][MybatisConfiguration.java:128] - addMappedStatement: com.xuecheng.content.mapper.CourseTeacherMapper.selectObjs
2023-03-06 19:55:57,139 DEBUG [main][MybatisConfiguration.java:128] - addMappedStatement: com.xuecheng.content.mapper.CourseTeacherMapper.selectList
2023-03-06 19:55:57,139 DEBUG [main][MybatisConfiguration.java:128] - addMappedStatement: com.xuecheng.content.mapper.CourseTeacherMapper.selectList
2023-03-06 19:55:57,142 DEBUG [main][MybatisConfiguration.java:128] - addMappedStatement: com.xuecheng.content.mapper.CourseTeacherMapper.selectPage
2023-03-06 19:55:57,142 DEBUG [main][MybatisConfiguration.java:128] - addMappedStatement: com.xuecheng.content.mapper.CourseTeacherMapper.selectPage
2023-03-06 19:55:57,177 DEBUG [main][MybatisConfiguration.java:128] - addMappedStatement: com.xuecheng.content.mapper.TeachplanMediaMapper.insert
2023-03-06 19:55:57,177 DEBUG [main][MybatisConfiguration.java:128] - addMappedStatement: com.xuecheng.content.mapper.TeachplanMediaMapper.insert
2023-03-06 19:55:57,183 DEBUG [main][MybatisConfiguration.java:128] - addMappedStatement: com.xuecheng.content.mapper.TeachplanMediaMapper.delete
2023-03-06 19:55:57,183 DEBUG [main][MybatisConfiguration.java:128] - addMappedStatement: com.xuecheng.content.mapper.TeachplanMediaMapper.delete
2023-03-06 19:55:57,185 DEBUG [main][MybatisConfiguration.java:128] - addMappedStatement: com.xuecheng.content.mapper.TeachplanMediaMapper.deleteByMap
2023-03-06 19:55:57,185 DEBUG [main][MybatisConfiguration.java:128] - addMappedStatement: com.xuecheng.content.mapper.TeachplanMediaMapper.deleteByMap
2023-03-06 19:55:57,187 DEBUG [main][MybatisConfiguration.java:128] - addMappedStatement: com.xuecheng.content.mapper.TeachplanMediaMapper.deleteById
2023-03-06 19:55:57,187 DEBUG [main][MybatisConfiguration.java:128] - addMappedStatement: com.xuecheng.content.mapper.TeachplanMediaMapper.deleteById
2023-03-06 19:55:57,188 DEBUG [main][MybatisConfiguration.java:128] - addMappedStatement: com.xuecheng.content.mapper.TeachplanMediaMapper.deleteBatchIds
2023-03-06 19:55:57,188 DEBUG [main][MybatisConfiguration.java:128] - addMappedStatement: com.xuecheng.content.mapper.TeachplanMediaMapper.deleteBatchIds
2023-03-06 19:55:57,190 DEBUG [main][MybatisConfiguration.java:128] - addMappedStatement: com.xuecheng.content.mapper.TeachplanMediaMapper.update
2023-03-06 19:55:57,190 DEBUG [main][MybatisConfiguration.java:128] - addMappedStatement: com.xuecheng.content.mapper.TeachplanMediaMapper.update
2023-03-06 19:55:57,191 DEBUG [main][MybatisConfiguration.java:128] - addMappedStatement: com.xuecheng.content.mapper.TeachplanMediaMapper.updateById
2023-03-06 19:55:57,191 DEBUG [main][MybatisConfiguration.java:128] - addMappedStatement: com.xuecheng.content.mapper.TeachplanMediaMapper.updateById
2023-03-06 19:55:57,192 DEBUG [main][MybatisConfiguration.java:128] - addMappedStatement: com.xuecheng.content.mapper.TeachplanMediaMapper.selectById
2023-03-06 19:55:57,192 DEBUG [main][MybatisConfiguration.java:128] - addMappedStatement: com.xuecheng.content.mapper.TeachplanMediaMapper.selectById
2023-03-06 19:55:57,194 DEBUG [main][MybatisConfiguration.java:128] - addMappedStatement: com.xuecheng.content.mapper.TeachplanMediaMapper.selectBatchIds
2023-03-06 19:55:57,194 DEBUG [main][MybatisConfiguration.java:128] - addMappedStatement: com.xuecheng.content.mapper.TeachplanMediaMapper.selectBatchIds
2023-03-06 19:55:57,194 DEBUG [main][MybatisConfiguration.java:128] - addMappedStatement: com.xuecheng.content.mapper.TeachplanMediaMapper.selectByMap
2023-03-06 19:55:57,194 DEBUG [main][MybatisConfiguration.java:128] - addMappedStatement: com.xuecheng.content.mapper.TeachplanMediaMapper.selectByMap
2023-03-06 19:55:57,194 DEBUG [main][MybatisConfiguration.java:128] - addMappedStatement: com.xuecheng.content.mapper.TeachplanMediaMapper.selectOne
2023-03-06 19:55:57,194 DEBUG [main][MybatisConfiguration.java:128] - addMappedStatement: com.xuecheng.content.mapper.TeachplanMediaMapper.selectOne
2023-03-06 19:55:57,201 DEBUG [main][MybatisConfiguration.java:128] - addMappedStatement: com.xuecheng.content.mapper.TeachplanMediaMapper.selectCount
2023-03-06 19:55:57,201 DEBUG [main][MybatisConfiguration.java:128] - addMappedStatement: com.xuecheng.content.mapper.TeachplanMediaMapper.selectCount
2023-03-06 19:55:57,201 DEBUG [main][MybatisConfiguration.java:128] - addMappedStatement: com.xuecheng.content.mapper.TeachplanMediaMapper.selectMaps
2023-03-06 19:55:57,201 DEBUG [main][MybatisConfiguration.java:128] - addMappedStatement: com.xuecheng.content.mapper.TeachplanMediaMapper.selectMaps
2023-03-06 19:55:57,201 DEBUG [main][MybatisConfiguration.java:128] - addMappedStatement: com.xuecheng.content.mapper.TeachplanMediaMapper.selectMapsPage
2023-03-06 19:55:57,201 DEBUG [main][MybatisConfiguration.java:128] - addMappedStatement: com.xuecheng.content.mapper.TeachplanMediaMapper.selectMapsPage
2023-03-06 19:55:57,201 DEBUG [main][MybatisConfiguration.java:128] - addMappedStatement: com.xuecheng.content.mapper.TeachplanMediaMapper.selectObjs
2023-03-06 19:55:57,201 DEBUG [main][MybatisConfiguration.java:128] - addMappedStatement: com.xuecheng.content.mapper.TeachplanMediaMapper.selectObjs
2023-03-06 19:55:57,201 DEBUG [main][MybatisConfiguration.java:128] - addMappedStatement: com.xuecheng.content.mapper.TeachplanMediaMapper.selectList
2023-03-06 19:55:57,201 DEBUG [main][MybatisConfiguration.java:128] - addMappedStatement: com.xuecheng.content.mapper.TeachplanMediaMapper.selectList
2023-03-06 19:55:57,209 DEBUG [main][MybatisConfiguration.java:128] - addMappedStatement: com.xuecheng.content.mapper.TeachplanMediaMapper.selectPage
2023-03-06 19:55:57,209 DEBUG [main][MybatisConfiguration.java:128] - addMappedStatement: com.xuecheng.content.mapper.TeachplanMediaMapper.selectPage
2023-03-06 19:55:57,231 DEBUG [main][MybatisConfiguration.java:128] - addMappedStatement: com.xuecheng.content.mapper.CoursePublishPreMapper.insert
2023-03-06 19:55:57,231 DEBUG [main][MybatisConfiguration.java:128] - addMappedStatement: com.xuecheng.content.mapper.CoursePublishPreMapper.insert
2023-03-06 19:55:57,232 DEBUG [main][MybatisConfiguration.java:128] - addMappedStatement: com.xuecheng.content.mapper.CoursePublishPreMapper.delete
2023-03-06 19:55:57,232 DEBUG [main][MybatisConfiguration.java:128] - addMappedStatement: com.xuecheng.content.mapper.CoursePublishPreMapper.delete
2023-03-06 19:55:57,234 DEBUG [main][MybatisConfiguration.java:128] - addMappedStatement: com.xuecheng.content.mapper.CoursePublishPreMapper.deleteByMap
2023-03-06 19:55:57,234 DEBUG [main][MybatisConfiguration.java:128] - addMappedStatement: com.xuecheng.content.mapper.CoursePublishPreMapper.deleteByMap
2023-03-06 19:55:57,234 DEBUG [main][MybatisConfiguration.java:128] - addMappedStatement: com.xuecheng.content.mapper.CoursePublishPreMapper.deleteById
2023-03-06 19:55:57,234 DEBUG [main][MybatisConfiguration.java:128] - addMappedStatement: com.xuecheng.content.mapper.CoursePublishPreMapper.deleteById
2023-03-06 19:55:57,236 DEBUG [main][MybatisConfiguration.java:128] - addMappedStatement: com.xuecheng.content.mapper.CoursePublishPreMapper.deleteBatchIds
2023-03-06 19:55:57,236 DEBUG [main][MybatisConfiguration.java:128] - addMappedStatement: com.xuecheng.content.mapper.CoursePublishPreMapper.deleteBatchIds
2023-03-06 19:55:57,238 DEBUG [main][MybatisConfiguration.java:128] - addMappedStatement: com.xuecheng.content.mapper.CoursePublishPreMapper.update
2023-03-06 19:55:57,238 DEBUG [main][MybatisConfiguration.java:128] - addMappedStatement: com.xuecheng.content.mapper.CoursePublishPreMapper.update
2023-03-06 19:55:57,240 DEBUG [main][MybatisConfiguration.java:128] - addMappedStatement: com.xuecheng.content.mapper.CoursePublishPreMapper.updateById
2023-03-06 19:55:57,240 DEBUG [main][MybatisConfiguration.java:128] - addMappedStatement: com.xuecheng.content.mapper.CoursePublishPreMapper.updateById
2023-03-06 19:55:57,241 DEBUG [main][MybatisConfiguration.java:128] - addMappedStatement: com.xuecheng.content.mapper.CoursePublishPreMapper.selectById
2023-03-06 19:55:57,241 DEBUG [main][MybatisConfiguration.java:128] - addMappedStatement: com.xuecheng.content.mapper.CoursePublishPreMapper.selectById
2023-03-06 19:55:57,244 DEBUG [main][MybatisConfiguration.java:128] - addMappedStatement: com.xuecheng.content.mapper.CoursePublishPreMapper.selectBatchIds
2023-03-06 19:55:57,244 DEBUG [main][MybatisConfiguration.java:128] - addMappedStatement: com.xuecheng.content.mapper.CoursePublishPreMapper.selectBatchIds
2023-03-06 19:55:57,245 DEBUG [main][MybatisConfiguration.java:128] - addMappedStatement: com.xuecheng.content.mapper.CoursePublishPreMapper.selectByMap
2023-03-06 19:55:57,245 DEBUG [main][MybatisConfiguration.java:128] - addMappedStatement: com.xuecheng.content.mapper.CoursePublishPreMapper.selectByMap
2023-03-06 19:55:57,247 DEBUG [main][MybatisConfiguration.java:128] - addMappedStatement: com.xuecheng.content.mapper.CoursePublishPreMapper.selectOne
2023-03-06 19:55:57,247 DEBUG [main][MybatisConfiguration.java:128] - addMappedStatement: com.xuecheng.content.mapper.CoursePublishPreMapper.selectOne
2023-03-06 19:55:57,249 DEBUG [main][MybatisConfiguration.java:128] - addMappedStatement: com.xuecheng.content.mapper.CoursePublishPreMapper.selectCount
2023-03-06 19:55:57,249 DEBUG [main][MybatisConfiguration.java:128] - addMappedStatement: com.xuecheng.content.mapper.CoursePublishPreMapper.selectCount
2023-03-06 19:55:57,250 DEBUG [main][MybatisConfiguration.java:128] - addMappedStatement: com.xuecheng.content.mapper.CoursePublishPreMapper.selectMaps
2023-03-06 19:55:57,250 DEBUG [main][MybatisConfiguration.java:128] - addMappedStatement: com.xuecheng.content.mapper.CoursePublishPreMapper.selectMaps
2023-03-06 19:55:57,252 DEBUG [main][MybatisConfiguration.java:128] - addMappedStatement: com.xuecheng.content.mapper.CoursePublishPreMapper.selectMapsPage
2023-03-06 19:55:57,252 DEBUG [main][MybatisConfiguration.java:128] - addMappedStatement: com.xuecheng.content.mapper.CoursePublishPreMapper.selectMapsPage
2023-03-06 19:55:57,254 DEBUG [main][MybatisConfiguration.java:128] - addMappedStatement: com.xuecheng.content.mapper.CoursePublishPreMapper.selectObjs
2023-03-06 19:55:57,254 DEBUG [main][MybatisConfiguration.java:128] - addMappedStatement: com.xuecheng.content.mapper.CoursePublishPreMapper.selectObjs
2023-03-06 19:55:57,256 DEBUG [main][MybatisConfiguration.java:128] - addMappedStatement: com.xuecheng.content.mapper.CoursePublishPreMapper.selectList
2023-03-06 19:55:57,256 DEBUG [main][MybatisConfiguration.java:128] - addMappedStatement: com.xuecheng.content.mapper.CoursePublishPreMapper.selectList
2023-03-06 19:55:57,257 DEBUG [main][MybatisConfiguration.java:128] - addMappedStatement: com.xuecheng.content.mapper.CoursePublishPreMapper.selectPage
2023-03-06 19:55:57,257 DEBUG [main][MybatisConfiguration.java:128] - addMappedStatement: com.xuecheng.content.mapper.CoursePublishPreMapper.selectPage
2023-03-06 19:55:57,873 INFO [main][PropertySourcedRequestMappingHandlerMapping.java:69] - Mapped URL path [/v2/api-docs] onto method [springfox.documentation.swagger2.web.Swagger2Controller#getDocumentation(String, HttpServletRequest)]
2023-03-06 19:55:57,873 INFO [main][PropertySourcedRequestMappingHandlerMapping.java:69] - Mapped URL path [/v2/api-docs] onto method [springfox.documentation.swagger2.web.Swagger2Controller#getDocumentation(String, HttpServletRequest)]
2023-03-06 19:55:57,938 WARN [main][URLConfigurationSource.java:121] - No URLs will be polled as dynamic configuration sources.
2023-03-06 19:55:57,938 WARN [main][URLConfigurationSource.java:121] - No URLs will be polled as dynamic configuration sources.
2023-03-06 19:55:57,939 INFO [main][URLConfigurationSource.java:122] - To enable URLs as dynamic configuration sources, define System property archaius.configurationSource.additionalUrls or make config.properties available on classpath.
2023-03-06 19:55:57,939 INFO [main][URLConfigurationSource.java:122] - To enable URLs as dynamic configuration sources, define System property archaius.configurationSource.additionalUrls or make config.properties available on classpath.
2023-03-06 19:55:57,952 WARN [main][URLConfigurationSource.java:121] - No URLs will be polled as dynamic configuration sources.
2023-03-06 19:55:57,952 WARN [main][URLConfigurationSource.java:121] - No URLs will be polled as dynamic configuration sources.
2023-03-06 19:55:57,952 INFO [main][URLConfigurationSource.java:122] - To enable URLs as dynamic configuration sources, define System property archaius.configurationSource.additionalUrls or make config.properties available on classpath.
2023-03-06 19:55:57,952 INFO [main][URLConfigurationSource.java:122] - To enable URLs as dynamic configuration sources, define System property archaius.configurationSource.additionalUrls or make config.properties available on classpath.
2023-03-06 19:55:57,993 DEBUG [main][ResourceBundleMessageInterpolator.java:172] - Loaded expression factory via original TCCL
2023-03-06 19:55:57,993 DEBUG [main][ResourceBundleMessageInterpolator.java:172] - Loaded expression factory via original TCCL
2023-03-06 19:55:57,993 DEBUG [main][AbstractConfigurationImpl.java:171] - Setting custom MessageInterpolator of type org.springframework.validation.beanvalidation.LocaleContextMessageInterpolator
2023-03-06 19:55:57,993 DEBUG [main][AbstractConfigurationImpl.java:171] - Setting custom MessageInterpolator of type org.springframework.validation.beanvalidation.LocaleContextMessageInterpolator
2023-03-06 19:55:57,993 DEBUG [main][AbstractConfigurationImpl.java:203] - Setting custom ConstraintValidatorFactory of type org.springframework.validation.beanvalidation.SpringConstraintValidatorFactory
2023-03-06 19:55:57,993 DEBUG [main][AbstractConfigurationImpl.java:203] - Setting custom ConstraintValidatorFactory of type org.springframework.validation.beanvalidation.SpringConstraintValidatorFactory
2023-03-06 19:55:58,002 DEBUG [main][AbstractConfigurationImpl.java:217] - Setting custom ParameterNameProvider of type org.springframework.validation.beanvalidation.LocalValidatorFactoryBean$1
2023-03-06 19:55:58,002 DEBUG [main][AbstractConfigurationImpl.java:217] - Setting custom ParameterNameProvider of type org.springframework.validation.beanvalidation.LocalValidatorFactoryBean$1
2023-03-06 19:55:58,002 DEBUG [main][ValidationXmlParser.java:120] - Trying to load META-INF/validation.xml for XML based Validator configuration.
2023-03-06 19:55:58,002 DEBUG [main][ValidationXmlParser.java:120] - Trying to load META-INF/validation.xml for XML based Validator configuration.
2023-03-06 19:55:58,002 DEBUG [main][ResourceLoaderHelper.java:53] - Trying to load META-INF/validation.xml via user class loader
2023-03-06 19:55:58,002 DEBUG [main][ResourceLoaderHelper.java:53] - Trying to load META-INF/validation.xml via user class loader
2023-03-06 19:55:58,002 DEBUG [main][ResourceLoaderHelper.java:60] - Trying to load META-INF/validation.xml via TCCL
2023-03-06 19:55:58,002 DEBUG [main][ResourceLoaderHelper.java:60] - Trying to load META-INF/validation.xml via TCCL
2023-03-06 19:55:58,002 DEBUG [main][ResourceLoaderHelper.java:66] - Trying to load META-INF/validation.xml via Hibernate Validator's class loader
2023-03-06 19:55:58,002 DEBUG [main][ResourceLoaderHelper.java:66] - Trying to load META-INF/validation.xml via Hibernate Validator's class loader
2023-03-06 19:55:58,002 DEBUG [main][ValidationXmlParser.java:127] - No META-INF/validation.xml found. Using annotation based configuration only.
2023-03-06 19:55:58,002 DEBUG [main][ValidationXmlParser.java:127] - No META-INF/validation.xml found. Using annotation based configuration only.
2023-03-06 19:55:58,002 DEBUG [main][TraversableResolvers.java:60] - Cannot find javax.persistence.Persistence on classpath. Assuming non JPA 2 environment. All properties will per default be traversable.
2023-03-06 19:55:58,002 DEBUG [main][TraversableResolvers.java:60] - Cannot find javax.persistence.Persistence on classpath. Assuming non JPA 2 environment. All properties will per default be traversable.
2023-03-06 19:55:58,023 DEBUG [main][ValidatorFactoryConfigurationHelper.java:300] - HV000252: Using org.hibernate.validator.internal.engine.DefaultPropertyNodeNameProvider as property node name provider.
2023-03-06 19:55:58,023 DEBUG [main][ValidatorFactoryConfigurationHelper.java:300] - HV000252: Using org.hibernate.validator.internal.engine.DefaultPropertyNodeNameProvider as property node name provider.
2023-03-06 19:55:58,024 DEBUG [main][ValidatorFactoryConfigurationHelper.java:375] - HV000234: Using org.springframework.validation.beanvalidation.LocaleContextMessageInterpolator as ValidatorFactory-scoped message interpolator.
2023-03-06 19:55:58,024 DEBUG [main][ValidatorFactoryConfigurationHelper.java:375] - HV000234: Using org.springframework.validation.beanvalidation.LocaleContextMessageInterpolator as ValidatorFactory-scoped message interpolator.
2023-03-06 19:55:58,024 DEBUG [main][ValidatorFactoryConfigurationHelper.java:376] - HV000234: Using org.hibernate.validator.internal.engine.resolver.TraverseAllTraversableResolver as ValidatorFactory-scoped traversable resolver.
2023-03-06 19:55:58,024 DEBUG [main][ValidatorFactoryConfigurationHelper.java:376] - HV000234: Using org.hibernate.validator.internal.engine.resolver.TraverseAllTraversableResolver as ValidatorFactory-scoped traversable resolver.
2023-03-06 19:55:58,024 DEBUG [main][ValidatorFactoryConfigurationHelper.java:377] - HV000234: Using org.hibernate.validator.internal.util.ExecutableParameterNameProvider as ValidatorFactory-scoped parameter name provider.
2023-03-06 19:55:58,024 DEBUG [main][ValidatorFactoryConfigurationHelper.java:377] - HV000234: Using org.hibernate.validator.internal.util.ExecutableParameterNameProvider as ValidatorFactory-scoped parameter name provider.
2023-03-06 19:55:58,025 DEBUG [main][ValidatorFactoryConfigurationHelper.java:378] - HV000234: Using org.hibernate.validator.internal.engine.DefaultClockProvider as ValidatorFactory-scoped clock provider.
2023-03-06 19:55:58,025 DEBUG [main][ValidatorFactoryConfigurationHelper.java:378] - HV000234: Using org.hibernate.validator.internal.engine.DefaultClockProvider as ValidatorFactory-scoped clock provider.
2023-03-06 19:55:58,025 DEBUG [main][ValidatorFactoryConfigurationHelper.java:379] - HV000234: Using org.hibernate.validator.internal.engine.scripting.DefaultScriptEvaluatorFactory as ValidatorFactory-scoped script evaluator factory.
2023-03-06 19:55:58,025 DEBUG [main][ValidatorFactoryConfigurationHelper.java:379] - HV000234: Using org.hibernate.validator.internal.engine.scripting.DefaultScriptEvaluatorFactory as ValidatorFactory-scoped script evaluator factory.
2023-03-06 19:55:58,334 INFO [main][ExecutorConfigurationSupport.java:181] - Initializing ExecutorService 'applicationTaskExecutor'
2023-03-06 19:55:58,334 INFO [main][ExecutorConfigurationSupport.java:181] - Initializing ExecutorService 'applicationTaskExecutor'
2023-03-06 19:56:00,607 INFO [main][InetUtils.java:170] - Cannot determine local hostname
2023-03-06 19:56:00,607 INFO [main][InetUtils.java:170] - Cannot determine local hostname
2023-03-06 19:56:00,619 INFO [main][ExecutorConfigurationSupport.java:181] - Initializing ExecutorService 'Nacos-Watch-Task-Scheduler'
2023-03-06 19:56:00,619 INFO [main][ExecutorConfigurationSupport.java:181] - Initializing ExecutorService 'Nacos-Watch-Task-Scheduler'
2023-03-06 19:56:02,862 INFO [main][InetUtils.java:170] - Cannot determine local hostname
2023-03-06 19:56:02,862 INFO [main][InetUtils.java:170] - Cannot determine local hostname
2023-03-06 19:56:03,034 DEBUG [main][MybatisConfiguration.java:128] - addMappedStatement: com.xuecheng.content.mapper.CoursePublishMapper.insert
2023-03-06 19:56:03,034 DEBUG [main][MybatisConfiguration.java:128] - addMappedStatement: com.xuecheng.content.mapper.CoursePublishMapper.insert
2023-03-06 19:56:03,036 DEBUG [main][MybatisConfiguration.java:128] - addMappedStatement: com.xuecheng.content.mapper.CoursePublishMapper.delete
2023-03-06 19:56:03,036 DEBUG [main][MybatisConfiguration.java:128] - addMappedStatement: com.xuecheng.content.mapper.CoursePublishMapper.delete
2023-03-06 19:56:03,037 DEBUG [main][MybatisConfiguration.java:128] - addMappedStatement: com.xuecheng.content.mapper.CoursePublishMapper.deleteByMap
2023-03-06 19:56:03,037 DEBUG [main][MybatisConfiguration.java:128] - addMappedStatement: com.xuecheng.content.mapper.CoursePublishMapper.deleteByMap
2023-03-06 19:56:03,038 DEBUG [main][MybatisConfiguration.java:128] - addMappedStatement: com.xuecheng.content.mapper.CoursePublishMapper.deleteById
2023-03-06 19:56:03,038 DEBUG [main][MybatisConfiguration.java:128] - addMappedStatement: com.xuecheng.content.mapper.CoursePublishMapper.deleteById
2023-03-06 19:56:03,039 DEBUG [main][MybatisConfiguration.java:128] - addMappedStatement: com.xuecheng.content.mapper.CoursePublishMapper.deleteBatchIds
2023-03-06 19:56:03,039 DEBUG [main][MybatisConfiguration.java:128] - addMappedStatement: com.xuecheng.content.mapper.CoursePublishMapper.deleteBatchIds
2023-03-06 19:56:03,043 DEBUG [main][MybatisConfiguration.java:128] - addMappedStatement: com.xuecheng.content.mapper.CoursePublishMapper.update
2023-03-06 19:56:03,043 DEBUG [main][MybatisConfiguration.java:128] - addMappedStatement: com.xuecheng.content.mapper.CoursePublishMapper.update
2023-03-06 19:56:03,045 DEBUG [main][MybatisConfiguration.java:128] - addMappedStatement: com.xuecheng.content.mapper.CoursePublishMapper.updateById
2023-03-06 19:56:03,045 DEBUG [main][MybatisConfiguration.java:128] - addMappedStatement: com.xuecheng.content.mapper.CoursePublishMapper.updateById
2023-03-06 19:56:03,046 DEBUG [main][MybatisConfiguration.java:128] - addMappedStatement: com.xuecheng.content.mapper.CoursePublishMapper.selectById
2023-03-06 19:56:03,046 DEBUG [main][MybatisConfiguration.java:128] - addMappedStatement: com.xuecheng.content.mapper.CoursePublishMapper.selectById
2023-03-06 19:56:03,048 DEBUG [main][MybatisConfiguration.java:128] - addMappedStatement: com.xuecheng.content.mapper.CoursePublishMapper.selectBatchIds
2023-03-06 19:56:03,048 DEBUG [main][MybatisConfiguration.java:128] - addMappedStatement: com.xuecheng.content.mapper.CoursePublishMapper.selectBatchIds
2023-03-06 19:56:03,049 DEBUG [main][MybatisConfiguration.java:128] - addMappedStatement: com.xuecheng.content.mapper.CoursePublishMapper.selectByMap
2023-03-06 19:56:03,049 DEBUG [main][MybatisConfiguration.java:128] - addMappedStatement: com.xuecheng.content.mapper.CoursePublishMapper.selectByMap
2023-03-06 19:56:03,050 DEBUG [main][MybatisConfiguration.java:128] - addMappedStatement: com.xuecheng.content.mapper.CoursePublishMapper.selectOne
2023-03-06 19:56:03,050 DEBUG [main][MybatisConfiguration.java:128] - addMappedStatement: com.xuecheng.content.mapper.CoursePublishMapper.selectOne
2023-03-06 19:56:03,052 DEBUG [main][MybatisConfiguration.java:128] - addMappedStatement: com.xuecheng.content.mapper.CoursePublishMapper.selectCount
2023-03-06 19:56:03,052 DEBUG [main][MybatisConfiguration.java:128] - addMappedStatement: com.xuecheng.content.mapper.CoursePublishMapper.selectCount
2023-03-06 19:56:03,054 DEBUG [main][MybatisConfiguration.java:128] - addMappedStatement: com.xuecheng.content.mapper.CoursePublishMapper.selectMaps
2023-03-06 19:56:03,054 DEBUG [main][MybatisConfiguration.java:128] - addMappedStatement: com.xuecheng.content.mapper.CoursePublishMapper.selectMaps
2023-03-06 19:56:03,055 DEBUG [main][MybatisConfiguration.java:128] - addMappedStatement: com.xuecheng.content.mapper.CoursePublishMapper.selectMapsPage
2023-03-06 19:56:03,055 DEBUG [main][MybatisConfiguration.java:128] - addMappedStatement: com.xuecheng.content.mapper.CoursePublishMapper.selectMapsPage
2023-03-06 19:56:03,056 DEBUG [main][MybatisConfiguration.java:128] - addMappedStatement: com.xuecheng.content.mapper.CoursePublishMapper.selectObjs
2023-03-06 19:56:03,056 DEBUG [main][MybatisConfiguration.java:128] - addMappedStatement: com.xuecheng.content.mapper.CoursePublishMapper.selectObjs
2023-03-06 19:56:03,063 DEBUG [main][MybatisConfiguration.java:128] - addMappedStatement: com.xuecheng.content.mapper.CoursePublishMapper.selectList
2023-03-06 19:56:03,063 DEBUG [main][MybatisConfiguration.java:128] - addMappedStatement: com.xuecheng.content.mapper.CoursePublishMapper.selectList
2023-03-06 19:56:03,065 DEBUG [main][MybatisConfiguration.java:128] - addMappedStatement: com.xuecheng.content.mapper.CoursePublishMapper.selectPage
2023-03-06 19:56:03,065 DEBUG [main][MybatisConfiguration.java:128] - addMappedStatement: com.xuecheng.content.mapper.CoursePublishMapper.selectPage
2023-03-06 19:56:03,070 DEBUG [main][MybatisConfiguration.java:128] - addMappedStatement: com.xuecheng.content.mapper.MqMessageHistoryMapper.insert
2023-03-06 19:56:03,070 DEBUG [main][MybatisConfiguration.java:128] - addMappedStatement: com.xuecheng.content.mapper.MqMessageHistoryMapper.insert
2023-03-06 19:56:03,072 DEBUG [main][MybatisConfiguration.java:128] - addMappedStatement: com.xuecheng.content.mapper.MqMessageHistoryMapper.delete
2023-03-06 19:56:03,072 DEBUG [main][MybatisConfiguration.java:128] - addMappedStatement: com.xuecheng.content.mapper.MqMessageHistoryMapper.delete
2023-03-06 19:56:03,076 DEBUG [main][MybatisConfiguration.java:128] - addMappedStatement: com.xuecheng.content.mapper.MqMessageHistoryMapper.deleteByMap
2023-03-06 19:56:03,076 DEBUG [main][MybatisConfiguration.java:128] - addMappedStatement: com.xuecheng.content.mapper.MqMessageHistoryMapper.deleteByMap
2023-03-06 19:56:03,076 DEBUG [main][MybatisConfiguration.java:128] - addMappedStatement: com.xuecheng.content.mapper.MqMessageHistoryMapper.deleteById
2023-03-06 19:56:03,076 DEBUG [main][MybatisConfiguration.java:128] - addMappedStatement: com.xuecheng.content.mapper.MqMessageHistoryMapper.deleteById
2023-03-06 19:56:03,076 DEBUG [main][MybatisConfiguration.java:128] - addMappedStatement: com.xuecheng.content.mapper.MqMessageHistoryMapper.deleteBatchIds
2023-03-06 19:56:03,076 DEBUG [main][MybatisConfiguration.java:128] - addMappedStatement: com.xuecheng.content.mapper.MqMessageHistoryMapper.deleteBatchIds
2023-03-06 19:56:03,082 DEBUG [main][MybatisConfiguration.java:128] - addMappedStatement: com.xuecheng.content.mapper.MqMessageHistoryMapper.update
2023-03-06 19:56:03,082 DEBUG [main][MybatisConfiguration.java:128] - addMappedStatement: com.xuecheng.content.mapper.MqMessageHistoryMapper.update
2023-03-06 19:56:03,082 DEBUG [main][MybatisConfiguration.java:128] - addMappedStatement: com.xuecheng.content.mapper.MqMessageHistoryMapper.updateById
2023-03-06 19:56:03,082 DEBUG [main][MybatisConfiguration.java:128] - addMappedStatement: com.xuecheng.content.mapper.MqMessageHistoryMapper.updateById
2023-03-06 19:56:03,082 DEBUG [main][MybatisConfiguration.java:128] - addMappedStatement: com.xuecheng.content.mapper.MqMessageHistoryMapper.selectById
2023-03-06 19:56:03,082 DEBUG [main][MybatisConfiguration.java:128] - addMappedStatement: com.xuecheng.content.mapper.MqMessageHistoryMapper.selectById
2023-03-06 19:56:03,082 DEBUG [main][MybatisConfiguration.java:128] - addMappedStatement: com.xuecheng.content.mapper.MqMessageHistoryMapper.selectBatchIds
2023-03-06 19:56:03,082 DEBUG [main][MybatisConfiguration.java:128] - addMappedStatement: com.xuecheng.content.mapper.MqMessageHistoryMapper.selectBatchIds
2023-03-06 19:56:03,082 DEBUG [main][MybatisConfiguration.java:128] - addMappedStatement: com.xuecheng.content.mapper.MqMessageHistoryMapper.selectByMap
2023-03-06 19:56:03,082 DEBUG [main][MybatisConfiguration.java:128] - addMappedStatement: com.xuecheng.content.mapper.MqMessageHistoryMapper.selectByMap
2023-03-06 19:56:03,082 DEBUG [main][MybatisConfiguration.java:128] - addMappedStatement: com.xuecheng.content.mapper.MqMessageHistoryMapper.selectOne
2023-03-06 19:56:03,082 DEBUG [main][MybatisConfiguration.java:128] - addMappedStatement: com.xuecheng.content.mapper.MqMessageHistoryMapper.selectOne
2023-03-06 19:56:03,082 DEBUG [main][MybatisConfiguration.java:128] - addMappedStatement: com.xuecheng.content.mapper.MqMessageHistoryMapper.selectCount
2023-03-06 19:56:03,082 DEBUG [main][MybatisConfiguration.java:128] - addMappedStatement: com.xuecheng.content.mapper.MqMessageHistoryMapper.selectCount
2023-03-06 19:56:03,082 DEBUG [main][MybatisConfiguration.java:128] - addMappedStatement: com.xuecheng.content.mapper.MqMessageHistoryMapper.selectMaps
2023-03-06 19:56:03,082 DEBUG [main][MybatisConfiguration.java:128] - addMappedStatement: com.xuecheng.content.mapper.MqMessageHistoryMapper.selectMaps
2023-03-06 19:56:03,095 DEBUG [main][MybatisConfiguration.java:128] - addMappedStatement: com.xuecheng.content.mapper.MqMessageHistoryMapper.selectMapsPage
2023-03-06 19:56:03,095 DEBUG [main][MybatisConfiguration.java:128] - addMappedStatement: com.xuecheng.content.mapper.MqMessageHistoryMapper.selectMapsPage
2023-03-06 19:56:03,099 DEBUG [main][MybatisConfiguration.java:128] - addMappedStatement: com.xuecheng.content.mapper.MqMessageHistoryMapper.selectObjs
2023-03-06 19:56:03,099 DEBUG [main][MybatisConfiguration.java:128] - addMappedStatement: com.xuecheng.content.mapper.MqMessageHistoryMapper.selectObjs
2023-03-06 19:56:03,102 DEBUG [main][MybatisConfiguration.java:128] - addMappedStatement: com.xuecheng.content.mapper.MqMessageHistoryMapper.selectList
2023-03-06 19:56:03,102 DEBUG [main][MybatisConfiguration.java:128] - addMappedStatement: com.xuecheng.content.mapper.MqMessageHistoryMapper.selectList
2023-03-06 19:56:03,106 DEBUG [main][MybatisConfiguration.java:128] - addMappedStatement: com.xuecheng.content.mapper.MqMessageHistoryMapper.selectPage
2023-03-06 19:56:03,106 DEBUG [main][MybatisConfiguration.java:128] - addMappedStatement: com.xuecheng.content.mapper.MqMessageHistoryMapper.selectPage
2023-03-06 19:56:03,122 DEBUG [main][MybatisConfiguration.java:128] - addMappedStatement: com.xuecheng.content.mapper.MqMessageMapper.insert
2023-03-06 19:56:03,122 DEBUG [main][MybatisConfiguration.java:128] - addMappedStatement: com.xuecheng.content.mapper.MqMessageMapper.insert
2023-03-06 19:56:03,129 DEBUG [main][MybatisConfiguration.java:128] - addMappedStatement: com.xuecheng.content.mapper.MqMessageMapper.delete
2023-03-06 19:56:03,129 DEBUG [main][MybatisConfiguration.java:128] - addMappedStatement: com.xuecheng.content.mapper.MqMessageMapper.delete
2023-03-06 19:56:03,132 DEBUG [main][MybatisConfiguration.java:128] - addMappedStatement: com.xuecheng.content.mapper.MqMessageMapper.deleteByMap
2023-03-06 19:56:03,132 DEBUG [main][MybatisConfiguration.java:128] - addMappedStatement: com.xuecheng.content.mapper.MqMessageMapper.deleteByMap
2023-03-06 19:56:03,134 DEBUG [main][MybatisConfiguration.java:128] - addMappedStatement: com.xuecheng.content.mapper.MqMessageMapper.deleteById
2023-03-06 19:56:03,134 DEBUG [main][MybatisConfiguration.java:128] - addMappedStatement: com.xuecheng.content.mapper.MqMessageMapper.deleteById
2023-03-06 19:56:03,136 DEBUG [main][MybatisConfiguration.java:128] - addMappedStatement: com.xuecheng.content.mapper.MqMessageMapper.deleteBatchIds
2023-03-06 19:56:03,136 DEBUG [main][MybatisConfiguration.java:128] - addMappedStatement: com.xuecheng.content.mapper.MqMessageMapper.deleteBatchIds
2023-03-06 19:56:03,139 DEBUG [main][MybatisConfiguration.java:128] - addMappedStatement: com.xuecheng.content.mapper.MqMessageMapper.update
2023-03-06 19:56:03,139 DEBUG [main][MybatisConfiguration.java:128] - addMappedStatement: com.xuecheng.content.mapper.MqMessageMapper.update
2023-03-06 19:56:03,146 DEBUG [main][MybatisConfiguration.java:128] - addMappedStatement: com.xuecheng.content.mapper.MqMessageMapper.updateById
2023-03-06 19:56:03,146 DEBUG [main][MybatisConfiguration.java:128] - addMappedStatement: com.xuecheng.content.mapper.MqMessageMapper.updateById
2023-03-06 19:56:03,147 DEBUG [main][MybatisConfiguration.java:128] - addMappedStatement: com.xuecheng.content.mapper.MqMessageMapper.selectById
2023-03-06 19:56:03,147 DEBUG [main][MybatisConfiguration.java:128] - addMappedStatement: com.xuecheng.content.mapper.MqMessageMapper.selectById
2023-03-06 19:56:03,148 DEBUG [main][MybatisConfiguration.java:128] - addMappedStatement: com.xuecheng.content.mapper.MqMessageMapper.selectBatchIds
2023-03-06 19:56:03,148 DEBUG [main][MybatisConfiguration.java:128] - addMappedStatement: com.xuecheng.content.mapper.MqMessageMapper.selectBatchIds
2023-03-06 19:56:03,149 DEBUG [main][MybatisConfiguration.java:128] - addMappedStatement: com.xuecheng.content.mapper.MqMessageMapper.selectByMap
2023-03-06 19:56:03,149 DEBUG [main][MybatisConfiguration.java:128] - addMappedStatement: com.xuecheng.content.mapper.MqMessageMapper.selectByMap
2023-03-06 19:56:03,151 DEBUG [main][MybatisConfiguration.java:128] - addMappedStatement: com.xuecheng.content.mapper.MqMessageMapper.selectOne
2023-03-06 19:56:03,151 DEBUG [main][MybatisConfiguration.java:128] - addMappedStatement: com.xuecheng.content.mapper.MqMessageMapper.selectOne
2023-03-06 19:56:03,152 DEBUG [main][MybatisConfiguration.java:128] - addMappedStatement: com.xuecheng.content.mapper.MqMessageMapper.selectCount
2023-03-06 19:56:03,152 DEBUG [main][MybatisConfiguration.java:128] - addMappedStatement: com.xuecheng.content.mapper.MqMessageMapper.selectCount
2023-03-06 19:56:03,154 DEBUG [main][MybatisConfiguration.java:128] - addMappedStatement: com.xuecheng.content.mapper.MqMessageMapper.selectMaps
2023-03-06 19:56:03,154 DEBUG [main][MybatisConfiguration.java:128] - addMappedStatement: com.xuecheng.content.mapper.MqMessageMapper.selectMaps
2023-03-06 19:56:03,156 DEBUG [main][MybatisConfiguration.java:128] - addMappedStatement: com.xuecheng.content.mapper.MqMessageMapper.selectMapsPage
2023-03-06 19:56:03,156 DEBUG [main][MybatisConfiguration.java:128] - addMappedStatement: com.xuecheng.content.mapper.MqMessageMapper.selectMapsPage
2023-03-06 19:56:03,160 DEBUG [main][MybatisConfiguration.java:128] - addMappedStatement: com.xuecheng.content.mapper.MqMessageMapper.selectObjs
2023-03-06 19:56:03,160 DEBUG [main][MybatisConfiguration.java:128] - addMappedStatement: com.xuecheng.content.mapper.MqMessageMapper.selectObjs
2023-03-06 19:56:03,163 DEBUG [main][MybatisConfiguration.java:128] - addMappedStatement: com.xuecheng.content.mapper.MqMessageMapper.selectList
2023-03-06 19:56:03,163 DEBUG [main][MybatisConfiguration.java:128] - addMappedStatement: com.xuecheng.content.mapper.MqMessageMapper.selectList
2023-03-06 19:56:03,166 DEBUG [main][MybatisConfiguration.java:128] - addMappedStatement: com.xuecheng.content.mapper.MqMessageMapper.selectPage
2023-03-06 19:56:03,166 DEBUG [main][MybatisConfiguration.java:128] - addMappedStatement: com.xuecheng.content.mapper.MqMessageMapper.selectPage
2023-03-06 19:56:03,267 INFO [main][InitUtils.java:65] - initializer namespace from System Property :null
2023-03-06 19:56:03,267 INFO [main][InitUtils.java:65] - initializer namespace from System Property :null
2023-03-06 19:56:03,267 INFO [main][InitUtils.java:74] - initializer namespace from System Environment :null
2023-03-06 19:56:03,267 INFO [main][InitUtils.java:74] - initializer namespace from System Environment :null
2023-03-06 19:56:03,267 INFO [main][InitUtils.java:84] - initializer namespace from System Property :null
2023-03-06 19:56:03,267 INFO [main][InitUtils.java:84] - initializer namespace from System Property :null
2023-03-06 19:56:03,271 DEBUG [main][NamingProxy.java:195] - server list provided by user: [39.105.221.68:8848]
2023-03-06 19:56:03,271 DEBUG [main][NamingProxy.java:195] - server list provided by user: [39.105.221.68:8848]
2023-03-06 19:56:03,272 DEBUG [com.alibaba.nacos.client.naming.updater][NamingProxy.java:195] - server list provided by user: [39.105.221.68:8848]
2023-03-06 19:56:03,272 DEBUG [com.alibaba.nacos.client.naming.updater][NamingProxy.java:195] - server list provided by user: [39.105.221.68:8848]
2023-03-06 19:56:03,275 DEBUG [com.alibaba.nacos.naming.failover][FailoverReactor.java:147] - failover switch is not found, failover00-00---000-VIPSRV_FAILOVER_SWITCH-000---00-00
2023-03-06 19:56:03,275 DEBUG [com.alibaba.nacos.naming.failover][FailoverReactor.java:147] - failover switch is not found, failover00-00---000-VIPSRV_FAILOVER_SWITCH-000---00-00
2023-03-06 19:56:03,282 DEBUG [main][HostReactor.java:306] - failover-mode: false
2023-03-06 19:56:03,282 DEBUG [main][HostReactor.java:306] - failover-mode: false
2023-03-06 19:56:03,295 DEBUG [main][NacosRestTemplate.java:476] - HTTP method: GET, url: http://39.105.221.68:8848/nacos/v1/ns/instance/list?app=unknown&healthyOnly=false&namespaceId=dev148&clientIP=192.168.101.1&serviceName=xuecheng-plus-project%40%40content-api&udpPort=55016&clusters=DEFAULT, body: {}
2023-03-06 19:56:03,295 DEBUG [main][NacosRestTemplate.java:476] - HTTP method: GET, url: http://39.105.221.68:8848/nacos/v1/ns/instance/list?app=unknown&healthyOnly=false&namespaceId=dev148&clientIP=192.168.101.1&serviceName=xuecheng-plus-project%40%40content-api&udpPort=55016&clusters=DEFAULT, body: {}
2023-03-06 19:56:03,428 INFO [main][DirectJDKLog.java:173] - Starting ProtocolHandler ["http-nio-63040"]
2023-03-06 19:56:03,428 INFO [main][DirectJDKLog.java:173] - Starting ProtocolHandler ["http-nio-63040"]
2023-03-06 19:56:03,455 INFO [main][TomcatWebServer.java:220] - Tomcat started on port(s): 63040 (http) with context path '/content'
2023-03-06 19:56:03,455 INFO [main][TomcatWebServer.java:220] - Tomcat started on port(s): 63040 (http) with context path '/content'
2023-03-06 19:56:03,463 INFO [main][BeatReactor.java:81] - [BEAT] adding beat: BeatInfo{port=63040, ip='192.168.101.1', weight=1.0, serviceName='xuecheng-plus-project@@content-api', cluster='DEFAULT', metadata={preserved.register.source=SPRING_CLOUD}, scheduled=false, period=5000, stopped=false} to beat map.
2023-03-06 19:56:03,463 INFO [main][BeatReactor.java:81] - [BEAT] adding beat: BeatInfo{port=63040, ip='192.168.101.1', weight=1.0, serviceName='xuecheng-plus-project@@content-api', cluster='DEFAULT', metadata={preserved.register.source=SPRING_CLOUD}, scheduled=false, period=5000, stopped=false} to beat map.
2023-03-06 19:56:03,464 INFO [main][NamingProxy.java:230] - [REGISTER-SERVICE] dev148 registering service xuecheng-plus-project@@content-api with instance: Instance{instanceId='null', ip='192.168.101.1', port=63040, weight=1.0, healthy=true, enabled=true, ephemeral=true, clusterName='DEFAULT', serviceName='null', metadata={preserved.register.source=SPRING_CLOUD}}
2023-03-06 19:56:03,464 INFO [main][NamingProxy.java:230] - [REGISTER-SERVICE] dev148 registering service xuecheng-plus-project@@content-api with instance: Instance{instanceId='null', ip='192.168.101.1', port=63040, weight=1.0, healthy=true, enabled=true, ephemeral=true, clusterName='DEFAULT', serviceName='null', metadata={preserved.register.source=SPRING_CLOUD}}
2023-03-06 19:56:03,465 DEBUG [main][NacosRestTemplate.java:476] - HTTP method: POST, url: http://39.105.221.68:8848/nacos/v1/ns/instance?app=unknown&groupName=xuecheng-plus-project&metadata=%7B%22preserved.register.source%22%3A%22SPRING_CLOUD%22%7D&namespaceId=dev148&port=63040&enable=true&healthy=true&clusterName=DEFAULT&ip=192.168.101.1&weight=1.0&ephemeral=true&serviceName=xuecheng-plus-project%40%40content-api, body: {}
2023-03-06 19:56:03,465 DEBUG [main][NacosRestTemplate.java:476] - HTTP method: POST, url: http://39.105.221.68:8848/nacos/v1/ns/instance?app=unknown&groupName=xuecheng-plus-project&metadata=%7B%22preserved.register.source%22%3A%22SPRING_CLOUD%22%7D&namespaceId=dev148&port=63040&enable=true&healthy=true&clusterName=DEFAULT&ip=192.168.101.1&weight=1.0&ephemeral=true&serviceName=xuecheng-plus-project%40%40content-api, body: {}
2023-03-06 19:56:03,493 INFO [main][NacosServiceRegistry.java:75] - nacos registry, xuecheng-plus-project content-api 192.168.101.1:63040 register finished
2023-03-06 19:56:03,493 INFO [main][NacosServiceRegistry.java:75] - nacos registry, xuecheng-plus-project content-api 192.168.101.1:63040 register finished
2023-03-06 19:56:04,439 DEBUG [com.alibaba.nacos.client.naming.updater][NacosRestTemplate.java:476] - HTTP method: GET, url: http://39.105.221.68:8848/nacos/v1/ns/instance/list?app=unknown&healthyOnly=false&namespaceId=dev148&clientIP=192.168.101.1&serviceName=xuecheng-plus-project%40%40content-api&udpPort=55016&clusters=DEFAULT, body: {}
2023-03-06 19:56:04,439 DEBUG [com.alibaba.nacos.client.naming.updater][NacosRestTemplate.java:476] - HTTP method: GET, url: http://39.105.221.68:8848/nacos/v1/ns/instance/list?app=unknown&healthyOnly=false&namespaceId=dev148&clientIP=192.168.101.1&serviceName=xuecheng-plus-project%40%40content-api&udpPort=55016&clusters=DEFAULT, body: {}
2023-03-06 19:56:04,487 INFO [com.alibaba.nacos.client.naming.updater][HostReactor.java:232] - new ips(1) service: xuecheng-plus-project@@content-api@@DEFAULT -> [{"instanceId":"192.168.101.1#63040#DEFAULT#xuecheng-plus-project@@content-api","ip":"192.168.101.1","port":63040,"weight":1.0,"healthy":true,"enabled":true,"ephemeral":true,"clusterName":"DEFAULT","serviceName":"xuecheng-plus-project@@content-api","metadata":{"preserved.register.source":"SPRING_CLOUD"},"ipDeleteTimeout":30000,"instanceHeartBeatInterval":5000,"instanceHeartBeatTimeOut":15000}]
2023-03-06 19:56:04,487 INFO [com.alibaba.nacos.client.naming.updater][HostReactor.java:232] - new ips(1) service: xuecheng-plus-project@@content-api@@DEFAULT -> [{"instanceId":"192.168.101.1#63040#DEFAULT#xuecheng-plus-project@@content-api","ip":"192.168.101.1","port":63040,"weight":1.0,"healthy":true,"enabled":true,"ephemeral":true,"clusterName":"DEFAULT","serviceName":"xuecheng-plus-project@@content-api","metadata":{"preserved.register.source":"SPRING_CLOUD"},"ipDeleteTimeout":30000,"instanceHeartBeatInterval":5000,"instanceHeartBeatTimeOut":15000}]
2023-03-06 19:56:04,490 DEBUG [nacos.publisher-com.alibaba.nacos.client.naming.event.InstancesChangeEvent][DefaultPublisher.java:193] - [NotifyCenter] the com.alibaba.nacos.client.naming.event.InstancesChangeEvent@72291478 will received by com.alibaba.nacos.client.naming.event.InstancesChangeNotifier@6ddc67d0
2023-03-06 19:56:04,490 DEBUG [nacos.publisher-com.alibaba.nacos.client.naming.event.InstancesChangeEvent][DefaultPublisher.java:193] - [NotifyCenter] the com.alibaba.nacos.client.naming.event.InstancesChangeEvent@72291478 will received by com.alibaba.nacos.client.naming.event.InstancesChangeNotifier@6ddc67d0
2023-03-06 19:56:04,497 INFO [com.alibaba.nacos.client.naming.updater][HostReactor.java:271] - current ips:(1) service: xuecheng-plus-project@@content-api@@DEFAULT -> [{"instanceId":"192.168.101.1#63040#DEFAULT#xuecheng-plus-project@@content-api","ip":"192.168.101.1","port":63040,"weight":1.0,"healthy":true,"enabled":true,"ephemeral":true,"clusterName":"DEFAULT","serviceName":"xuecheng-plus-project@@content-api","metadata":{"preserved.register.source":"SPRING_CLOUD"},"ipDeleteTimeout":30000,"instanceHeartBeatInterval":5000,"instanceHeartBeatTimeOut":15000}]
2023-03-06 19:56:04,497 INFO [com.alibaba.nacos.client.naming.updater][HostReactor.java:271] - current ips:(1) service: xuecheng-plus-project@@content-api@@DEFAULT -> [{"instanceId":"192.168.101.1#63040#DEFAULT#xuecheng-plus-project@@content-api","ip":"192.168.101.1","port":63040,"weight":1.0,"healthy":true,"enabled":true,"ephemeral":true,"clusterName":"DEFAULT","serviceName":"xuecheng-plus-project@@content-api","metadata":{"preserved.register.source":"SPRING_CLOUD"},"ipDeleteTimeout":30000,"instanceHeartBeatInterval":5000,"instanceHeartBeatTimeOut":15000}]
2023-03-06 19:56:05,518 INFO [main][InetUtils.java:170] - Cannot determine local hostname
2023-03-06 19:56:05,518 INFO [main][InetUtils.java:170] - Cannot determine local hostname
2023-03-06 19:56:05,518 INFO [main][DocumentationPluginsBootstrapper.java:160] - Context refreshed
2023-03-06 19:56:05,518 INFO [main][DocumentationPluginsBootstrapper.java:160] - Context refreshed
2023-03-06 19:56:05,532 INFO [main][DocumentationPluginsBootstrapper.java:163] - Found 1 custom documentation plugin(s)
2023-03-06 19:56:05,532 INFO [main][DocumentationPluginsBootstrapper.java:163] - Found 1 custom documentation plugin(s)
2023-03-06 19:56:05,592 INFO [main][ApiListingReferenceScanner.java:41] - Scanning for api listing references
2023-03-06 19:56:05,592 INFO [main][ApiListingReferenceScanner.java:41] - Scanning for api listing references
2023-03-06 19:56:05,884 INFO [main][StartupInfoLogger.java:61] - Started ContentApiApplication in 20.977 seconds (JVM running for 25.811)
2023-03-06 19:56:05,884 INFO [main][StartupInfoLogger.java:61] - Started ContentApiApplication in 20.977 seconds (JVM running for 25.811)
2023-03-06 19:56:05,889 INFO [main][ClientWorker.java:169] - [fixed-39.105.221.68_8848-dev148] [subscribe] swagger-dev.yaml+xuecheng-plus-common+dev148
2023-03-06 19:56:05,889 INFO [main][ClientWorker.java:169] - [fixed-39.105.221.68_8848-dev148] [subscribe] swagger-dev.yaml+xuecheng-plus-common+dev148
2023-03-06 19:56:05,892 INFO [main][CacheData.java:92] - [fixed-39.105.221.68_8848-dev148] [add-listener] ok, tenant=dev148, dataId=swagger-dev.yaml, group=xuecheng-plus-common, cnt=1
2023-03-06 19:56:05,892 INFO [main][CacheData.java:92] - [fixed-39.105.221.68_8848-dev148] [add-listener] ok, tenant=dev148, dataId=swagger-dev.yaml, group=xuecheng-plus-common, cnt=1
2023-03-06 19:56:05,892 INFO [main][ClientWorker.java:169] - [fixed-39.105.221.68_8848-dev148] [subscribe] freemarker-config-dev.yaml+xuecheng-plus-common+dev148
2023-03-06 19:56:05,892 INFO [main][ClientWorker.java:169] - [fixed-39.105.221.68_8848-dev148] [subscribe] freemarker-config-dev.yaml+xuecheng-plus-common+dev148
2023-03-06 19:56:05,892 INFO [main][CacheData.java:92] - [fixed-39.105.221.68_8848-dev148] [add-listener] ok, tenant=dev148, dataId=freemarker-config-dev.yaml, group=xuecheng-plus-common, cnt=1
2023-03-06 19:56:05,892 INFO [main][CacheData.java:92] - [fixed-39.105.221.68_8848-dev148] [add-listener] ok, tenant=dev148, dataId=freemarker-config-dev.yaml, group=xuecheng-plus-common, cnt=1
2023-03-06 19:56:05,892 INFO [main][ClientWorker.java:169] - [fixed-39.105.221.68_8848-dev148] [subscribe] content-api.yaml+xuecheng-plus-project+dev148
2023-03-06 19:56:05,892 INFO [main][ClientWorker.java:169] - [fixed-39.105.221.68_8848-dev148] [subscribe] content-api.yaml+xuecheng-plus-project+dev148
2023-03-06 19:56:05,892 INFO [main][CacheData.java:92] - [fixed-39.105.221.68_8848-dev148] [add-listener] ok, tenant=dev148, dataId=content-api.yaml, group=xuecheng-plus-project, cnt=1
2023-03-06 19:56:05,892 INFO [main][CacheData.java:92] - [fixed-39.105.221.68_8848-dev148] [add-listener] ok, tenant=dev148, dataId=content-api.yaml, group=xuecheng-plus-project, cnt=1
2023-03-06 19:56:05,892 INFO [main][ClientWorker.java:169] - [fixed-39.105.221.68_8848-dev148] [subscribe] content-service-dev.yaml+xuecheng-plus-project+dev148
2023-03-06 19:56:05,892 INFO [main][ClientWorker.java:169] - [fixed-39.105.221.68_8848-dev148] [subscribe] content-service-dev.yaml+xuecheng-plus-project+dev148
2023-03-06 19:56:05,892 INFO [main][CacheData.java:92] - [fixed-39.105.221.68_8848-dev148] [add-listener] ok, tenant=dev148, dataId=content-service-dev.yaml, group=xuecheng-plus-project, cnt=1
2023-03-06 19:56:05,892 INFO [main][CacheData.java:92] - [fixed-39.105.221.68_8848-dev148] [add-listener] ok, tenant=dev148, dataId=content-service-dev.yaml, group=xuecheng-plus-project, cnt=1
2023-03-06 19:56:05,892 INFO [main][ClientWorker.java:169] - [fixed-39.105.221.68_8848-dev148] [subscribe] content-api+xuecheng-plus-project+dev148
2023-03-06 19:56:05,892 INFO [main][ClientWorker.java:169] - [fixed-39.105.221.68_8848-dev148] [subscribe] content-api+xuecheng-plus-project+dev148
2023-03-06 19:56:05,892 INFO [main][CacheData.java:92] - [fixed-39.105.221.68_8848-dev148] [add-listener] ok, tenant=dev148, dataId=content-api, group=xuecheng-plus-project, cnt=1
2023-03-06 19:56:05,892 INFO [main][CacheData.java:92] - [fixed-39.105.221.68_8848-dev148] [add-listener] ok, tenant=dev148, dataId=content-api, group=xuecheng-plus-project, cnt=1
2023-03-06 19:56:05,892 INFO [main][ClientWorker.java:169] - [fixed-39.105.221.68_8848-dev148] [subscribe] logging-dev.yaml+xuecheng-plus-common+dev148
2023-03-06 19:56:05,892 INFO [main][ClientWorker.java:169] - [fixed-39.105.221.68_8848-dev148] [subscribe] logging-dev.yaml+xuecheng-plus-common+dev148
2023-03-06 19:56:05,892 INFO [main][CacheData.java:92] - [fixed-39.105.221.68_8848-dev148] [add-listener] ok, tenant=dev148, dataId=logging-dev.yaml, group=xuecheng-plus-common, cnt=1
2023-03-06 19:56:05,892 INFO [main][CacheData.java:92] - [fixed-39.105.221.68_8848-dev148] [add-listener] ok, tenant=dev148, dataId=logging-dev.yaml, group=xuecheng-plus-common, cnt=1
2023-03-06 19:56:05,892 INFO [main][ClientWorker.java:169] - [fixed-39.105.221.68_8848-dev148] [subscribe] content-api-dev.yaml+xuecheng-plus-project+dev148
2023-03-06 19:56:05,892 INFO [main][ClientWorker.java:169] - [fixed-39.105.221.68_8848-dev148] [subscribe] content-api-dev.yaml+xuecheng-plus-project+dev148
2023-03-06 19:56:05,892 INFO [main][CacheData.java:92] - [fixed-39.105.221.68_8848-dev148] [add-listener] ok, tenant=dev148, dataId=content-api-dev.yaml, group=xuecheng-plus-project, cnt=1
2023-03-06 19:56:05,892 INFO [main][CacheData.java:92] - [fixed-39.105.221.68_8848-dev148] [add-listener] ok, tenant=dev148, dataId=content-api-dev.yaml, group=xuecheng-plus-project, cnt=1
2023-03-06 19:56:05,913 DEBUG [com.alibaba.nacos.client.Worker.longPolling.fixed-39.105.221.68_8848-dev148][NacosRestTemplate.java:476] - HTTP method: POST, url: http://39.105.221.68:8848/nacos/v1/cs/configs/listener, body: {Listening-Configs=swagger-dev.yamlxuecheng-plus-commond1ed4a52ae4a1d92f8aa9a7fe96c5a4cdev148content-api-dev.yamlxuecheng-plus-projecte87d577dafef16a0ae6f97784729d30cdev148content-api.yamlxuecheng-plus-projectdev148content-service-dev.yamlxuecheng-plus-project575fe2ff25b996bd5d904b656afff3ffdev148logging-dev.yamlxuecheng-plus-commoncf8b1af28beb25b242f97519c8f2c560dev148freemarker-config-dev.yamlxuecheng-plus-common8e97657f299e4a1a6158e8ebf4894e51dev148content-apixuecheng-plus-projectdev148, tenant=dev148}
2023-03-06 19:56:05,913 DEBUG [com.alibaba.nacos.client.Worker.longPolling.fixed-39.105.221.68_8848-dev148][NacosRestTemplate.java:476] - HTTP method: POST, url: http://39.105.221.68:8848/nacos/v1/cs/configs/listener, body: {Listening-Configs=swagger-dev.yamlxuecheng-plus-commond1ed4a52ae4a1d92f8aa9a7fe96c5a4cdev148content-api-dev.yamlxuecheng-plus-projecte87d577dafef16a0ae6f97784729d30cdev148content-api.yamlxuecheng-plus-projectdev148content-service-dev.yamlxuecheng-plus-project575fe2ff25b996bd5d904b656afff3ffdev148logging-dev.yamlxuecheng-plus-commoncf8b1af28beb25b242f97519c8f2c560dev148freemarker-config-dev.yamlxuecheng-plus-common8e97657f299e4a1a6158e8ebf4894e51dev148content-apixuecheng-plus-projectdev148, tenant=dev148}
2023-03-06 19:56:05,914 DEBUG [com.alibaba.nacos.client.Worker.longPolling.fixed-39.105.221.68_8848-dev148][NacosRestTemplate.java:494] - Execute via interceptors :[com.alibaba.nacos.client.config.impl.ConfigHttpClientManager$LimiterHttpClientRequestInterceptor@5eafc305]
2023-03-06 19:56:05,914 DEBUG [com.alibaba.nacos.client.Worker.longPolling.fixed-39.105.221.68_8848-dev148][NacosRestTemplate.java:494] - Execute via interceptors :[com.alibaba.nacos.client.config.impl.ConfigHttpClientManager$LimiterHttpClientRequestInterceptor@5eafc305]
2023-03-06 19:56:05,951 DEBUG [com.alibaba.nacos.client.Worker.longPolling.fixed-39.105.221.68_8848-dev148][NacosRestTemplate.java:476] - HTTP method: POST, url: http://39.105.221.68:8848/nacos/v1/cs/configs/listener, body: {Listening-Configs=swagger-dev.yamlxuecheng-plus-commond1ed4a52ae4a1d92f8aa9a7fe96c5a4cdev148content-api-dev.yamlxuecheng-plus-projecte87d577dafef16a0ae6f97784729d30cdev148content-api.yamlxuecheng-plus-projectdev148content-service-dev.yamlxuecheng-plus-project575fe2ff25b996bd5d904b656afff3ffdev148logging-dev.yamlxuecheng-plus-commoncf8b1af28beb25b242f97519c8f2c560dev148freemarker-config-dev.yamlxuecheng-plus-common8e97657f299e4a1a6158e8ebf4894e51dev148content-apixuecheng-plus-projectdev148, tenant=dev148}
2023-03-06 19:56:05,951 DEBUG [com.alibaba.nacos.client.Worker.longPolling.fixed-39.105.221.68_8848-dev148][NacosRestTemplate.java:476] - HTTP method: POST, url: http://39.105.221.68:8848/nacos/v1/cs/configs/listener, body: {Listening-Configs=swagger-dev.yamlxuecheng-plus-commond1ed4a52ae4a1d92f8aa9a7fe96c5a4cdev148content-api-dev.yamlxuecheng-plus-projecte87d577dafef16a0ae6f97784729d30cdev148content-api.yamlxuecheng-plus-projectdev148content-service-dev.yamlxuecheng-plus-project575fe2ff25b996bd5d904b656afff3ffdev148logging-dev.yamlxuecheng-plus-commoncf8b1af28beb25b242f97519c8f2c560dev148freemarker-config-dev.yamlxuecheng-plus-common8e97657f299e4a1a6158e8ebf4894e51dev148content-apixuecheng-plus-projectdev148, tenant=dev148}
2023-03-06 19:56:05,951 DEBUG [com.alibaba.nacos.client.Worker.longPolling.fixed-39.105.221.68_8848-dev148][NacosRestTemplate.java:494] - Execute via interceptors :[com.alibaba.nacos.client.config.impl.ConfigHttpClientManager$LimiterHttpClientRequestInterceptor@5eafc305]
2023-03-06 19:56:05,951 DEBUG [com.alibaba.nacos.client.Worker.longPolling.fixed-39.105.221.68_8848-dev148][NacosRestTemplate.java:494] - Execute via interceptors :[com.alibaba.nacos.client.config.impl.ConfigHttpClientManager$LimiterHttpClientRequestInterceptor@5eafc305]
